#
# There is insufficient memory for the Java Runtime Environment to continue.
# Native memory allocation (malloc) failed to allocate 1936272 bytes for Chunk::new
# Possible reasons:
#   The system is out of physical RAM or swap space
#   In 32 bit mode, the process size limit was hit
# Possible solutions:
#   Reduce memory load on the system
#   Increase physical memory or swap space
#   Check if swap backing store is full
#   Use 64 bit Java on a 64 bit OS
#   Decrease Java heap size (-Xmx/-Xms)
#   Decrease number of Java threads
#   Decrease Java thread stack sizes (-Xss)
#   Set larger code cache with -XX:ReservedCodeCacheSize=
# This output file may be truncated or incomplete.
#
#  Out of Memory Error (allocation.cpp:390), pid=3180, tid=0x00000000000020fc
#
# JRE version: Java(TM) SE Runtime Environment (8.0_101-b13) (build 1.8.0_101-b13)
# Java VM: Java HotSpot(TM) 64-Bit Server VM (25.101-b13 mixed mode windows-amd64 compressed oops)
# Failed to write core dump. Minidumps are not enabled by default on client versions of Windows
#

---------------  T H R E A D  ---------------

Current thread (0x0000000014f41800):  JavaThread "C2 CompilerThread0" daemon [_thread_in_native, id=8444, stack(0x0000000016580000,0x0000000016680000)]

Stack: [0x0000000016580000,0x0000000016680000]
[error occurred during error reporting (printing stack bounds), id 0xc0000005]

Native frames: (J=compiled Java code, j=interpreted, Vv=VM code, C=native code)


Current CompileTask:
C2:  39214 6680   !   4       java.net.URLClassLoader$1::run (63 bytes)


---------------  P R O C E S S  ---------------

Java Threads: ( => current thread )
  0x000000001a0b4000 JavaThread "File lock request listener" [_thread_in_native, id=6840, stack(0x000000001bcb0000,0x000000001bdb0000)]
  0x00000000167a2000 JavaThread "Stdin handler" [_thread_blocked, id=5116, stack(0x0000000019610000,0x0000000019710000)]
  0x00000000167a1800 JavaThread "Asynchronous log dispatcher for org.gradle.launcher.daemon.server.DefaultDaemonConnection@197429d9" [_thread_blocked, id=3576, stack(0x0000000019510000,0x0000000019610000)]
  0x0000000017d0e000 JavaThread "Daemon worker" [_thread_in_native, id=6948, stack(0x0000000019210000,0x0000000019310000)]
  0x0000000017f40000 JavaThread "Cancel handler" [_thread_blocked, id=8756, stack(0x0000000019110000,0x0000000019210000)]
  0x0000000017b8b000 JavaThread "Handler for socket connection from /127.0.0.1:23162 to /127.0.0.1:23163" [_thread_in_native, id=6884, stack(0x0000000019010000,0x0000000019110000)]
  0x0000000017cef800 JavaThread "Daemon" [_thread_blocked, id=1616, stack(0x0000000018f10000,0x0000000019010000)]
  0x0000000017c80800 JavaThread "Incoming local TCP Connector on port 23162" [_thread_in_native, id=5212, stack(0x0000000018b30000,0x0000000018c30000)]
  0x0000000017b3e800 JavaThread "pool-1-thread-1" [_thread_blocked, id=7320, stack(0x0000000017680000,0x0000000017780000)]
  0x0000000016789000 JavaThread "Service Thread" daemon [_thread_blocked, id=5632, stack(0x0000000016c80000,0x0000000016d80000)]
  0x0000000016788800 JavaThread "C1 CompilerThread2" daemon [_thread_blocked, id=7648, stack(0x0000000016b80000,0x0000000016c80000)]
  0x0000000014f45000 JavaThread "C2 CompilerThread1" daemon [_thread_blocked, id=8964, stack(0x0000000016680000,0x0000000016780000)]
=>0x0000000014f41800 JavaThread "C2 CompilerThread0" daemon [_thread_in_native, id=8444, stack(0x0000000016580000,0x0000000016680000)]
  0x0000000014f40800 JavaThread "Attach Listener" daemon [_thread_blocked, id=7416, stack(0x0000000016480000,0x0000000016580000)]
  0x0000000014f3b000 JavaThread "Signal Dispatcher" daemon [_thread_blocked, id=5840, stack(0x0000000016380000,0x0000000016480000)]
  0x000000000286d000 JavaThread "Finalizer" daemon [_thread_blocked, id=4216, stack(0x00000000161a0000,0x00000000162a0000)]
  0x0000000002861000 JavaThread "Reference Handler" daemon [_thread_blocked, id=6512, stack(0x00000000160a0000,0x00000000161a0000)]
  0x0000000002772800 JavaThread "main" [_thread_blocked, id=10276, stack(0x0000000002670000,0x0000000002770000)]

Other Threads:
  0x0000000014f07800 VMThread [stack: 0x0000000015fa0000,0x00000000160a0000] [id=7524]
  0x00000000167a4800 WatcherThread [stack: 0x0000000016d80000,0x0000000016e80000] [id=204]

VM state:not at safepoint (normal execution)

VM Mutex/Monitor currently owned by a thread: None

Heap:
 PSYoungGen      total 101376K, used 89004K [0x00000000eab00000, 0x00000000f3200000, 0x0000000100000000)
  eden space 89088K, 86% used [0x00000000eab00000,0x00000000ef5ecf28,0x00000000f0200000)
  from space 12288K, 99% used [0x00000000f0200000,0x00000000f0dfe250,0x00000000f0e00000)
  to   space 14336K, 0% used [0x00000000f2400000,0x00000000f2400000,0x00000000f3200000)
 ParOldGen       total 104960K, used 16550K [0x00000000c0000000, 0x00000000c6680000, 0x00000000eab00000)
  object space 104960K, 15% used [0x00000000c0000000,0x00000000c1029960,0x00000000c6680000)
 Metaspace       used 48700K, capacity 50086K, committed 50304K, reserved 1093632K
  class space    used 6638K, capacity 6979K, committed 7040K, reserved 1048576K

Card table byte_map: [0x0000000011c30000,0x0000000011e40000] byte_map_base: 0x0000000011630000

Marking Bits: (ParMarkBitMap*) 0x000000007313a6d0
 Begin Bits: [0x00000000123a0000, 0x00000000133a0000)
 End Bits:   [0x00000000133a0000, 0x00000000143a0000)

Polling page: 0x0000000000d20000

CodeCache: size=245760Kb used=22763Kb max_used=22775Kb free=222996Kb
 bounds [0x0000000002870000, 0x0000000003ed0000, 0x0000000011870000]
 total_blobs=7010 nmethods=6302 adapters=619
 compilation: enabled

Compilation events (10 events):
Event: 39.060 Thread 0x0000000014f45000 6797       4       org.gradle.api.internal.file.pattern.PatternMatcherFactory$PathMatcherBackedSpec::isSatisfiedBy (9 bytes)
Event: 39.063 Thread 0x0000000016788800 6990       3       com.google.common.collect.ImmutableList$Builder::add (6 bytes)
Event: 39.064 Thread 0x0000000016788800 nmethod 6990 0x0000000003e92bd0 code [0x0000000003e92d40, 0x0000000003e92fa8]
Event: 39.070 Thread 0x0000000014f45000 nmethod 6797 0x0000000003e8ef90 code [0x0000000003e8f120, 0x0000000003e8f598]
Event: 39.070 Thread 0x0000000014f45000 6867       4       org.gradle.internal.serialize.kryo.KryoBackedEncoder::writeByte (9 bytes)
Event: 39.073 Thread 0x0000000014f45000 nmethod 6867 0x0000000003e8fd90 code [0x0000000003e8fee0, 0x0000000003e90008]
Event: 39.073 Thread 0x0000000014f45000 6708       4       java.util.concurrent.locks.ReentrantLock$NonfairSync::lock (25 bytes)
Event: 39.076 Thread 0x0000000014f45000 nmethod 6708 0x0000000003e8ec10 code [0x0000000003e8ed40, 0x0000000003e8ee58]
Event: 39.076 Thread 0x0000000014f45000 6922       4       com.google.common.cache.LocalCache::rehash (49 bytes)
Event: 39.077 Thread 0x0000000014f45000 nmethod 6922 0x0000000003a6a190 code [0x0000000003a6a2c0, 0x0000000003a6a358]

GC Heap History (10 events):
Event: 23.345 GC heap before
{Heap before GC invocations=11 (full 1):
 PSYoungGen      total 69632K, used 36310K [0x00000000eab00000, 0x00000000f0680000, 0x0000000100000000)
  eden space 59904K, 44% used [0x00000000eab00000,0x00000000ec4f9f78,0x00000000ee580000)
  from space 9728K, 99% used [0x00000000ee580000,0x00000000eeefbb78,0x00000000eef00000)
  to   space 10752K, 0% used [0x00000000efc00000,0x00000000efc00000,0x00000000f0680000)
 ParOldGen       total 68096K, used 8626K [0x00000000c0000000, 0x00000000c4280000, 0x00000000eab00000)
  object space 68096K, 12% used [0x00000000c0000000,0x00000000c086c898,0x00000000c4280000)
 Metaspace       used 34547K, capacity 35124K, committed 35456K, reserved 1079296K
  class space    used 4726K, capacity 4881K, committed 4992K, reserved 1048576K
Event: 23.365 GC heap after
Heap after GC invocations=11 (full 1):
 PSYoungGen      total 82432K, used 8197K [0x00000000eab00000, 0x00000000f0c80000, 0x0000000100000000)
  eden space 71680K, 0% used [0x00000000eab00000,0x00000000eab00000,0x00000000ef100000)
  from space 10752K, 76% used [0x00000000efc00000,0x00000000f04017c0,0x00000000f0680000)
  to   space 11264K, 0% used [0x00000000ef100000,0x00000000ef100000,0x00000000efc00000)
 ParOldGen       total 68096K, used 8634K [0x00000000c0000000, 0x00000000c4280000, 0x00000000eab00000)
  object space 68096K, 12% used [0x00000000c0000000,0x00000000c086e898,0x00000000c4280000)
 Metaspace       used 34547K, capacity 35124K, committed 35456K, reserved 1079296K
  class space    used 4726K, capacity 4881K, committed 4992K, reserved 1048576K
}
Event: 23.365 GC heap before
{Heap before GC invocations=12 (full 2):
 PSYoungGen      total 82432K, used 8197K [0x00000000eab00000, 0x00000000f0c80000, 0x0000000100000000)
  eden space 71680K, 0% used [0x00000000eab00000,0x00000000eab00000,0x00000000ef100000)
  from space 10752K, 76% used [0x00000000efc00000,0x00000000f04017c0,0x00000000f0680000)
  to   space 11264K, 0% used [0x00000000ef100000,0x00000000ef100000,0x00000000efc00000)
 ParOldGen       total 68096K, used 8634K [0x00000000c0000000, 0x00000000c4280000, 0x00000000eab00000)
  object space 68096K, 12% used [0x00000000c0000000,0x00000000c086e898,0x00000000c4280000)
 Metaspace       used 34547K, capacity 35124K, committed 35456K, reserved 1079296K
  class space    used 4726K, capacity 4881K, committed 4992K, reserved 1048576K
Event: 23.605 GC heap after
Heap after GC invocations=12 (full 2):
 PSYoungGen      total 82432K, used 0K [0x00000000eab00000, 0x00000000f0c80000, 0x0000000100000000)
  eden space 71680K, 0% used [0x00000000eab00000,0x00000000eab00000,0x00000000ef100000)
  from space 10752K, 0% used [0x00000000efc00000,0x00000000efc00000,0x00000000f0680000)
  to   space 11264K, 0% used [0x00000000ef100000,0x00000000ef100000,0x00000000efc00000)
 ParOldGen       total 104960K, used 14977K [0x00000000c0000000, 0x00000000c6680000, 0x00000000eab00000)
  object space 104960K, 14% used [0x00000000c0000000,0x00000000c0ea0730,0x00000000c6680000)
 Metaspace       used 34547K, capacity 35124K, committed 35456K, reserved 1079296K
  class space    used 4726K, capacity 4881K, committed 4992K, reserved 1048576K
}
Event: 26.951 GC heap before
{Heap before GC invocations=13 (full 2):
 PSYoungGen      total 82432K, used 71680K [0x00000000eab00000, 0x00000000f0c80000, 0x0000000100000000)
  eden space 71680K, 100% used [0x00000000eab00000,0x00000000ef100000,0x00000000ef100000)
  from space 10752K, 0% used [0x00000000efc00000,0x00000000efc00000,0x00000000f0680000)
  to   space 11264K, 0% used [0x00000000ef100000,0x00000000ef100000,0x00000000efc00000)
 ParOldGen       total 104960K, used 14977K [0x00000000c0000000, 0x00000000c6680000, 0x00000000eab00000)
  object space 104960K, 14% used [0x00000000c0000000,0x00000000c0ea0730,0x00000000c6680000)
 Metaspace       used 39246K, capacity 40048K, committed 40320K, reserved 1083392K
  class space    used 5441K, capacity 5637K, committed 5760K, reserved 1048576K
Event: 26.993 GC heap after
Heap after GC invocations=13 (full 2):
 PSYoungGen      total 82944K, used 8551K [0x00000000eab00000, 0x00000000f1900000, 0x0000000100000000)
  eden space 71680K, 0% used [0x00000000eab00000,0x00000000eab00000,0x00000000ef100000)
  from space 11264K, 75% used [0x00000000ef100000,0x00000000ef959e70,0x00000000efc00000)
  to   space 11264K, 0% used [0x00000000f0e00000,0x00000000f0e00000,0x00000000f1900000)
 ParOldGen       total 104960K, used 14985K [0x00000000c0000000, 0x00000000c6680000, 0x00000000eab00000)
  object space 104960K, 14% used [0x00000000c0000000,0x00000000c0ea2730,0x00000000c6680000)
 Metaspace       used 39246K, capacity 40048K, committed 40320K, reserved 1083392K
  class space    used 5441K, capacity 5637K, committed 5760K, reserved 1048576K
}
Event: 29.921 GC heap before
{Heap before GC invocations=14 (full 2):
 PSYoungGen      total 82944K, used 80231K [0x00000000eab00000, 0x00000000f1900000, 0x0000000100000000)
  eden space 71680K, 100% used [0x00000000eab00000,0x00000000ef100000,0x00000000ef100000)
  from space 11264K, 75% used [0x00000000ef100000,0x00000000ef959e70,0x00000000efc00000)
  to   space 11264K, 0% used [0x00000000f0e00000,0x00000000f0e00000,0x00000000f1900000)
 ParOldGen       total 104960K, used 14985K [0x00000000c0000000, 0x00000000c6680000, 0x00000000eab00000)
  object space 104960K, 14% used [0x00000000c0000000,0x00000000c0ea2730,0x00000000c6680000)
 Metaspace       used 42652K, capacity 43434K, committed 43648K, reserved 1087488K
  class space    used 5791K, capacity 6004K, committed 6016K, reserved 1048576K
Event: 29.946 GC heap after
Heap after GC invocations=14 (full 2):
 PSYoungGen      total 100352K, used 10231K [0x00000000eab00000, 0x00000000f1a80000, 0x0000000100000000)
  eden space 89088K, 0% used [0x00000000eab00000,0x00000000eab00000,0x00000000f0200000)
  from space 11264K, 90% used [0x00000000f0e00000,0x00000000f17fde70,0x00000000f1900000)
  to   space 12288K, 0% used [0x00000000f0200000,0x00000000f0200000,0x00000000f0e00000)
 ParOldGen       total 104960K, used 15057K [0x00000000c0000000, 0x00000000c6680000, 0x00000000eab00000)
  object space 104960K, 14% used [0x00000000c0000000,0x00000000c0eb4740,0x00000000c6680000)
 Metaspace       used 42652K, capacity 43434K, committed 43648K, reserved 1087488K
  class space    used 5791K, capacity 6004K, committed 6016K, reserved 1048576K
}
Event: 34.494 GC heap before
{Heap before GC invocations=15 (full 2):
 PSYoungGen      total 100352K, used 99319K [0x00000000eab00000, 0x00000000f1a80000, 0x0000000100000000)
  eden space 89088K, 100% used [0x00000000eab00000,0x00000000f0200000,0x00000000f0200000)
  from space 11264K, 90% used [0x00000000f0e00000,0x00000000f17fde70,0x00000000f1900000)
  to   space 12288K, 0% used [0x00000000f0200000,0x00000000f0200000,0x00000000f0e00000)
 ParOldGen       total 104960K, used 15057K [0x00000000c0000000, 0x00000000c6680000, 0x00000000eab00000)
  object space 104960K, 14% used [0x00000000c0000000,0x00000000c0eb4740,0x00000000c6680000)
 Metaspace       used 45590K, capacity 46740K, committed 46976K, reserved 1089536K
  class space    used 6208K, capacity 6509K, committed 6528K, reserved 1048576K
Event: 34.522 GC heap after
Heap after GC invocations=15 (full 2):
 PSYoungGen      total 101376K, used 12280K [0x00000000eab00000, 0x00000000f3200000, 0x0000000100000000)
  eden space 89088K, 0% used [0x00000000eab00000,0x00000000eab00000,0x00000000f0200000)
  from space 12288K, 99% used [0x00000000f0200000,0x00000000f0dfe250,0x00000000f0e00000)
  to   space 14336K, 0% used [0x00000000f2400000,0x00000000f2400000,0x00000000f3200000)
 ParOldGen       total 104960K, used 16550K [0x00000000c0000000, 0x00000000c6680000, 0x00000000eab00000)
  object space 104960K, 15% used [0x00000000c0000000,0x00000000c1029960,0x00000000c6680000)
 Metaspace       used 45590K, capacity 46740K, committed 46976K, reserved 1089536K
  class space    used 6208K, capacity 6509K, committed 6528K, reserved 1048576K
}

Deoptimization events (10 events):
Event: 36.703 Thread 0x0000000017d0e000 Uncommon trap: reason=class_check action=maybe_recompile pc=0x000000000366df5c method=org.gradle.model.internal.type.ModelType.wrap(Ljava/lang/reflect/Type;)Lorg/gradle/model/internal/type/TypeWrapper; @ 83
Event: 36.900 Thread 0x0000000017d0e000 Uncommon trap: reason=unstable_if action=reinterpret pc=0x0000000002ab0c30 method=java.io.WinNTFileSystem.resolve(Ljava/lang/String;Ljava/lang/String;)Ljava/lang/String; @ 36
Event: 37.187 Thread 0x0000000017d0e000 Uncommon trap: reason=class_check action=maybe_recompile pc=0x0000000003a4916c method=com.google.common.collect.AbstractMapBasedMultimap.put(Ljava/lang/Object;Ljava/lang/Object;)Z @ 10
Event: 37.187 Thread 0x0000000017d0e000 Uncommon trap: reason=class_check action=maybe_recompile pc=0x0000000003a4916c method=com.google.common.collect.AbstractMapBasedMultimap.put(Ljava/lang/Object;Ljava/lang/Object;)Z @ 10
Event: 37.187 Thread 0x0000000017d0e000 Uncommon trap: reason=class_check action=maybe_recompile pc=0x0000000003a4916c method=com.google.common.collect.AbstractMapBasedMultimap.put(Ljava/lang/Object;Ljava/lang/Object;)Z @ 10
Event: 37.187 Thread 0x0000000017d0e000 Uncommon trap: reason=class_check action=maybe_recompile pc=0x0000000003a4916c method=com.google.common.collect.AbstractMapBasedMultimap.put(Ljava/lang/Object;Ljava/lang/Object;)Z @ 10
Event: 37.479 Thread 0x0000000017d0e000 Uncommon trap: reason=unstable_if action=reinterpret pc=0x0000000002b2068c method=java.util.concurrent.ConcurrentHashMap.get(Ljava/lang/Object;)Ljava/lang/Object; @ 76
Event: 37.480 Thread 0x0000000017d0e000 Uncommon trap: reason=class_check action=maybe_recompile pc=0x0000000002a98f18 method=java.util.concurrent.ConcurrentHashMap.putVal(Ljava/lang/Object;Ljava/lang/Object;Z)Ljava/lang/Object; @ 192
Event: 37.600 Thread 0x0000000017d0e000 Uncommon trap: reason=unstable_if action=reinterpret pc=0x00000000029cbf18 method=java.lang.String.regionMatches(ZILjava/lang/String;II)Z @ 102
Event: 38.889 Thread 0x00000000167a1800 Uncommon trap: reason=unstable_if action=reinterpret pc=0x0000000002a9c688 method=java.util.concurrent.locks.ReentrantLock$Sync.nonfairTryAcquire(I)Z @ 34

Internal exceptions (10 events):
Event: 36.769 Thread 0x0000000017d0e000 Exception <a 'java/lang/ClassNotFoundException': org/gradle/model/internal/core/NodeBackedModelMapBeanInfo> (0x00000000ee3ef690) thrown at [C:\re\workspace\8-2-build-windows-amd64-cygwin\jdk8u101\7261\hotspot\src\share\vm\classfile\systemDictionary.cpp, li≠<åbB@
Event: 36.770 Thread 0x0000000017d0e000 Exception <a 'java/lang/ClassNotFoundException': org/gradle/model/internal/core/ModelMapGroovyViewBeanInfo> (0x00000000ee3ff0a8) thrown at [C:\re\workspace\8-2-build-windows-amd64-cygwin\jdk8u101\7261\hotspot\src\share\vm\classfile\systemDictionary.cpp, li
Event: 36.771 Thread 0x0000000017d0e000 Exception <a 'java/lang/ClassNotFoundException': org/gradle/model/internal/core/ModelMapGroovyViewCustomizer> (0x00000000ee40f458) thrown at [C:\re\workspace\8-2-build-windows-amd64-cygwin\jdk8u101\7261\hotspot\src\share\vm\classfile\systemDictionary.cpp, ›>g…ÏbB@
Event: 36.773 Thread 0x0000000017d0e000 Exception <a 'java/lang/ClassNotFoundException': org/gradle/model/internal/core/NodeBackedModelMapCustomizer> (0x00000000ee432c98) thrown at [C:\re\workspace\8-2-build-windows-amd64-cygwin\jdk8u101\7261\hotspot\src\share\vm\classfile\systemDictionary.cpp, D cB@
Event: 36.777 Thread 0x0000000017d0e000 Exception <a 'java/lang/ClassNotFoundException': org/gradle/platform/base/BinaryContainer_ImplCustomizer> (0x00000000ee48f5a0) thrown at [C:\re\workspace\8-2-build-windows-amd64-cygwin\jdk8u101\7261\hotspot\src\share\vm\classfile\systemDictionary.cpp, line«?–7œ≠B@
Event: 37.358 Thread 0x0000000017d0e000 Exception <a 'java/lang/NoSuchMethodError': <clinit>> (0x00000000ee96d0b0) thrown at [C:\re\workspace\8-2-build-windows-amd64-cygwin\jdk8u101\7261\hotspot\src\share\vm\prims\jni.cpp, line 1613]
Event: 37.401 Thread 0x0000000017d0e000 Exception <a 'java/lang/NoSuchMethodError': <clinit>> (0x00000000ee97a098) thrown at [C:\re\workspace\8-2-build-windows-amd64-cygwin\jdk8u101\7261\hotspot\src\share\vm\prims\jni.cpp, line 1613]
Event: 37.459 Thread 0x0000000017d0e000 Exception <a 'java/lang/NoSuchMethodError': <clinit>> (0x00000000eeb72d18) thrown at [C:\re\workspace\8-2-build-windows-amd64-cygwin\jdk8u101\7261\hotspot\src\share\vm\prims\jni.cpp, line 1613]
Event: 37.465 Thread 0x0000000017d0e000 Exception <a 'java/lang/NoSuchMethodError': <clinit>> (0x00000000eeb8b528) thrown at [C:\re\workspace\8-2-build-windows-amd64-cygwin\jdk8u101\7261\hotspot\src\share\vm\prims\jni.cpp, line 1613]
Event: 37.465 Thread 0x0000000017d0e000 Exception <a 'java/lang/NoSuchMethodError': <clinit>> (0x00000000eeb8ca40) thrown at [C:\re\workspace\8-2-build-windows-amd64-cygwin\jdk8u101\7261\hotspot\src\share\vm\prims\jni.cpp, line 1613]

Events (10 events):
Event: 39.058 loading class org/gradle/api/internal/changedetection/state/CacheBackedTaskHistoryRepository$LazyTaskExecution$3
Event: 39.058 loading class org/gradle/api/internal/changedetection/state/CacheBackedTaskHistoryRepository$LazyTaskExecution$3 done
Event: 39.059 loading class org/gradle/api/internal/changedetection/state/FileSnapshotWithKey
Event: 39.059 loading class org/gradle/api/internal/changedetection/state/FileSnapshotWithKey done
Event: 39.060 loading class org/gradle/api/internal/changedetection/state/FileHashSnapshot
Event: 39.060 loading class org/gradle/api/internal/changedetection/state/FileHashSnapshot done
Event: 39.062 loading class org/gradle/api/internal/changedetection/state/AbstractFileCollectionSnapshotter$1
Event: 39.062 loading class org/gradle/api/internal/changedetection/state/AbstractFileCollectionSnapshotter$1 done
Event: 39.063 loading class org/gradle/api/internal/changedetection/state/DefaultVisitedTree$1
Event: 39.063 loading class org/gradle/api/internal/changedetection/state/DefaultVisitedTree$1 done


Dynamic libraries:
0x00007ff7e3000000 - 0x00007ff7e3037000 	C:\Program Files\Java\jdk1.8.0_101\bin\java.exe
0x00007ff8ddbc0000 - 0x00007ff8ddd82000 	C:\Windows\SYSTEM32\ntdll.dll
0x00007ff8dd150000 - 0x00007ff8dd1fd000 	C:\Windows\system32\KERNEL32.DLL
0x00007ff8da680000 - 0x00007ff8da85d000 	C:\Windows\system32\KERNELBASE.dll
0x00007ff8dd9f0000 - 0x00007ff8dda96000 	C:\Windows\system32\ADVAPI32.dll
0x00007ff8db280000 - 0x00007ff8db31d000 	C:\Windows\system32\msvcrt.dll
0x00007ff8dd640000 - 0x00007ff8dd69b000 	C:\Windows\system32\sechost.dll
0x00007ff8dd3b0000 - 0x00007ff8dd4d6000 	C:\Windows\system32\RPCRT4.dll
0x00007ff8dce70000 - 0x00007ff8dcfbe000 	C:\Windows\system32\USER32.dll
0x00007ff8db320000 - 0x00007ff8db4a5000 	C:\Windows\system32\GDI32.dll
0x00007ff8d1fa0000 - 0x00007ff8d2214000 	C:\Windows\WinSxS\amd64_microsoft.windows.common-controls_6595b64144ccf1df_6.0.10240.17184_none_f41d7a705752bce6\COMCTL32.dll
0x00007ff8db4b0000 - 0x00007ff8db4e6000 	C:\Windows\system32\IMM32.DLL
0x00007ff8dd4e0000 - 0x00007ff8dd63c000 	C:\Windows\system32\MSCTF.dll
0x0000000073c30000 - 0x0000000073d02000 	C:\Program Files\Java\jdk1.8.0_101\jre\bin\msvcr100.dll
0x0000000072920000 - 0x00000000731ba000 	C:\Program Files\Java\jdk1.8.0_101\jre\bin\server\jvm.dll
0x00007ff8dd140000 - 0x00007ff8dd148000 	C:\Windows\system32\PSAPI.DLL
0x00007ff8cd170000 - 0x00007ff8cd179000 	C:\Windows\SYSTEM32\WSOCK32.dll
0x00007ff8ddb50000 - 0x00007ff8ddbb9000 	C:\Windows\system32\WS2_32.dll
0x00007ff8dd920000 - 0x00007ff8dd928000 	C:\Windows\system32\NSI.dll
0x00007ff8d8870000 - 0x00007ff8d8893000 	C:\Windows\SYSTEM32\WINMM.dll
0x00007ff8d7090000 - 0x00007ff8d709a000 	C:\Windows\SYSTEM32\VERSION.dll
0x0000000000cd0000 - 0x0000000000cfc000 	C:\Windows\SYSTEM32\WINMMBASE.dll
0x00007ff8db230000 - 0x00007ff8db274000 	C:\Windows\system32\cfgmgr32.dll
0x00007ff8d9100000 - 0x00007ff8d9127000 	C:\Windows\SYSTEM32\DEVOBJ.dll
0x0000000073c20000 - 0x0000000073c2f000 	C:\Program Files\Java\jdk1.8.0_101\jre\bin\verify.dll
0x0000000073bf0000 - 0x0000000073c19000 	C:\Program Files\Java\jdk1.8.0_101\jre\bin\java.dll
0x0000000073bd0000 - 0x0000000073be6000 	C:\Program Files\Java\jdk1.8.0_101\jre\bin\zip.dll
0x00007ff8db720000 - 0x00007ff8dcc43000 	C:\Windows\system32\SHELL32.dll
0x00007ff8da860000 - 0x00007ff8dae89000 	C:\Windows\system32\windows.storage.dll
0x00007ff8dd6a0000 - 0x00007ff8dd91c000 	C:\Windows\system32\combase.dll
0x00007ff8dd930000 - 0x00007ff8dd981000 	C:\Windows\system32\shlwapi.dll
0x00007ff8da5e0000 - 0x00007ff8da5ef000 	C:\Windows\system32\kernel.appcore.dll
0x00007ff8db060000 - 0x00007ff8db113000 	C:\Windows\system32\shcore.dll
0x00007ff8da5f0000 - 0x00007ff8da63a000 	C:\Windows\system32\powrprof.dll
0x00007ff8da640000 - 0x00007ff8da653000 	C:\Windows\system32\profapi.dll
0x0000000073bb0000 - 0x0000000073bca000 	C:\Program Files\Java\jdk1.8.0_101\jre\bin\net.dll
0x00007ff8d9df0000 - 0x00007ff8d9e4d000 	C:\Windows\system32\mswsock.dll
0x0000000073b90000 - 0x0000000073ba1000 	C:\Program Files\Java\jdk1.8.0_101\jre\bin\nio.dll
0x00007ff8d4ca0000 - 0x00007ff8d4cb2000 	C:\Users\Little Fireflies\.gradle\native\19\windows-amd64\native-platform.dll
0x00007ff8d9e50000 - 0x00007ff8d9e67000 	C:\Windows\SYSTEM32\CRYPTSP.dll
0x00007ff8da510000 - 0x00007ff8da538000 	C:\Windows\SYSTEM32\bcrypt.dll
0x00007ff8d9aa0000 - 0x00007ff8d9ad3000 	C:\Windows\system32\rsaenh.dll
0x00007ff8d9b90000 - 0x00007ff8d9baf000 	C:\Windows\SYSTEM32\USERENV.dll
0x00007ff8da400000 - 0x00007ff8da46b000 	C:\Windows\system32\bcryptprimitives.dll
0x00007ff8d9fc0000 - 0x00007ff8d9fcb000 	C:\Windows\SYSTEM32\CRYPTBASE.dll
0x00007ff8d7da0000 - 0x00007ff8d7dd8000 	C:\Windows\SYSTEM32\IPHLPAPI.DLL
0x00007ff8d7b00000 - 0x00007ff8d7b0b000 	C:\Windows\SYSTEM32\WINNSI.DLL
0x00007ff8d5220000 - 0x00007ff8d5236000 	C:\Windows\SYSTEM32\dhcpcsvc6.DLL
0x00007ff8d5200000 - 0x00007ff8d521a000 	C:\Windows\SYSTEM32\dhcpcsvc.DLL
0x0000000073b80000 - 0x0000000073b8d000 	C:\Program Files\Java\jdk1.8.0_101\jre\bin\management.dll

VM Arguments:
jvm_args: -XX:MaxPermSize=256m -XX:+HeapDumpOnOutOfMemoryError -Xmx1024m -Dfile.encoding=windows-1252 -Duser.country=US -Duser.language=en -Duser.variant 
java_command: org.gradle.launcher.daemon.bootstrap.GradleDaemon 2.14.1
java_class_path (initial): C:\Users\Little Fireflies\.gradle\wrapper\dists\gradle-2.14.1-all\8bnwg5hd3w55iofp58khbp6yv\gradle-2.14.1\lib\gradle-launcher-2.14.1.jar
Launcher Type: SUN_STANDARD

Environment Variables:
JAVA_HOME=C:\Program Files\Java\jdk1.8.0_101
PATH=D:\app\widdyjp\product\12.1.0\dbhome_1\bin;C:\Program Files (x86)\Common Files\Intel\Shared Files\cpp\bin\Intel64;C:\Windows\system32;C:\Windows;C:\Windows\System32\Wbem;C:\Windows\System32\WindowsPowerShell\v1.0\;C:\Program Files\Java\jdk1.8.0_101\bin;C:\Program Files\Git\cmd;C:\Program Files (x86)\NVIDIA Corporation\PhysX\Common;C:\Windows\system32\config\systemprofile\.dnx\bin;C:\Program Files\Microsoft DNX\Dnvm\;C:\Program Files (x86)\Windows Kits\8.1\Windows Performance Toolkit\;C:\Program Files\Microsoft SQL Server\120\Tools\Binn\;C:\Program Files\Microsoft SQL Server\130\Tools\Binn\;E:\MasterApp\Android\sdk\platform-tools\
USERNAME=LittleFireflies
OS=Windows_NT
PROCESSOR_IDENTIFIER=Intel64 Family 6 Model 58 Stepping 9, GenuineIntel



---------------  S Y S T E M  ---------------

OS: Windows 10.0 , 64 bit Build 10240 (10.0.10240.17113)

CPU:total 4 (2 cores per cpu, 2 threads per core) family 6 model 58 stepping 9, cmov, cx8, fxsr, mmx, sse, sse2, sse3, ssse3, sse4.1, sse4.2, popcnt, avx, clmul, erms, ht, tsc, tscinvbit, tscinv

Memory: 4k page, physical 8271628k(923268k free), swap 12425988k(6272k free)

vm_info: Java HotSpot(TM) 64-Bit Server VM (25.101-b13) for windows-amd64 JRE (1.8.0_101-b13), built on Jun 22 2016 01:21:29 by "java_re" with MS VC++ 10.0 (VS2010)

time: Fri Jan 27 12:50:29 2017
elapsed time: 39 seconds (0d 0h 0m 39s)

