#
# There is insufficient memory for the Java Runtime Environment to continue.
# Native memory allocation (malloc) failed to allocate 1014256 bytes for Chunk::new
# Possible reasons:
#   The system is out of physical RAM or swap space
#   In 32 bit mode, the process size limit was hit
# Possible solutions:
#   Reduce memory load on the system
#   Increase physical memory or swap space
#   Check if swap backing store is full
#   Use 64 bit Java on a 64 bit OS
#   Decrease Java heap size (-Xmx/-Xms)
#   Decrease number of Java threads
#   Decrease Java thread stack sizes (-Xss)
#   Set larger code cache with -XX:ReservedCodeCacheSize=
# This output file may be truncated or incomplete.
#
#  Out of Memory Error (allocation.cpp:390), pid=7892, tid=0x00000000000004a0
#
# JRE version: Java(TM) SE Runtime Environment (8.0_101-b13) (build 1.8.0_101-b13)
# Java VM: Java HotSpot(TM) 64-Bit Server VM (25.101-b13 mixed mode windows-amd64 compressed oops)
# Failed to write core dump. Minidumps are not enabled by default on client versions of Windows
#

---------------  T H R E A D  ---------------

Current thread (0x000000001483f800):  JavaThread "C2 CompilerThread0" daemon [_thread_in_native, id=1184, stack(0x0000000015e70000,0x0000000015f70000)]

Stack: [0x0000000015e70000,0x0000000015f70000]
[error occurred during error reporting (printing stack bounds), id 0xc0000005]

Native frames: (J=compiled Java code, j=interpreted, Vv=VM code, C=native code)


Current CompileTask:
C2:  13708 4152   !   4       java.util.jar.Attributes::read (380 bytes)


---------------  P R O C E S S  ---------------

Java Threads: ( => current thread )
  0x0000000016886000 JavaThread "File lock request listener" [_thread_in_native, id=8620, stack(0x0000000019390000,0x0000000019490000)]
  0x0000000017612000 JavaThread "Stdin handler" [_thread_blocked, id=8088, stack(0x0000000018e90000,0x0000000018f90000)]
  0x00000000172d7000 JavaThread "Asynchronous log dispatcher for org.gradle.launcher.daemon.server.DefaultDaemonConnection@20892866" [_thread_blocked, id=8816, stack(0x0000000018d90000,0x0000000018e90000)]
  0x000000001741e800 JavaThread "Daemon worker" [_thread_in_vm, id=7224, stack(0x0000000018a90000,0x0000000018b90000)]
  0x0000000017516000 JavaThread "Cancel handler" [_thread_blocked, id=7564, stack(0x0000000018990000,0x0000000018a90000)]
  0x00000000173bd800 JavaThread "Handler for socket connection from /127.0.0.1:24759 to /127.0.0.1:24760" [_thread_in_native, id=9392, stack(0x0000000018890000,0x0000000018990000)]
  0x00000000173cc000 JavaThread "Daemon" [_thread_blocked, id=4300, stack(0x0000000018790000,0x0000000018890000)]
  0x0000000017485800 JavaThread "Incoming local TCP Connector on port 24759" [_thread_in_native, id=7312, stack(0x00000000183b0000,0x00000000184b0000)]
  0x000000001770c800 JavaThread "pool-1-thread-1" [_thread_blocked, id=4568, stack(0x0000000016f70000,0x0000000017070000)]
  0x000000001619b800 JavaThread "Service Thread" daemon [_thread_blocked, id=8880, stack(0x0000000016570000,0x0000000016670000)]
  0x000000001486a000 JavaThread "C1 CompilerThread2" daemon [_thread_blocked, id=2640, stack(0x0000000016070000,0x0000000016170000)]
  0x0000000014843800 JavaThread "C2 CompilerThread1" daemon [_thread_blocked, id=4116, stack(0x0000000015f70000,0x0000000016070000)]
=>0x000000001483f800 JavaThread "C2 CompilerThread0" daemon [_thread_in_native, id=1184, stack(0x0000000015e70000,0x0000000015f70000)]
  0x000000001483e800 JavaThread "Attach Listener" daemon [_thread_blocked, id=10392, stack(0x0000000015d70000,0x0000000015e70000)]
  0x000000001483b000 JavaThread "Signal Dispatcher" daemon [_thread_blocked, id=9480, stack(0x0000000015c70000,0x0000000015d70000)]
  0x000000001482a800 JavaThread "Finalizer" daemon [_thread_blocked, id=9220, stack(0x0000000015a90000,0x0000000015b90000)]
  0x0000000002143000 JavaThread "Reference Handler" daemon [_thread_blocked, id=9192, stack(0x0000000015990000,0x0000000015a90000)]
  0x0000000002052800 JavaThread "main" [_thread_blocked, id=9228, stack(0x0000000001f00000,0x0000000002000000)]

Other Threads:
  0x0000000014807000 VMThread [stack: 0x0000000015890000,0x0000000015990000] [id=9448]
  0x00000000161a0800 WatcherThread [stack: 0x0000000016670000,0x0000000016770000] [id=8668]

VM state:not at safepoint (normal execution)

VM Mutex/Monitor currently owned by a thread: None

Heap:
 PSYoungGen      total 105472K, used 24191K [0x00000000eab00000, 0x00000000f1e00000, 0x0000000100000000)
  eden space 94720K, 25% used [0x00000000eab00000,0x00000000ec29fd20,0x00000000f0780000)
  from space 10752K, 0% used [0x00000000f1200000,0x00000000f1200000,0x00000000f1c80000)
  to   space 10752K, 0% used [0x00000000f0780000,0x00000000f0780000,0x00000000f1200000)
 ParOldGen       total 65536K, used 15842K [0x00000000c0000000, 0x00000000c4000000, 0x00000000eab00000)
  object space 65536K, 24% used [0x00000000c0000000,0x00000000c0f78868,0x00000000c4000000)
 Metaspace       used 36182K, capacity 36994K, committed 37248K, reserved 1081344K
  class space    used 4950K, capacity 5150K, committed 5248K, reserved 1048576K

Card table byte_map: [0x0000000011510000,0x0000000011720000] byte_map_base: 0x0000000010f10000

Marking Bits: (ParMarkBitMap*) 0x000000007313a6d0
 Begin Bits: [0x0000000011c80000, 0x0000000012c80000)
 End Bits:   [0x0000000012c80000, 0x0000000013c80000)

Polling page: 0x0000000002000000

CodeCache: size=245760Kb used=14457Kb max_used=14467Kb free=231302Kb
 bounds [0x0000000002150000, 0x0000000002f80000, 0x0000000011150000]
 total_blobs=4695 nmethods=4014 adapters=592
 compilation: enabled

Compilation events (10 events):
Event: 13.680 Thread 0x0000000014843800 4219       4       java.util.Formatter$Conversion::isGeneral (64 bytes)
Event: 13.681 Thread 0x000000001486a000 4229       3       com.google.common.base.Joiner::toString (24 bytes)
Event: 13.682 Thread 0x000000001486a000 nmethod 4229 0x0000000002f79ad0 code [0x0000000002f79c80, 0x0000000002f7a258]
Event: 13.682 Thread 0x000000001486a000 4230       1       java.util.Collections$EmptyList::size (2 bytes)
Event: 13.682 Thread 0x0000000014843800 nmethod 4219 0x0000000002f796d0 code [0x0000000002f79a00, 0x0000000002f79a78]
Event: 13.682 Thread 0x000000001486a000 nmethod 4230 0x0000000002f7b090 code [0x0000000002f7b1e0, 0x0000000002f7b2f0]
Event: 13.682 Thread 0x0000000014843800 4214       4       org.codehaus.groovy.util.ManagedReference::get (10 bytes)
Event: 13.684 Thread 0x0000000014843800 nmethod 4214 0x0000000002f7ad90 code [0x0000000002f7aee0, 0x0000000002f7afb8]
Event: 13.688 Thread 0x000000001486a000 4231       3       org.gradle.api.internal.AbstractClassGenerator$PropertyMetaData::addSetter (12 bytes)
Event: 13.688 Thread 0x000000001486a000 nmethod 4231 0x0000000002f7a910 code [0x0000000002f7aa80, 0x0000000002f7aca8]

GC Heap History (10 events):
Event: 7.853 GC heap before
{Heap before GC invocations=6 (full 1):
 PSYoungGen      total 71680K, used 66560K [0x00000000eab00000, 0x00000000ef600000, 0x0000000100000000)
  eden space 66560K, 100% used [0x00000000eab00000,0x00000000eec00000,0x00000000eec00000)
  from space 5120K, 0% used [0x00000000ef100000,0x00000000ef100000,0x00000000ef600000)
  to   space 5120K, 0% used [0x00000000eec00000,0x00000000eec00000,0x00000000ef100000)
 ParOldGen       total 65536K, used 9242K [0x00000000c0000000, 0x00000000c4000000, 0x00000000eab00000)
  object space 65536K, 14% used [0x00000000c0000000,0x00000000c0906af0,0x00000000c4000000)
 Metaspace       used 25930K, capacity 26458K, committed 26624K, reserved 1073152K
  class space    used 3649K, capacity 3815K, committed 3840K, reserved 1048576K
Event: 7.868 GC heap after
Heap after GC invocations=6 (full 1):
 PSYoungGen      total 71680K, used 5095K [0x00000000eab00000, 0x00000000ef600000, 0x0000000100000000)
  eden space 66560K, 0% used [0x00000000eab00000,0x00000000eab00000,0x00000000eec00000)
  from space 5120K, 99% used [0x00000000eec00000,0x00000000ef0f9c18,0x00000000ef100000)
  to   space 5120K, 0% used [0x00000000ef100000,0x00000000ef100000,0x00000000ef600000)
 ParOldGen       total 65536K, used 11806K [0x00000000c0000000, 0x00000000c4000000, 0x00000000eab00000)
  object space 65536K, 18% used [0x00000000c0000000,0x00000000c0b87980,0x00000000c4000000)
 Metaspace       used 25930K, capacity 26458K, committed 26624K, reserved 1073152K
  class space    used 3649K, capacity 3815K, committed 3840K, reserved 1048576K
}
Event: 9.693 GC heap before
{Heap before GC invocations=7 (full 1):
 PSYoungGen      total 71680K, used 71655K [0x00000000eab00000, 0x00000000ef600000, 0x0000000100000000)
  eden space 66560K, 100% used [0x00000000eab00000,0x00000000eec00000,0x00000000eec00000)
  from space 5120K, 99% used [0x00000000eec00000,0x00000000ef0f9c18,0x00000000ef100000)
  to   space 5120K, 0% used [0x00000000ef100000,0x00000000ef100000,0x00000000ef600000)
 ParOldGen       total 65536K, used 11806K [0x00000000c0000000, 0x00000000c4000000, 0x00000000eab00000)
  object space 65536K, 18% used [0x00000000c0000000,0x00000000c0b87980,0x00000000c4000000)
 Metaspace       used 28874K, capacity 29564K, committed 29824K, reserved 1075200K
  class space    used 4022K, capacity 4208K, committed 4224K, reserved 1048576K
Event: 9.710 GC heap after
Heap after GC invocations=7 (full 1):
 PSYoungGen      total 71680K, used 5110K [0x00000000eab00000, 0x00000000ef600000, 0x0000000100000000)
  eden space 66560K, 0% used [0x00000000eab00000,0x00000000eab00000,0x00000000eec00000)
  from space 5120K, 99% used [0x00000000ef100000,0x00000000ef5fd8c0,0x00000000ef600000)
  to   space 5120K, 0% used [0x00000000eec00000,0x00000000eec00000,0x00000000ef100000)
 ParOldGen       total 65536K, used 13128K [0x00000000c0000000, 0x00000000c4000000, 0x00000000eab00000)
  object space 65536K, 20% used [0x00000000c0000000,0x00000000c0cd22c8,0x00000000c4000000)
 Metaspace       used 28874K, capacity 29564K, committed 29824K, reserved 1075200K
  class space    used 4022K, capacity 4208K, committed 4224K, reserved 1048576K
}
Event: 11.867 GC heap before
{Heap before GC invocations=8 (full 1):
 PSYoungGen      total 71680K, used 71670K [0x00000000eab00000, 0x00000000ef600000, 0x0000000100000000)
  eden space 66560K, 100% used [0x00000000eab00000,0x00000000eec00000,0x00000000eec00000)
  from space 5120K, 99% used [0x00000000ef100000,0x00000000ef5fd8c0,0x00000000ef600000)
  to   space 5120K, 0% used [0x00000000eec00000,0x00000000eec00000,0x00000000ef100000)
 ParOldGen       total 65536K, used 13128K [0x00000000c0000000, 0x00000000c4000000, 0x00000000eab00000)
  object space 65536K, 20% used [0x00000000c0000000,0x00000000c0cd22c8,0x00000000c4000000)
 Metaspace       used 32667K, capacity 33452K, committed 33664K, reserved 1079296K
  class space    used 4500K, capacity 4721K, committed 4736K, reserved 1048576K
Event: 11.888 GC heap after
Heap after GC invocations=8 (full 1):
 PSYoungGen      total 71680K, used 5088K [0x00000000eab00000, 0x00000000f1c80000, 0x0000000100000000)
  eden space 66560K, 0% used [0x00000000eab00000,0x00000000eab00000,0x00000000eec00000)
  from space 5120K, 99% used [0x00000000eec00000,0x00000000ef0f8010,0x00000000ef100000)
  to   space 10752K, 0% used [0x00000000f1200000,0x00000000f1200000,0x00000000f1c80000)
 ParOldGen       total 65536K, used 16541K [0x00000000c0000000, 0x00000000c4000000, 0x00000000eab00000)
  object space 65536K, 25% used [0x00000000c0000000,0x00000000c10276b8,0x00000000c4000000)
 Metaspace       used 32667K, capacity 33452K, committed 33664K, reserved 1079296K
  class space    used 4500K, capacity 4721K, committed 4736K, reserved 1048576K
}
Event: 13.032 GC heap before
{Heap before GC invocations=9 (full 1):
 PSYoungGen      total 71680K, used 50666K [0x00000000eab00000, 0x00000000f1c80000, 0x0000000100000000)
  eden space 66560K, 68% used [0x00000000eab00000,0x00000000ed7829a8,0x00000000eec00000)
  from space 5120K, 99% used [0x00000000eec00000,0x00000000ef0f8010,0x00000000ef100000)
  to   space 10752K, 0% used [0x00000000f1200000,0x00000000f1200000,0x00000000f1c80000)
 ParOldGen       total 65536K, used 16541K [0x00000000c0000000, 0x00000000c4000000, 0x00000000eab00000)
  object space 65536K, 25% used [0x00000000c0000000,0x00000000c10276b8,0x00000000c4000000)
 Metaspace       used 34533K, capacity 35294K, committed 35456K, reserved 1079296K
  class space    used 4742K, capacity 4948K, committed 4992K, reserved 1048576K
Event: 13.052 GC heap after
Heap after GC invocations=9 (full 1):
 PSYoungGen      total 105472K, used 7980K [0x00000000eab00000, 0x00000000f1e00000, 0x0000000100000000)
  eden space 94720K, 0% used [0x00000000eab00000,0x00000000eab00000,0x00000000f0780000)
  from space 10752K, 74% used [0x00000000f1200000,0x00000000f19cb310,0x00000000f1c80000)
  to   space 10752K, 0% used [0x00000000f0780000,0x00000000f0780000,0x00000000f1200000)
 ParOldGen       total 65536K, used 16549K [0x00000000c0000000, 0x00000000c4000000, 0x00000000eab00000)
  object space 65536K, 25% used [0x00000000c0000000,0x00000000c10296b8,0x00000000c4000000)
 Metaspace       used 34533K, capacity 35294K, committed 35456K, reserved 1079296K
  class space    used 4742K, capacity 4948K, committed 4992K, reserved 1048576K
}
Event: 13.052 GC heap before
{Heap before GC invocations=10 (full 2):
 PSYoungGen      total 105472K, used 7980K [0x00000000eab00000, 0x00000000f1e00000, 0x0000000100000000)
  eden space 94720K, 0% used [0x00000000eab00000,0x00000000eab00000,0x00000000f0780000)
  from space 10752K, 74% used [0x00000000f1200000,0x00000000f19cb310,0x00000000f1c80000)
  to   space 10752K, 0% used [0x00000000f0780000,0x00000000f0780000,0x00000000f1200000)
 ParOldGen       total 65536K, used 16549K [0x00000000c0000000, 0x00000000c4000000, 0x00000000eab00000)
  object space 65536K, 25% used [0x00000000c0000000,0x00000000c10296b8,0x00000000c4000000)
 Metaspace       used 34533K, capacity 35294K, committed 35456K, reserved 1079296K
  class space    used 4742K, capacity 4948K, committed 4992K, reserved 1048576K
Event: 13.214 GC heap after
Heap after GC invocations=10 (full 2):
 PSYoungGen      total 105472K, used 0K [0x00000000eab00000, 0x00000000f1e00000, 0x0000000100000000)
  eden space 94720K, 0% used [0x00000000eab00000,0x00000000eab00000,0x00000000f0780000)
  from space 10752K, 0% used [0x00000000f1200000,0x00000000f1200000,0x00000000f1c80000)
  to   space 10752K, 0% used [0x00000000f0780000,0x00000000f0780000,0x00000000f1200000)
 ParOldGen       total 65536K, used 15842K [0x00000000c0000000, 0x00000000c4000000, 0x00000000eab00000)
  object space 65536K, 24% used [0x00000000c0000000,0x00000000c0f78868,0x00000000c4000000)
 Metaspace       used 34533K, capacity 35294K, committed 35456K, reserved 1079296K
  class space    used 4742K, capacity 4948K, committed 4992K, reserved 1048576K
}

Deoptimization events (10 events):
Event: 12.228 Thread 0x000000001741e800 Uncommon trap: reason=unstable_if action=reinterpret pc=0x00000000029ddd48 method=java.util.HashMap.putVal(ILjava/lang/Object;Ljava/lang/Object;ZZ)Ljava/lang/Object; @ 162
Event: 12.228 Thread 0x000000001741e800 Uncommon trap: reason=unstable_if action=reinterpret pc=0x0000000002983d48 method=java.util.HashMap.putVal(ILjava/lang/Object;Ljava/lang/Object;ZZ)Ljava/lang/Object; @ 162
Event: 12.229 Thread 0x000000001741e800 Uncommon trap: reason=unstable_if action=reinterpret pc=0x000000000244fdd4 method=java.util.HashMap.resize()[Ljava/util/HashMap$Node; @ 206
Event: 12.430 Thread 0x000000001741e800 Uncommon trap: reason=unstable_if action=reinterpret pc=0x0000000002e09cf4 method=java.lang.reflect.Modifier.toString(I)Ljava/lang/String; @ 123
Event: 12.430 Thread 0x000000001741e800 Uncommon trap: reason=unstable_if action=reinterpret pc=0x0000000002dfaca4 method=java.lang.reflect.Modifier.toString(I)Ljava/lang/String; @ 123
Event: 13.418 Thread 0x000000001741e800 Uncommon trap: reason=unstable_if action=reinterpret pc=0x0000000002d5430c method=java.lang.ThreadLocal.get()Ljava/lang/Object; @ 11
Event: 13.471 Thread 0x000000001741e800 Uncommon trap: reason=unstable_if action=reinterpret pc=0x000000000286d3fc method=java.lang.CharacterDataLatin1.isWhitespace(I)Z @ 14
Event: 13.520 Thread 0x000000001741e800 Uncommon trap: reason=unstable_if action=reinterpret pc=0x000000000297e22c method=java.security.CodeSource.getCertificates()[Ljava/security/cert/Certificate; @ 22
Event: 13.523 Thread 0x000000001741e800 Uncommon trap: reason=unstable_if action=reinterpret pc=0x0000000002f40a08 method=java.util.jar.JarFile.getInputStream(Ljava/util/zip/ZipEntry;)Ljava/io/InputStream; @ 21
Event: 13.565 Thread 0x000000001741e800 Uncommon trap: reason=unstable_if action=reinterpret pc=0x0000000002d61200 method=java.util.LinkedHashMap.get(Ljava/lang/Object;)Ljava/lang/Object; @ 20

Internal exceptions (10 events):
Event: 13.306 Thread 0x000000001741e800 Exception <a 'java/lang/ClassNotFoundException': com/android/build/gradle/internal/api/DefaultAndroidSourceSet_DecoratedCustomizer> (0x00000000eae31f48) thrown at [C:\re\workspace\8-2-build-windows-amd64-cygwin\jdk8u101\7261\hotspot\src\share\vm\classfile\ûÚŸº∂’*@
Event: 13.417 Thread 0x000000001741e800 Implicit null exception at 0x0000000002d54268 to 0x0000000002d542f9
Event: 13.622 Thread 0x000000001741e800 Exception <a 'java/lang/ClassNotFoundException': com/android/build/gradle/internal/dsl/BuildType_DecoratedBeanInfo> (0x00000000ebf1d780) thrown at [C:\re\workspace\8-2-build-windows-amd64-cygwin\jdk8u101\7261\hotspot\src\share\vm\classfile\systemDictionaryrÄÉÊ?+@
Event: 13.623 Thread 0x000000001741e800 Exception <a 'java/lang/ClassNotFoundException': com/android/build/gradle/internal/dsl/BuildTypeBeanInfo> (0x00000000ebf2fac8) thrown at [C:\re\workspace\8-2-build-windows-amd64-cygwin\jdk8u101\7261\hotspot\src\share\vm\classfile\systemDictionary.cpp, lineÂ*≠É?+@
Event: 13.624 Thread 0x000000001741e800 Exception <a 'java/lang/ClassNotFoundException': com/android/builder/core/DefaultBuildTypeBeanInfo> (0x00000000ebf40980) thrown at [C:\re\workspace\8-2-build-windows-amd64-cygwin\jdk8u101\7261\hotspot\src\share\vm\classfile\systemDictionary.cpp, line 210]
Event: 13.625 Thread 0x000000001741e800 Exception <a 'java/lang/ClassNotFoundException': com/android/builder/internal/BaseConfigImplBeanInfo> (0x00000000ebf52c90) thrown at [C:\re\workspace\8-2-build-windows-amd64-cygwin\jdk8u101\7261\hotspot\src\share\vm\classfile\systemDictionary.cpp, line 210µú4K@+@
Event: 13.626 Thread 0x000000001741e800 Exception <a 'java/lang/ClassNotFoundException': com/android/builder/internal/BaseConfigImplCustomizer> (0x00000000ebf65020) thrown at [C:\re\workspace\8-2-build-windows-amd64-cygwin\jdk8u101\7261\hotspot\src\share\vm\classfile\systemDictionary.cpp, line 2 ÚaføA+@
Event: 13.628 Thread 0x000000001741e800 Exception <a 'java/lang/ClassNotFoundException': com/android/builder/core/DefaultBuildTypeCustomizer> (0x00000000ebfa1298) thrown at [C:\re\workspace\8-2-build-windows-amd64-cygwin\jdk8u101\7261\hotspot\src\share\vm\classfile\systemDictionary.cpp, line 210åçwﬂÁB+@
Event: 13.631 Thread 0x000000001741e800 Exception <a 'java/lang/ClassNotFoundException': com/android/build/gradle/internal/dsl/BuildTypeCustomizer> (0x00000000ebfd0610) thrown at [C:\re\workspace\8-2-build-windows-amd64-cygwin\jdk8u101\7261\hotspot\src\share\vm\classfile\systemDictionary.cpp, liS[$[ìD+@
Event: 13.634 Thread 0x000000001741e800 Exception <a 'java/lang/ClassNotFoundException': com/android/build/gradle/internal/dsl/BuildType_DecoratedCustomizer> (0x00000000ec018350) thrown at [C:\re\workspace\8-2-build-windows-amd64-cygwin\jdk8u101\7261\hotspot\src\share\vm\classfile\systemDictiona£ﬂë≥ú*@

Events (10 events):
Event: 13.696 loading class org/gradle/initialization/BuildClientMetaData
Event: 13.696 loading class org/gradle/initialization/BuildClientMetaData done
Event: 13.697 loading class org/gradle/api/internal/project/taskfactory/OutputFilePropertyAnnotationHandler$2
Event: 13.697 loading class org/gradle/api/internal/project/taskfactory/OutputFilePropertyAnnotationHandler$2 done
Event: 13.698 loading class org/gradle/api/internal/project/taskfactory/AnnotationProcessingTaskFactory$Validator$1
Event: 13.698 loading class org/gradle/api/internal/project/taskfactory/AnnotationProcessingTaskFactory$Validator$1 done
Event: 13.699 loading class org/gradle/api/internal/tasks/DefaultTaskOutputs$3
Event: 13.699 loading class org/gradle/api/internal/tasks/DefaultTaskOutputs$3 done
Event: 13.699 loading class org/gradle/api/internal/project/taskfactory/OutputFilePropertyAnnotationHandler$2$1
Event: 13.699 loading class org/gradle/api/internal/project/taskfactory/OutputFilePropertyAnnotationHandler$2$1 done


Dynamic libraries:
0x00007ff7e3000000 - 0x00007ff7e3037000 	C:\Program Files\Java\jdk1.8.0_101\bin\java.exe
0x00007ff8ddbc0000 - 0x00007ff8ddd82000 	C:\Windows\SYSTEM32\ntdll.dll
0x00007ff8dd150000 - 0x00007ff8dd1fd000 	C:\Windows\system32\KERNEL32.DLL
0x00007ff8da680000 - 0x00007ff8da85d000 	C:\Windows\system32\KERNELBASE.dll
0x00007ff8dd9f0000 - 0x00007ff8dda96000 	C:\Windows\system32\ADVAPI32.dll
0x00007ff8db280000 - 0x00007ff8db31d000 	C:\Windows\system32\msvcrt.dll
0x00007ff8dd640000 - 0x00007ff8dd69b000 	C:\Windows\system32\sechost.dll
0x00007ff8dd3b0000 - 0x00007ff8dd4d6000 	C:\Windows\system32\RPCRT4.dll
0x00007ff8dce70000 - 0x00007ff8dcfbe000 	C:\Windows\system32\USER32.dll
0x00007ff8db320000 - 0x00007ff8db4a5000 	C:\Windows\system32\GDI32.dll
0x00007ff8d1fa0000 - 0x00007ff8d2214000 	C:\Windows\WinSxS\amd64_microsoft.windows.common-controls_6595b64144ccf1df_6.0.10240.17184_none_f41d7a705752bce6\COMCTL32.dll
0x00007ff8db4b0000 - 0x00007ff8db4e6000 	C:\Windows\system32\IMM32.DLL
0x00007ff8dd4e0000 - 0x00007ff8dd63c000 	C:\Windows\system32\MSCTF.dll
0x0000000073c30000 - 0x0000000073d02000 	C:\Program Files\Java\jdk1.8.0_101\jre\bin\msvcr100.dll
0x0000000072920000 - 0x00000000731ba000 	C:\Program Files\Java\jdk1.8.0_101\jre\bin\server\jvm.dll
0x00007ff8dd140000 - 0x00007ff8dd148000 	C:\Windows\system32\PSAPI.DLL
0x00007ff8d8870000 - 0x00007ff8d8893000 	C:\Windows\SYSTEM32\WINMM.dll
0x00007ff8d7090000 - 0x00007ff8d709a000 	C:\Windows\SYSTEM32\VERSION.dll
0x00007ff8cd170000 - 0x00007ff8cd179000 	C:\Windows\SYSTEM32\WSOCK32.dll
0x00007ff8ddb50000 - 0x00007ff8ddbb9000 	C:\Windows\system32\WS2_32.dll
0x0000000001ea0000 - 0x0000000001ecc000 	C:\Windows\SYSTEM32\WINMMBASE.dll
0x00007ff8dd920000 - 0x00007ff8dd928000 	C:\Windows\system32\NSI.dll
0x00007ff8db230000 - 0x00007ff8db274000 	C:\Windows\system32\cfgmgr32.dll
0x00007ff8d9100000 - 0x00007ff8d9127000 	C:\Windows\SYSTEM32\DEVOBJ.dll
0x0000000073c20000 - 0x0000000073c2f000 	C:\Program Files\Java\jdk1.8.0_101\jre\bin\verify.dll
0x0000000073bf0000 - 0x0000000073c19000 	C:\Program Files\Java\jdk1.8.0_101\jre\bin\java.dll
0x0000000073bd0000 - 0x0000000073be6000 	C:\Program Files\Java\jdk1.8.0_101\jre\bin\zip.dll
0x00007ff8db720000 - 0x00007ff8dcc43000 	C:\Windows\system32\SHELL32.dll
0x00007ff8da860000 - 0x00007ff8dae89000 	C:\Windows\system32\windows.storage.dll
0x00007ff8dd6a0000 - 0x00007ff8dd91c000 	C:\Windows\system32\combase.dll
0x00007ff8dd930000 - 0x00007ff8dd981000 	C:\Windows\system32\shlwapi.dll
0x00007ff8da5e0000 - 0x00007ff8da5ef000 	C:\Windows\system32\kernel.appcore.dll
0x00007ff8db060000 - 0x00007ff8db113000 	C:\Windows\system32\shcore.dll
0x00007ff8da5f0000 - 0x00007ff8da63a000 	C:\Windows\system32\powrprof.dll
0x00007ff8da640000 - 0x00007ff8da653000 	C:\Windows\system32\profapi.dll
0x0000000073bb0000 - 0x0000000073bca000 	C:\Program Files\Java\jdk1.8.0_101\jre\bin\net.dll
0x00007ff8d9df0000 - 0x00007ff8d9e4d000 	C:\Windows\system32\mswsock.dll
0x0000000073b90000 - 0x0000000073ba1000 	C:\Program Files\Java\jdk1.8.0_101\jre\bin\nio.dll
0x00007ff8d4ca0000 - 0x00007ff8d4cb2000 	C:\Users\Little Fireflies\.gradle\native\19\windows-amd64\native-platform.dll
0x00007ff8d9e50000 - 0x00007ff8d9e67000 	C:\Windows\SYSTEM32\CRYPTSP.dll
0x00007ff8da510000 - 0x00007ff8da538000 	C:\Windows\SYSTEM32\bcrypt.dll
0x00007ff8d9aa0000 - 0x00007ff8d9ad3000 	C:\Windows\system32\rsaenh.dll
0x00007ff8d9b90000 - 0x00007ff8d9baf000 	C:\Windows\SYSTEM32\USERENV.dll
0x00007ff8da400000 - 0x00007ff8da46b000 	C:\Windows\system32\bcryptprimitives.dll
0x00007ff8d9fc0000 - 0x00007ff8d9fcb000 	C:\Windows\SYSTEM32\CRYPTBASE.dll
0x00007ff8d7da0000 - 0x00007ff8d7dd8000 	C:\Windows\SYSTEM32\IPHLPAPI.DLL
0x00007ff8d7b00000 - 0x00007ff8d7b0b000 	C:\Windows\SYSTEM32\WINNSI.DLL
0x00007ff8d5220000 - 0x00007ff8d5236000 	C:\Windows\SYSTEM32\dhcpcsvc6.DLL
0x00007ff8d5200000 - 0x00007ff8d521a000 	C:\Windows\SYSTEM32\dhcpcsvc.DLL
0x0000000073b80000 - 0x0000000073b8d000 	C:\Program Files\Java\jdk1.8.0_101\jre\bin\management.dll

VM Arguments:
jvm_args: -XX:MaxPermSize=256m -XX:+HeapDumpOnOutOfMemoryError -Xmx1024m -Dfile.encoding=windows-1252 -Duser.country=US -Duser.language=en -Duser.variant 
java_command: org.gradle.launcher.daemon.bootstrap.GradleDaemon 2.14.1
java_class_path (initial): C:\Users\Little Fireflies\.gradle\wrapper\dists\gradle-2.14.1-all\8bnwg5hd3w55iofp58khbp6yv\gradle-2.14.1\lib\gradle-launcher-2.14.1.jar
Launcher Type: SUN_STANDARD

Environment Variables:
JAVA_HOME=C:\Program Files\Java\jdk1.8.0_101
PATH=D:\app\widdyjp\product\12.1.0\dbhome_1\bin;C:\Program Files (x86)\Common Files\Intel\Shared Files\cpp\bin\Intel64;C:\Windows\system32;C:\Windows;C:\Windows\System32\Wbem;C:\Windows\System32\WindowsPowerShell\v1.0\;C:\Program Files\Java\jdk1.8.0_101\bin;C:\Program Files\Git\cmd;C:\Program Files (x86)\NVIDIA Corporation\PhysX\Common;C:\Windows\system32\config\systemprofile\.dnx\bin;C:\Program Files\Microsoft DNX\Dnvm\;C:\Program Files (x86)\Windows Kits\8.1\Windows Performance Toolkit\;C:\Program Files\Microsoft SQL Server\120\Tools\Binn\;C:\Program Files\Microsoft SQL Server\130\Tools\Binn\;E:\MasterApp\Android\sdk\platform-tools\
USERNAME=LittleFireflies
OS=Windows_NT
PROCESSOR_IDENTIFIER=Intel64 Family 6 Model 58 Stepping 9, GenuineIntel



---------------  S Y S T E M  ---------------

OS: Windows 10.0 , 64 bit Build 10240 (10.0.10240.17113)

CPU:total 4 (2 cores per cpu, 2 threads per core) family 6 model 58 stepping 9, cmov, cx8, fxsr, mmx, sse, sse2, sse3, ssse3, sse4.1, sse4.2, popcnt, avx, clmul, erms, ht, tsc, tscinvbit, tscinv

Memory: 4k page, physical 8271628k(1572784k free), swap 12425988k(5656k free)

vm_info: Java HotSpot(TM) 64-Bit Server VM (25.101-b13) for windows-amd64 JRE (1.8.0_101-b13), built on Jun 22 2016 01:21:29 by "java_re" with MS VC++ 10.0 (VS2010)

time: Fri Jan 27 13:09:49 2017
elapsed time: 13 seconds (0d 0h 0m 13s)

