#
# There is insufficient memory for the Java Runtime Environment to continue.
# Native memory allocation (malloc) failed to allocate 1865936 bytes for Chunk::new
# Possible reasons:
#   The system is out of physical RAM or swap space
#   In 32 bit mode, the process size limit was hit
# Possible solutions:
#   Reduce memory load on the system
#   Increase physical memory or swap space
#   Check if swap backing store is full
#   Use 64 bit Java on a 64 bit OS
#   Decrease Java heap size (-Xmx/-Xms)
#   Decrease number of Java threads
#   Decrease Java thread stack sizes (-Xss)
#   Set larger code cache with -XX:ReservedCodeCacheSize=
# This output file may be truncated or incomplete.
#
#  Out of Memory Error (allocation.cpp:390), pid=11096, tid=0x0000000000000d64
#
# JRE version: Java(TM) SE Runtime Environment (8.0_101-b13) (build 1.8.0_101-b13)
# Java VM: Java HotSpot(TM) 64-Bit Server VM (25.101-b13 mixed mode windows-amd64 compressed oops)
# Failed to write core dump. Minidumps are not enabled by default on client versions of Windows
#

---------------  T H R E A D  ---------------

Current thread (0x0000000015477800):  JavaThread "C2 CompilerThread1" daemon [_thread_in_native, id=3428, stack(0x0000000016ba0000,0x0000000016ca0000)]

Stack: [0x0000000016ba0000,0x0000000016ca0000]
[error occurred during error reporting (printing stack bounds), id 0xc0000005]

Native frames: (J=compiled Java code, j=interpreted, Vv=VM code, C=native code)


Current CompileTask:
C2:  18003 5418       4       com.google.common.collect.ImmutableList::hashCode (42 bytes)


---------------  P R O C E S S  ---------------

Java Threads: ( => current thread )
  0x0000000015480800 JavaThread "File lock request listener" [_thread_in_native, id=8496, stack(0x000000001c390000,0x000000001c490000)]
  0x000000001840c000 JavaThread "Stdin handler" [_thread_blocked, id=1164, stack(0x0000000019af0000,0x0000000019bf0000)]
  0x000000001840b800 JavaThread "Asynchronous log dispatcher for org.gradle.launcher.daemon.server.DefaultDaemonConnection@73e6f85d" [_thread_blocked, id=5628, stack(0x00000000199f0000,0x0000000019af0000)]
  0x00000000181de800 JavaThread "Daemon worker" [_thread_in_vm, id=1384, stack(0x00000000196f0000,0x00000000197f0000)]
  0x0000000018085800 JavaThread "Cancel handler" [_thread_blocked, id=10228, stack(0x00000000195f0000,0x00000000196f0000)]
  0x0000000017f15800 JavaThread "Handler for socket connection from /127.0.0.1:23308 to /127.0.0.1:23309" [_thread_in_native, id=6556, stack(0x00000000194f0000,0x00000000195f0000)]
  0x0000000017f14800 JavaThread "Daemon" [_thread_blocked, id=9240, stack(0x00000000193f0000,0x00000000194f0000)]
  0x0000000017e9a000 JavaThread "Incoming local TCP Connector on port 23308" [_thread_in_native, id=11220, stack(0x0000000019010000,0x0000000019110000)]
  0x0000000017f91800 JavaThread "pool-1-thread-1" [_thread_blocked, id=8832, stack(0x0000000017ba0000,0x0000000017ca0000)]
  0x0000000016dd2800 JavaThread "Service Thread" daemon [_thread_blocked, id=11244, stack(0x00000000171a0000,0x00000000172a0000)]
  0x000000001547f800 JavaThread "C1 CompilerThread2" daemon [_thread_blocked, id=9692, stack(0x0000000016ca0000,0x0000000016da0000)]
=>0x0000000015477800 JavaThread "C2 CompilerThread1" daemon [_thread_in_native, id=3428, stack(0x0000000016ba0000,0x0000000016ca0000)]
  0x0000000015471800 JavaThread "C2 CompilerThread0" daemon [_thread_in_native, id=11236, stack(0x0000000016aa0000,0x0000000016ba0000)]
  0x0000000015470000 JavaThread "Attach Listener" daemon [_thread_blocked, id=10480, stack(0x00000000169a0000,0x0000000016aa0000)]
  0x000000001546d000 JavaThread "Signal Dispatcher" daemon [_thread_blocked, id=3232, stack(0x00000000168a0000,0x00000000169a0000)]
  0x0000000002ccc000 JavaThread "Finalizer" daemon [_thread_blocked, id=4920, stack(0x00000000166c0000,0x00000000167c0000)]
  0x0000000002cc1000 JavaThread "Reference Handler" daemon [_thread_blocked, id=9500, stack(0x00000000165c0000,0x00000000166c0000)]
  0x0000000002bd2800 JavaThread "main" [_thread_blocked, id=10492, stack(0x0000000002a70000,0x0000000002b70000)]

Other Threads:
  0x0000000015437800 VMThread [stack: 0x00000000164c0000,0x00000000165c0000] [id=6788]
  0x0000000016dd6800 WatcherThread [stack: 0x00000000172a0000,0x00000000173a0000] [id=11120]

VM state:not at safepoint (normal execution)

VM Mutex/Monitor currently owned by a thread:  ([mutex/lock_event])
[0x0000000002bd14d0] CompileStatistics_lock - owner thread: 0x0000000000000000

Heap:
 PSYoungGen      total 117760K, used 51849K [0x00000000eab00000, 0x00000000f2d80000, 0x0000000100000000)
  eden space 105472K, 38% used [0x00000000eab00000,0x00000000ed29a4a8,0x00000000f1200000)
  from space 12288K, 91% used [0x00000000f1f00000,0x00000000f2a080e0,0x00000000f2b00000)
  to   space 13312K, 0% used [0x00000000f1200000,0x00000000f1200000,0x00000000f1f00000)
 ParOldGen       total 70656K, used 15105K [0x00000000c0000000, 0x00000000c4500000, 0x00000000eab00000)
  object space 70656K, 21% used [0x00000000c0000000,0x00000000c0ec0760,0x00000000c4500000)
 Metaspace       used 44328K, capacity 45306K, committed 45440K, reserved 1089536K
  class space    used 5999K, capacity 6258K, committed 6272K, reserved 1048576K

Card table byte_map: [0x0000000012160000,0x0000000012370000] byte_map_base: 0x0000000011b60000

Marking Bits: (ParMarkBitMap*) 0x000000007313a6d0
 Begin Bits: [0x00000000128d0000, 0x00000000138d0000)
 End Bits:   [0x00000000138d0000, 0x00000000148d0000)

Polling page: 0x0000000001280000

CodeCache: size=245760Kb used=18466Kb max_used=18467Kb free=227293Kb
 bounds [0x0000000002da0000, 0x0000000003fc0000, 0x0000000011da0000]
 total_blobs=5974 nmethods=5270 adapters=615
 compilation: enabled

Compilation events (10 events):
Event: 17.989 Thread 0x0000000015471800 5601       4       java.util.LinkedHashSet::<init> (10 bytes)
Event: 17.990 Thread 0x000000001547f800 5737   !   3       com.sun.beans.finder.InstanceFinder::instantiate (39 bytes)
Event: 17.992 Thread 0x000000001547f800 nmethod 5737 0x0000000003fb9110 code [0x0000000003fb9360, 0x0000000003fba1e8]
Event: 17.992 Thread 0x0000000015471800 nmethod 5601 0x0000000003fadd90 code [0x0000000003fadee0, 0x0000000003fadfd8]
Event: 17.992 Thread 0x000000001547f800 5738   !   3       com.sun.beans.finder.ClassFinder::findClass (25 bytes)
Event: 17.992 Thread 0x0000000015471800 5562       4       java.lang.Thread::interrupted (8 bytes)
Event: 17.992 Thread 0x000000001547f800 nmethod 5738 0x0000000003faf950 code [0x0000000003fafae0, 0x0000000003fafd68]
Event: 17.992 Thread 0x000000001547f800 5739   !   3       com.sun.beans.finder.ClassFinder::findClass (43 bytes)
Event: 17.993 Thread 0x0000000015471800 nmethod 5562 0x0000000003ddd610 code [0x0000000003ddd760, 0x0000000003ddd7e8]
Event: 17.993 Thread 0x0000000015471800 5559       4       sun.misc.URLClassPath$JarLoader$2::getContentLength (9 bytes)

GC Heap History (10 events):
Event: 12.275 GC heap before
{Heap before GC invocations=10 (full 1):
 PSYoungGen      total 74240K, used 69856K [0x00000000eab00000, 0x00000000efe00000, 0x0000000100000000)
  eden space 65536K, 100% used [0x00000000eab00000,0x00000000eeb00000,0x00000000eeb00000)
  from space 8704K, 49% used [0x00000000ef580000,0x00000000ef9b8020,0x00000000efe00000)
  to   space 9728K, 0% used [0x00000000eeb00000,0x00000000eeb00000,0x00000000ef480000)
 ParOldGen       total 70656K, used 11149K [0x00000000c0000000, 0x00000000c4500000, 0x00000000eab00000)
  object space 70656K, 15% used [0x00000000c0000000,0x00000000c0ae36f0,0x00000000c4500000)
 Metaspace       used 33230K, capacity 33872K, committed 34304K, reserved 1079296K
  class space    used 4559K, capacity 4747K, committed 4864K, reserved 1048576K
Event: 12.314 GC heap after
Heap after GC invocations=10 (full 1):
 PSYoungGen      total 75264K, used 9722K [0x00000000eab00000, 0x00000000f1200000, 0x0000000100000000)
  eden space 65536K, 0% used [0x00000000eab00000,0x00000000eab00000,0x00000000eeb00000)
  from space 9728K, 99% used [0x00000000eeb00000,0x00000000ef47ebd8,0x00000000ef480000)
  to   space 11264K, 0% used [0x00000000f0700000,0x00000000f0700000,0x00000000f1200000)
 ParOldGen       total 70656K, used 11395K [0x00000000c0000000, 0x00000000c4500000, 0x00000000eab00000)
  object space 70656K, 16% used [0x00000000c0000000,0x00000000c0b20e30,0x00000000c4500000)
 Metaspace       used 33230K, capacity 33872K, committed 34304K, reserved 1079296K
  class space    used 4559K, capacity 4747K, committed 4864K, reserved 1048576K
}
Event: 12.907 GC heap before
{Heap before GC invocations=11 (full 1):
 PSYoungGen      total 75264K, used 31256K [0x00000000eab00000, 0x00000000f1200000, 0x0000000100000000)
  eden space 65536K, 32% used [0x00000000eab00000,0x00000000ec007768,0x00000000eeb00000)
  from space 9728K, 99% used [0x00000000eeb00000,0x00000000ef47ebd8,0x00000000ef480000)
  to   space 11264K, 0% used [0x00000000f0700000,0x00000000f0700000,0x00000000f1200000)
 ParOldGen       total 70656K, used 11395K [0x00000000c0000000, 0x00000000c4500000, 0x00000000eab00000)
  object space 70656K, 16% used [0x00000000c0000000,0x00000000c0b20e30,0x00000000c4500000)
 Metaspace       used 34595K, capacity 35124K, committed 35456K, reserved 1079296K
  class space    used 4736K, capacity 4881K, committed 4992K, reserved 1048576K
Event: 12.940 GC heap after
Heap after GC invocations=11 (full 1):
 PSYoungGen      total 94208K, used 8203K [0x00000000eab00000, 0x00000000f1700000, 0x0000000100000000)
  eden space 82944K, 0% used [0x00000000eab00000,0x00000000eab00000,0x00000000efc00000)
  from space 11264K, 72% used [0x00000000f0700000,0x00000000f0f02cc0,0x00000000f1200000)
  to   space 11264K, 0% used [0x00000000efc00000,0x00000000efc00000,0x00000000f0700000)
 ParOldGen       total 70656K, used 11403K [0x00000000c0000000, 0x00000000c4500000, 0x00000000eab00000)
  object space 70656K, 16% used [0x00000000c0000000,0x00000000c0b22e30,0x00000000c4500000)
 Metaspace       used 34595K, capacity 35124K, committed 35456K, reserved 1079296K
  class space    used 4736K, capacity 4881K, committed 4992K, reserved 1048576K
}
Event: 12.940 GC heap before
{Heap before GC invocations=12 (full 2):
 PSYoungGen      total 94208K, used 8203K [0x00000000eab00000, 0x00000000f1700000, 0x0000000100000000)
  eden space 82944K, 0% used [0x00000000eab00000,0x00000000eab00000,0x00000000efc00000)
  from space 11264K, 72% used [0x00000000f0700000,0x00000000f0f02cc0,0x00000000f1200000)
  to   space 11264K, 0% used [0x00000000efc00000,0x00000000efc00000,0x00000000f0700000)
 ParOldGen       total 70656K, used 11403K [0x00000000c0000000, 0x00000000c4500000, 0x00000000eab00000)
  object space 70656K, 16% used [0x00000000c0000000,0x00000000c0b22e30,0x00000000c4500000)
 Metaspace       used 34595K, capacity 35124K, committed 35456K, reserved 1079296K
  class space    used 4736K, capacity 4881K, committed 4992K, reserved 1048576K
Event: 13.140 GC heap after
Heap after GC invocations=12 (full 2):
 PSYoungGen      total 94208K, used 0K [0x00000000eab00000, 0x00000000f1700000, 0x0000000100000000)
  eden space 82944K, 0% used [0x00000000eab00000,0x00000000eab00000,0x00000000efc00000)
  from space 11264K, 0% used [0x00000000f0700000,0x00000000f0700000,0x00000000f1200000)
  to   space 11264K, 0% used [0x00000000efc00000,0x00000000efc00000,0x00000000f0700000)
 ParOldGen       total 70656K, used 15025K [0x00000000c0000000, 0x00000000c4500000, 0x00000000eab00000)
  object space 70656K, 21% used [0x00000000c0000000,0x00000000c0eac750,0x00000000c4500000)
 Metaspace       used 34595K, capacity 35124K, committed 35456K, reserved 1079296K
  class space    used 4736K, capacity 4881K, committed 4992K, reserved 1048576K
}
Event: 15.598 GC heap before
{Heap before GC invocations=13 (full 2):
 PSYoungGen      total 94208K, used 82944K [0x00000000eab00000, 0x00000000f1700000, 0x0000000100000000)
  eden space 82944K, 100% used [0x00000000eab00000,0x00000000efc00000,0x00000000efc00000)
  from space 11264K, 0% used [0x00000000f0700000,0x00000000f0700000,0x00000000f1200000)
  to   space 11264K, 0% used [0x00000000efc00000,0x00000000efc00000,0x00000000f0700000)
 ParOldGen       total 70656K, used 15025K [0x00000000c0000000, 0x00000000c4500000, 0x00000000eab00000)
  object space 70656K, 21% used [0x00000000c0000000,0x00000000c0eac750,0x00000000c4500000)
 Metaspace       used 42172K, capacity 43004K, committed 43264K, reserved 1087488K
  class space    used 5776K, capacity 6023K, committed 6144K, reserved 1048576K
Event: 15.615 GC heap after
Heap after GC invocations=13 (full 2):
 PSYoungGen      total 94208K, used 9696K [0x00000000eab00000, 0x00000000f2b00000, 0x0000000100000000)
  eden space 82944K, 0% used [0x00000000eab00000,0x00000000eab00000,0x00000000efc00000)
  from space 11264K, 86% used [0x00000000efc00000,0x00000000f05782e8,0x00000000f0700000)
  to   space 12288K, 0% used [0x00000000f1f00000,0x00000000f1f00000,0x00000000f2b00000)
 ParOldGen       total 70656K, used 15033K [0x00000000c0000000, 0x00000000c4500000, 0x00000000eab00000)
  object space 70656K, 21% used [0x00000000c0000000,0x00000000c0eae750,0x00000000c4500000)
 Metaspace       used 42172K, capacity 43004K, committed 43264K, reserved 1087488K
  class space    used 5776K, capacity 6023K, committed 6144K, reserved 1048576K
}
Event: 17.151 GC heap before
{Heap before GC invocations=14 (full 2):
 PSYoungGen      total 94208K, used 92640K [0x00000000eab00000, 0x00000000f2b00000, 0x0000000100000000)
  eden space 82944K, 100% used [0x00000000eab00000,0x00000000efc00000,0x00000000efc00000)
  from space 11264K, 86% used [0x00000000efc00000,0x00000000f05782e8,0x00000000f0700000)
  to   space 12288K, 0% used [0x00000000f1f00000,0x00000000f1f00000,0x00000000f2b00000)
 ParOldGen       total 70656K, used 15033K [0x00000000c0000000, 0x00000000c4500000, 0x00000000eab00000)
  object space 70656K, 21% used [0x00000000c0000000,0x00000000c0eae750,0x00000000c4500000)
 Metaspace       used 43594K, capacity 44530K, committed 44672K, reserved 1087488K
  class space    used 5917K, capacity 6180K, committed 6272K, reserved 1048576K
Event: 17.188 GC heap after
Heap after GC invocations=14 (full 2):
 PSYoungGen      total 117760K, used 11296K [0x00000000eab00000, 0x00000000f2d80000, 0x0000000100000000)
  eden space 105472K, 0% used [0x00000000eab00000,0x00000000eab00000,0x00000000f1200000)
  from space 12288K, 91% used [0x00000000f1f00000,0x00000000f2a080e0,0x00000000f2b00000)
  to   space 13312K, 0% used [0x00000000f1200000,0x00000000f1200000,0x00000000f1f00000)
 ParOldGen       total 70656K, used 15105K [0x00000000c0000000, 0x00000000c4500000, 0x00000000eab00000)
  object space 70656K, 21% used [0x00000000c0000000,0x00000000c0ec0760,0x00000000c4500000)
 Metaspace       used 43594K, capacity 44530K, committed 44672K, reserved 1087488K
  class space    used 5917K, capacity 6180K, committed 6272K, reserved 1048576K
}

Deoptimization events (10 events):
Event: 14.324 Thread 0x00000000181de800 Uncommon trap: reason=class_check action=maybe_recompile pc=0x0000000003b9e294 method=groovy.lang.MetaMethod.isStatic()Z @ 1
Event: 14.333 Thread 0x00000000181de800 Uncommon trap: reason=unstable_if action=reinterpret pc=0x0000000003ba2b60 method=groovy.lang.MetaClassImpl.checkIfStdMethod(Lgroovy/lang/MetaMethod;)V @ 168
Event: 14.345 Thread 0x00000000181de800 Uncommon trap: reason=class_check action=maybe_recompile pc=0x0000000003b9e294 method=groovy.lang.MetaMethod.isStatic()Z @ 1
Event: 14.345 Thread 0x00000000181de800 Uncommon trap: reason=class_check action=maybe_recompile pc=0x0000000003b9e294 method=groovy.lang.MetaMethod.isStatic()Z @ 1
Event: 14.991 Thread 0x00000000181de800 Uncommon trap: reason=unstable_if action=reinterpret pc=0x00000000034ad2bc method=sun.misc.MetaIndex.mayContain(Ljava/lang/String;)Z @ 38
Event: 15.423 Thread 0x00000000181de800 Uncommon trap: reason=unstable_if action=reinterpret pc=0x00000000037e4644 method=java.lang.Integer.parseInt(Ljava/lang/String;I)I @ 197
Event: 15.618 Thread 0x0000000002ccc000 Uncommon trap: reason=unstable_if action=reinterpret pc=0x0000000003218b74 method=java.lang.ref.ReferenceQueue.poll()Ljava/lang/ref/Reference; @ 4
Event: 16.825 Thread 0x00000000181de800 Uncommon trap: reason=unstable_if action=reinterpret pc=0x0000000003b2e79c method=java.util.LinkedHashMap.afterNodeInsertion(Z)V @ 18
Event: 16.843 Thread 0x00000000181de800 Uncommon trap: reason=range_check action=make_not_entrant pc=0x0000000003d58914 method=java.lang.String.charAt(I)C @ 27
Event: 17.419 Thread 0x00000000181de800 Uncommon trap: reason=unstable_if action=reinterpret pc=0x00000000035be1d4 method=java.lang.Boolean.hashCode(Z)I @ 1

Internal exceptions (10 events):
Event: 16.601 Thread 0x00000000181de800 Exception <a 'java/lang/NoSuchMethodError': java.lang.Object.lambda$comparing$77a9974f$1(Ljava/util/function/Function;Ljava/lang/Object;Ljava/lang/Object;)I> (0x00000000ee6baba0) thrown at [C:\re\workspace\8-2-build-windows-amd64-cygwin\jdk8u101\7261\hotsp<_EiT›0@
Event: 16.607 Thread 0x00000000181de800 Exception <a 'java/lang/NoSuchMethodError': java.lang.Object.lambda$thenComparing$36697e65$1(Ljava/util/Comparator;Ljava/lang/Object;Ljava/lang/Object;)I> (0x00000000ee6d0f70) thrown at [C:\re\workspace\8-2-build-windows-amd64-cygwin\jdk8u101\7261\hotspot\ ­å‡¢0@
Event: 16.635 Thread 0x00000000181de800 Exception <a 'java/lang/NoSuchMethodError': java.lang.Object.lambda$maxBy$1(Ljava/util/Comparator;Ljava/lang/Object;Ljava/lang/Object;)Ljava/lang/Object;> (0x00000000ee777840) thrown at [C:\re\workspace\8-2-build-windows-amd64-cygwin\jdk8u101\7261\hotspot\Wðã$9°0@
Event: 16.688 Thread 0x00000000181de800 Exception <a 'sun/nio/fs/WindowsException'> (0x00000000ee925f78) thrown at [C:\re\workspace\8-2-build-windows-amd64-cygwin\jdk8u101\7261\hotspot\src\share\vm\prims\jni.cpp, line 709]
Event: 17.920 Thread 0x00000000181de800 Exception <a 'java/lang/ClassNotFoundException': com/android/build/gradle/internal/tasks/MockableAndroidJarTask_DecoratedBeanInfo> (0x00000000ecf0f0c0) thrown at [C:\re\workspace\8-2-build-windows-amd64-cygwin\jdk8u101\7261\hotspot\src\share\vm\classfile\sn¶n¬×ë1@
Event: 17.921 Thread 0x00000000181de800 Exception <a 'java/lang/ClassNotFoundException': com/android/build/gradle/internal/tasks/MockableAndroidJarTaskBeanInfo> (0x00000000ecf24280) thrown at [C:\re\workspace\8-2-build-windows-amd64-cygwin\jdk8u101\7261\hotspot\src\share\vm\classfile\systemDicti˜k¹ì1@
Event: 17.922 Thread 0x00000000181de800 Exception <a 'java/lang/ClassNotFoundException': com/android/build/gradle/internal/tasks/MockableAndroidJarTaskCustomizer> (0x00000000ecf39d58) thrown at [C:\re\workspace\8-2-build-windows-amd64-cygwin\jdk8u101\7261\hotspot\src\share\vm\classfile\systemDic
Event: 17.924 Thread 0x00000000181de800 Exception <a 'java/lang/ClassNotFoundException': com/android/build/gradle/internal/tasks/MockableAndroidJarTask_DecoratedCustomizer> (0x00000000ecf68290) thrown at [C:\re\workspace\8-2-build-windows-amd64-cygwin\jdk8u101\7261\hotspot\src\share\vm\classfileEkôÒMý1@
Event: 17.989 Thread 0x00000000181de800 Exception <a 'java/lang/ClassNotFoundException': com/android/build/gradle/internal/tasks/CheckManifest_DecoratedBeanInfo> (0x00000000ed109bc0) thrown at [C:\re\workspace\8-2-build-windows-amd64-cygwin\jdk8u101\7261\hotspot\src\share\vm\classfile\systemDicte‚Ž™èý1@
Event: 17.992 Thread 0x00000000181de800 Exception <a 'java/lang/ClassNotFoundException': com/android/build/gradle/internal/tasks/CheckManifestBeanInfo> (0x00000000ed11d538) thrown at [C:\re\workspace\8-2-build-windows-amd64-cygwin\jdk8u101\7261\hotspot\src\share\vm\classfile\systemDictionary.cppœ€"¿™0@

Events (10 events):
Event: 17.989 loading class com/android/build/gradle/internal/tasks/CheckManifest_DecoratedBeanInfo
Event: 17.989 loading class com/android/build/gradle/internal/tasks/CheckManifest_DecoratedBeanInfo done
Event: 17.990 loading class com/android/build/gradle/internal/tasks/CheckManifestBeanInfo
Event: 17.990 loading class com/android/build/gradle/internal/tasks/CheckManifestBeanInfo done
Event: 17.990 loading class com/android/build/gradle/internal/tasks/CheckManifestBeanInfo
Event: 17.990 loading class com/android/build/gradle/internal/tasks/CheckManifestBeanInfo done
Event: 17.992 loading class com/android/build/gradle/internal/tasks/CheckManifestBeanInfo
Event: 17.992 loading class com/android/build/gradle/internal/tasks/CheckManifestBeanInfo done
Event: 17.992 loading class com/android/build/gradle/internal/tasks/DefaultAndroidTaskBeanInfo
Event: 17.993 loading class com/android/build/gradle/internal/tasks/DefaultAndroidTaskBeanInfo done


Dynamic libraries:
0x00007ff7e3000000 - 0x00007ff7e3037000 	C:\Program Files\Java\jdk1.8.0_101\bin\java.exe
0x00007ff8ddbc0000 - 0x00007ff8ddd82000 	C:\Windows\SYSTEM32\ntdll.dll
0x00007ff8dd150000 - 0x00007ff8dd1fd000 	C:\Windows\system32\KERNEL32.DLL
0x00007ff8da680000 - 0x00007ff8da85d000 	C:\Windows\system32\KERNELBASE.dll
0x00007ff8dd9f0000 - 0x00007ff8dda96000 	C:\Windows\system32\ADVAPI32.dll
0x00007ff8db280000 - 0x00007ff8db31d000 	C:\Windows\system32\msvcrt.dll
0x00007ff8dd640000 - 0x00007ff8dd69b000 	C:\Windows\system32\sechost.dll
0x00007ff8dd3b0000 - 0x00007ff8dd4d6000 	C:\Windows\system32\RPCRT4.dll
0x00007ff8dce70000 - 0x00007ff8dcfbe000 	C:\Windows\system32\USER32.dll
0x00007ff8db320000 - 0x00007ff8db4a5000 	C:\Windows\system32\GDI32.dll
0x00007ff8d1fa0000 - 0x00007ff8d2214000 	C:\Windows\WinSxS\amd64_microsoft.windows.common-controls_6595b64144ccf1df_6.0.10240.17184_none_f41d7a705752bce6\COMCTL32.dll
0x00007ff8db4b0000 - 0x00007ff8db4e6000 	C:\Windows\system32\IMM32.DLL
0x00007ff8dd4e0000 - 0x00007ff8dd63c000 	C:\Windows\system32\MSCTF.dll
0x0000000073c30000 - 0x0000000073d02000 	C:\Program Files\Java\jdk1.8.0_101\jre\bin\msvcr100.dll
0x0000000072920000 - 0x00000000731ba000 	C:\Program Files\Java\jdk1.8.0_101\jre\bin\server\jvm.dll
0x00007ff8dd140000 - 0x00007ff8dd148000 	C:\Windows\system32\PSAPI.DLL
0x00007ff8cd170000 - 0x00007ff8cd179000 	C:\Windows\SYSTEM32\WSOCK32.dll
0x00007ff8d7090000 - 0x00007ff8d709a000 	C:\Windows\SYSTEM32\VERSION.dll
0x00007ff8d8870000 - 0x00007ff8d8893000 	C:\Windows\SYSTEM32\WINMM.dll
0x00007ff8ddb50000 - 0x00007ff8ddbb9000 	C:\Windows\system32\WS2_32.dll
0x00007ff8dd920000 - 0x00007ff8dd928000 	C:\Windows\system32\NSI.dll
0x00007ff8d8820000 - 0x00007ff8d884c000 	C:\Windows\SYSTEM32\WINMMBASE.dll
0x00007ff8db230000 - 0x00007ff8db274000 	C:\Windows\system32\cfgmgr32.dll
0x00007ff8d9100000 - 0x00007ff8d9127000 	C:\Windows\SYSTEM32\DEVOBJ.dll
0x0000000073c20000 - 0x0000000073c2f000 	C:\Program Files\Java\jdk1.8.0_101\jre\bin\verify.dll
0x0000000073bf0000 - 0x0000000073c19000 	C:\Program Files\Java\jdk1.8.0_101\jre\bin\java.dll
0x0000000073bd0000 - 0x0000000073be6000 	C:\Program Files\Java\jdk1.8.0_101\jre\bin\zip.dll
0x00007ff8db720000 - 0x00007ff8dcc43000 	C:\Windows\system32\SHELL32.dll
0x00007ff8da860000 - 0x00007ff8dae89000 	C:\Windows\system32\windows.storage.dll
0x00007ff8dd6a0000 - 0x00007ff8dd91c000 	C:\Windows\system32\combase.dll
0x00007ff8dd930000 - 0x00007ff8dd981000 	C:\Windows\system32\shlwapi.dll
0x00007ff8da5e0000 - 0x00007ff8da5ef000 	C:\Windows\system32\kernel.appcore.dll
0x00007ff8db060000 - 0x00007ff8db113000 	C:\Windows\system32\shcore.dll
0x00007ff8da5f0000 - 0x00007ff8da63a000 	C:\Windows\system32\powrprof.dll
0x00007ff8da640000 - 0x00007ff8da653000 	C:\Windows\system32\profapi.dll
0x0000000073bb0000 - 0x0000000073bca000 	C:\Program Files\Java\jdk1.8.0_101\jre\bin\net.dll
0x00007ff8d9df0000 - 0x00007ff8d9e4d000 	C:\Windows\system32\mswsock.dll
0x0000000073b90000 - 0x0000000073ba1000 	C:\Program Files\Java\jdk1.8.0_101\jre\bin\nio.dll
0x00007ff8d4ca0000 - 0x00007ff8d4cb2000 	C:\Users\Little Fireflies\.gradle\native\19\windows-amd64\native-platform.dll
0x00007ff8d9e50000 - 0x00007ff8d9e67000 	C:\Windows\SYSTEM32\CRYPTSP.dll
0x00007ff8da510000 - 0x00007ff8da538000 	C:\Windows\SYSTEM32\bcrypt.dll
0x00007ff8d9aa0000 - 0x00007ff8d9ad3000 	C:\Windows\system32\rsaenh.dll
0x00007ff8d9b90000 - 0x00007ff8d9baf000 	C:\Windows\SYSTEM32\USERENV.dll
0x00007ff8da400000 - 0x00007ff8da46b000 	C:\Windows\system32\bcryptprimitives.dll
0x00007ff8d9fc0000 - 0x00007ff8d9fcb000 	C:\Windows\SYSTEM32\CRYPTBASE.dll
0x00007ff8d7da0000 - 0x00007ff8d7dd8000 	C:\Windows\SYSTEM32\IPHLPAPI.DLL
0x00007ff8d7b00000 - 0x00007ff8d7b0b000 	C:\Windows\SYSTEM32\WINNSI.DLL
0x00007ff8d5220000 - 0x00007ff8d5236000 	C:\Windows\SYSTEM32\dhcpcsvc6.DLL
0x00007ff8d5200000 - 0x00007ff8d521a000 	C:\Windows\SYSTEM32\dhcpcsvc.DLL
0x0000000073b80000 - 0x0000000073b8d000 	C:\Program Files\Java\jdk1.8.0_101\jre\bin\management.dll

VM Arguments:
jvm_args: -XX:MaxPermSize=256m -XX:+HeapDumpOnOutOfMemoryError -Xmx1024m -Dfile.encoding=windows-1252 -Duser.country=US -Duser.language=en -Duser.variant 
java_command: org.gradle.launcher.daemon.bootstrap.GradleDaemon 2.14.1
java_class_path (initial): C:\Users\Little Fireflies\.gradle\wrapper\dists\gradle-2.14.1-all\8bnwg5hd3w55iofp58khbp6yv\gradle-2.14.1\lib\gradle-launcher-2.14.1.jar
Launcher Type: SUN_STANDARD

Environment Variables:
JAVA_HOME=C:\Program Files\Java\jdk1.8.0_101
PATH=D:\app\widdyjp\product\12.1.0\dbhome_1\bin;C:\Program Files (x86)\Common Files\Intel\Shared Files\cpp\bin\Intel64;C:\Windows\system32;C:\Windows;C:\Windows\System32\Wbem;C:\Windows\System32\WindowsPowerShell\v1.0\;C:\Program Files\Java\jdk1.8.0_101\bin;C:\Program Files\Git\cmd;C:\Program Files (x86)\NVIDIA Corporation\PhysX\Common;C:\Windows\system32\config\systemprofile\.dnx\bin;C:\Program Files\Microsoft DNX\Dnvm\;C:\Program Files (x86)\Windows Kits\8.1\Windows Performance Toolkit\;C:\Program Files\Microsoft SQL Server\120\Tools\Binn\;C:\Program Files\Microsoft SQL Server\130\Tools\Binn\;E:\MasterApp\Android\sdk\platform-tools\
USERNAME=LittleFireflies
OS=Windows_NT
PROCESSOR_IDENTIFIER=Intel64 Family 6 Model 58 Stepping 9, GenuineIntel



---------------  S Y S T E M  ---------------

OS: Windows 10.0 , 64 bit Build 10240 (10.0.10240.17113)

CPU:total 4 (2 cores per cpu, 2 threads per core) family 6 model 58 stepping 9, cmov, cx8, fxsr, mmx, sse, sse2, sse3, ssse3, sse4.1, sse4.2, popcnt, avx, clmul, erms, ht, tsc, tscinvbit, tscinv

Memory: 4k page, physical 8271628k(880248k free), swap 12425988k(5424k free)

vm_info: Java HotSpot(TM) 64-Bit Server VM (25.101-b13) for windows-amd64 JRE (1.8.0_101-b13), built on Jun 22 2016 01:21:29 by "java_re" with MS VC++ 10.0 (VS2010)

time: Fri Jan 27 12:51:45 2017
elapsed time: 18 seconds (0d 0h 0m 18s)

