#
# There is insufficient memory for the Java Runtime Environment to continue.
# Native memory allocation (malloc) failed to allocate 620816 bytes for Chunk::new
# Possible reasons:
#   The system is out of physical RAM or swap space
#   In 32 bit mode, the process size limit was hit
# Possible solutions:
#   Reduce memory load on the system
#   Increase physical memory or swap space
#   Check if swap backing store is full
#   Use 64 bit Java on a 64 bit OS
#   Decrease Java heap size (-Xmx/-Xms)
#   Decrease number of Java threads
#   Decrease Java thread stack sizes (-Xss)
#   Set larger code cache with -XX:ReservedCodeCacheSize=
# This output file may be truncated or incomplete.
#
#  Out of Memory Error (allocation.cpp:390), pid=9064, tid=0x00000000000018a8
#
# JRE version: Java(TM) SE Runtime Environment (8.0_101-b13) (build 1.8.0_101-b13)
# Java VM: Java HotSpot(TM) 64-Bit Server VM (25.101-b13 mixed mode windows-amd64 compressed oops)
# Failed to write core dump. Minidumps are not enabled by default on client versions of Windows
#

---------------  T H R E A D  ---------------

Current thread (0x0000000015170800):  JavaThread "C2 CompilerThread0" daemon [_thread_in_native, id=6312, stack(0x00000000167c0000,0x00000000168c0000)]

Stack: [0x00000000167c0000,0x00000000168c0000]
[error occurred during error reporting (printing stack bounds), id 0xc0000005]

Native frames: (J=compiled Java code, j=interpreted, Vv=VM code, C=native code)


Current CompileTask:
C2:  40663 10680       4       org.gradle.api.internal.changedetection.state.DefaultVisitedTree$1::transform (73 bytes)


---------------  P R O C E S S  ---------------

Java Threads: ( => current thread )
  0x000000001859c000 JavaThread "File lock request listener" [_thread_in_native, id=3620, stack(0x000000001c0a0000,0x000000001c1a0000)]
  0x0000000017dd3000 JavaThread "Stdin handler" [_thread_blocked, id=7768, stack(0x0000000019800000,0x0000000019900000)]
  0x0000000017dd2000 JavaThread "Asynchronous log dispatcher for org.gradle.launcher.daemon.server.DefaultDaemonConnection@1f4cdbb3" [_thread_blocked, id=8296, stack(0x0000000019700000,0x0000000019800000)]
  0x0000000017dcc000 JavaThread "Daemon worker" [_thread_in_native, id=10440, stack(0x0000000019400000,0x0000000019500000)]
  0x0000000017dc7000 JavaThread "Cancel handler" [_thread_blocked, id=3116, stack(0x0000000019300000,0x0000000019400000)]
  0x0000000017e46800 JavaThread "Handler for socket connection from /127.0.0.1:24271 to /127.0.0.1:24272" [_thread_in_native, id=8624, stack(0x0000000019200000,0x0000000019300000)]
  0x0000000017e46000 JavaThread "Daemon" [_thread_blocked, id=5844, stack(0x0000000019100000,0x0000000019200000)]
  0x0000000018049000 JavaThread "Incoming local TCP Connector on port 24271" [_thread_in_native, id=9672, stack(0x0000000018d20000,0x0000000018e20000)]
  0x0000000018032000 JavaThread "pool-1-thread-1" [_thread_blocked, id=10664, stack(0x00000000178c0000,0x00000000179c0000)]
  0x0000000016ae8800 JavaThread "Service Thread" daemon [_thread_blocked, id=10952, stack(0x0000000016ec0000,0x0000000016fc0000)]
  0x000000001517a800 JavaThread "C1 CompilerThread2" daemon [_thread_blocked, id=4772, stack(0x00000000169c0000,0x0000000016ac0000)]
  0x0000000015177800 JavaThread "C2 CompilerThread1" daemon [_thread_in_native, id=9564, stack(0x00000000168c0000,0x00000000169c0000)]
=>0x0000000015170800 JavaThread "C2 CompilerThread0" daemon [_thread_in_native, id=6312, stack(0x00000000167c0000,0x00000000168c0000)]
  0x000000001516f800 JavaThread "Attach Listener" daemon [_thread_blocked, id=10332, stack(0x00000000166c0000,0x00000000167c0000)]
  0x000000001516a800 JavaThread "Signal Dispatcher" daemon [_thread_blocked, id=8620, stack(0x00000000165c0000,0x00000000166c0000)]
  0x0000000002a9c000 JavaThread "Finalizer" daemon [_thread_blocked, id=8088, stack(0x00000000163d0000,0x00000000164d0000)]
  0x0000000002a91000 JavaThread "Reference Handler" daemon [_thread_blocked, id=8816, stack(0x00000000162d0000,0x00000000163d0000)]
  0x00000000029a2800 JavaThread "main" [_thread_blocked, id=11188, stack(0x00000000028a0000,0x00000000029a0000)]

Other Threads:
  0x0000000015137800 VMThread [stack: 0x00000000161d0000,0x00000000162d0000] [id=10316]
  0x0000000016aed800 WatcherThread [stack: 0x0000000016fc0000,0x00000000170c0000] [id=10000]

VM state:not at safepoint (normal execution)

VM Mutex/Monitor currently owned by a thread: None

Heap:
 PSYoungGen      total 194048K, used 66748K [0x00000000eab00000, 0x00000000faa80000, 0x0000000100000000)
  eden space 173056K, 38% used [0x00000000eab00000,0x00000000eec2f298,0x00000000f5400000)
  from space 20992K, 0% used [0x00000000f7800000,0x00000000f7800000,0x00000000f8c80000)
  to   space 36864K, 0% used [0x00000000f5400000,0x00000000f5400000,0x00000000f7800000)
 ParOldGen       total 102912K, used 44664K [0x00000000c0000000, 0x00000000c6480000, 0x00000000eab00000)
  object space 102912K, 43% used [0x00000000c0000000,0x00000000c2b9e250,0x00000000c6480000)
 Metaspace       used 61752K, capacity 63542K, committed 63744K, reserved 1103872K
  class space    used 8213K, capacity 8665K, committed 8704K, reserved 1048576K

Card table byte_map: [0x0000000011e60000,0x0000000012070000] byte_map_base: 0x0000000011860000

Marking Bits: (ParMarkBitMap*) 0x000000007313a6d0
 Begin Bits: [0x00000000125d0000, 0x00000000135d0000)
 End Bits:   [0x00000000135d0000, 0x00000000145d0000)

Polling page: 0x0000000000d20000

CodeCache: size=245760Kb used=28530Kb max_used=30614Kb free=217229Kb
 bounds [0x0000000002aa0000, 0x00000000048b0000, 0x0000000011aa0000]
 total_blobs=9447 nmethods=8673 adapters=685
 compilation: enabled

Compilation events (10 events):
Event: 40.625 Thread 0x000000001517a800 10713       3       java.util.zip.ZipInputStream::readFully (44 bytes)
Event: 40.626 Thread 0x000000001517a800 nmethod 10713 0x0000000002be9590 code [0x0000000002be9720, 0x0000000002be9af8]
Event: 40.629 Thread 0x000000001517a800 10714       3       java.util.zip.InflaterInputStream::fill (60 bytes)
Event: 40.630 Thread 0x000000001517a800 nmethod 10714 0x0000000002ee3110 code [0x0000000002ee32c0, 0x0000000002ee3798]
Event: 40.630 Thread 0x000000001517a800 10716       3       java.util.zip.DeflaterOutputStream::write (88 bytes)
Event: 40.631 Thread 0x000000001517a800 nmethod 10716 0x000000000434d350 code [0x000000000434d540, 0x000000000434e158]
Event: 40.631 Thread 0x000000001517a800 10715  s    3       java.util.zip.ZipOutputStream::write (175 bytes)
Event: 40.633 Thread 0x000000001517a800 nmethod 10715 0x0000000003d3ba90 code [0x0000000003d3bcc0, 0x0000000003d3c818]
Event: 40.633 Thread 0x000000001517a800 10717       3       org.gradle.internal.logging.slf4j.OutputEventListenerBackedLogger::isEnabled (6 bytes)
Event: 40.634 Thread 0x000000001517a800 nmethod 10717 0x000000000441c910 code [0x000000000441caa0, 0x000000000441cf68]

GC Heap History (10 events):
Event: 16.163 GC heap before
{Heap before GC invocations=11 (full 2):
 PSYoungGen      total 141312K, used 129536K [0x00000000eab00000, 0x00000000f4880000, 0x0000000100000000)
  eden space 129536K, 100% used [0x00000000eab00000,0x00000000f2980000,0x00000000f2980000)
  from space 11776K, 0% used [0x00000000f3480000,0x00000000f3480000,0x00000000f4000000)
  to   space 11264K, 0% used [0x00000000f2980000,0x00000000f2980000,0x00000000f3480000)
 ParOldGen       total 102912K, used 14967K [0x00000000c0000000, 0x00000000c6480000, 0x00000000eab00000)
  object space 102912K, 14% used [0x00000000c0000000,0x00000000c0e9de30,0x00000000c6480000)
 Metaspace       used 42584K, capacity 43432K, committed 43648K, reserved 1087488K
  class space    used 5784K, capacity 6002K, committed 6016K, reserved 1048576K
Event: 16.184 GC heap after
Heap after GC invocations=11 (full 2):
 PSYoungGen      total 140800K, used 11232K [0x00000000eab00000, 0x00000000f5f80000, 0x0000000100000000)
  eden space 129536K, 0% used [0x00000000eab00000,0x00000000eab00000,0x00000000f2980000)
  from space 11264K, 99% used [0x00000000f2980000,0x00000000f34783d0,0x00000000f3480000)
  to   space 12800K, 0% used [0x00000000f5300000,0x00000000f5300000,0x00000000f5f80000)
 ParOldGen       total 102912K, used 15495K [0x00000000c0000000, 0x00000000c6480000, 0x00000000eab00000)
  object space 102912K, 15% used [0x00000000c0000000,0x00000000c0f21c80,0x00000000c6480000)
 Metaspace       used 42584K, capacity 43432K, committed 43648K, reserved 1087488K
  class space    used 5784K, capacity 6002K, committed 6016K, reserved 1048576K
}
Event: 19.179 GC heap before
{Heap before GC invocations=12 (full 2):
 PSYoungGen      total 140800K, used 140768K [0x00000000eab00000, 0x00000000f5f80000, 0x0000000100000000)
  eden space 129536K, 100% used [0x00000000eab00000,0x00000000f2980000,0x00000000f2980000)
  from space 11264K, 99% used [0x00000000f2980000,0x00000000f34783d0,0x00000000f3480000)
  to   space 12800K, 0% used [0x00000000f5300000,0x00000000f5300000,0x00000000f5f80000)
 ParOldGen       total 102912K, used 15495K [0x00000000c0000000, 0x00000000c6480000, 0x00000000eab00000)
  object space 102912K, 15% used [0x00000000c0000000,0x00000000c0f21c80,0x00000000c6480000)
 Metaspace       used 46484K, capacity 47650K, committed 47872K, reserved 1091584K
  class space    used 6345K, capacity 6642K, committed 6656K, reserved 1048576K
Event: 19.217 GC heap after
Heap after GC invocations=12 (full 2):
 PSYoungGen      total 168960K, used 12794K [0x00000000eab00000, 0x00000000f6500000, 0x0000000100000000)
  eden space 156160K, 0% used [0x00000000eab00000,0x00000000eab00000,0x00000000f4380000)
  from space 12800K, 99% used [0x00000000f5300000,0x00000000f5f7eb70,0x00000000f5f80000)
  to   space 15872K, 0% used [0x00000000f4380000,0x00000000f4380000,0x00000000f5300000)
 ParOldGen       total 102912K, used 19510K [0x00000000c0000000, 0x00000000c6480000, 0x00000000eab00000)
  object space 102912K, 18% used [0x00000000c0000000,0x00000000c130da20,0x00000000c6480000)
 Metaspace       used 46484K, capacity 47650K, committed 47872K, reserved 1091584K
  class space    used 6345K, capacity 6642K, committed 6656K, reserved 1048576K
}
Event: 25.427 GC heap before
{Heap before GC invocations=13 (full 2):
 PSYoungGen      total 168960K, used 168954K [0x00000000eab00000, 0x00000000f6500000, 0x0000000100000000)
  eden space 156160K, 100% used [0x00000000eab00000,0x00000000f4380000,0x00000000f4380000)
  from space 12800K, 99% used [0x00000000f5300000,0x00000000f5f7eb70,0x00000000f5f80000)
  to   space 15872K, 0% used [0x00000000f4380000,0x00000000f4380000,0x00000000f5300000)
 ParOldGen       total 102912K, used 19510K [0x00000000c0000000, 0x00000000c6480000, 0x00000000eab00000)
  object space 102912K, 18% used [0x00000000c0000000,0x00000000c130da20,0x00000000c6480000)
 Metaspace       used 54814K, capacity 56332K, committed 56448K, reserved 1097728K
  class space    used 7441K, capacity 7797K, committed 7808K, reserved 1048576K
Event: 25.477 GC heap after
Heap after GC invocations=13 (full 2):
 PSYoungGen      total 172032K, used 15856K [0x00000000eab00000, 0x00000000f8c80000, 0x0000000100000000)
  eden space 156160K, 0% used [0x00000000eab00000,0x00000000eab00000,0x00000000f4380000)
  from space 15872K, 99% used [0x00000000f4380000,0x00000000f52fc120,0x00000000f5300000)
  to   space 20992K, 0% used [0x00000000f7800000,0x00000000f7800000,0x00000000f8c80000)
 ParOldGen       total 102912K, used 28067K [0x00000000c0000000, 0x00000000c6480000, 0x00000000eab00000)
  object space 102912K, 27% used [0x00000000c0000000,0x00000000c1b68c90,0x00000000c6480000)
 Metaspace       used 54814K, capacity 56332K, committed 56448K, reserved 1097728K
  class space    used 7441K, capacity 7797K, committed 7808K, reserved 1048576K
}
Event: 34.595 GC heap before
{Heap before GC invocations=14 (full 2):
 PSYoungGen      total 172032K, used 162376K [0x00000000eab00000, 0x00000000f8c80000, 0x0000000100000000)
  eden space 156160K, 93% used [0x00000000eab00000,0x00000000f3a15f48,0x00000000f4380000)
  from space 15872K, 99% used [0x00000000f4380000,0x00000000f52fc120,0x00000000f5300000)
  to   space 20992K, 0% used [0x00000000f7800000,0x00000000f7800000,0x00000000f8c80000)
 ParOldGen       total 102912K, used 28067K [0x00000000c0000000, 0x00000000c6480000, 0x00000000eab00000)
  object space 102912K, 27% used [0x00000000c0000000,0x00000000c1b68c90,0x00000000c6480000)
 Metaspace       used 57593K, capacity 59050K, committed 59096K, reserved 1099776K
  class space    used 7679K, capacity 8054K, committed 8064K, reserved 1048576K
Event: 34.689 GC heap after
Heap after GC invocations=14 (full 2):
 PSYoungGen      total 194048K, used 20976K [0x00000000eab00000, 0x00000000faa80000, 0x0000000100000000)
  eden space 173056K, 0% used [0x00000000eab00000,0x00000000eab00000,0x00000000f5400000)
  from space 20992K, 99% used [0x00000000f7800000,0x00000000f8c7c220,0x00000000f8c80000)
  to   space 36864K, 0% used [0x00000000f5400000,0x00000000f5400000,0x00000000f7800000)
 ParOldGen       total 102912K, used 62881K [0x00000000c0000000, 0x00000000c6480000, 0x00000000eab00000)
  object space 102912K, 61% used [0x00000000c0000000,0x00000000c3d68418,0x00000000c6480000)
 Metaspace       used 57593K, capacity 59050K, committed 59096K, reserved 1099776K
  class space    used 7679K, capacity 8054K, committed 8064K, reserved 1048576K
}
Event: 34.689 GC heap before
{Heap before GC invocations=15 (full 3):
 PSYoungGen      total 194048K, used 20976K [0x00000000eab00000, 0x00000000faa80000, 0x0000000100000000)
  eden space 173056K, 0% used [0x00000000eab00000,0x00000000eab00000,0x00000000f5400000)
  from space 20992K, 99% used [0x00000000f7800000,0x00000000f8c7c220,0x00000000f8c80000)
  to   space 36864K, 0% used [0x00000000f5400000,0x00000000f5400000,0x00000000f7800000)
 ParOldGen       total 102912K, used 62881K [0x00000000c0000000, 0x00000000c6480000, 0x00000000eab00000)
  object space 102912K, 61% used [0x00000000c0000000,0x00000000c3d68418,0x00000000c6480000)
 Metaspace       used 57593K, capacity 59050K, committed 59096K, reserved 1099776K
  class space    used 7679K, capacity 8054K, committed 8064K, reserved 1048576K
Event: 35.222 GC heap after
Heap after GC invocations=15 (full 3):
 PSYoungGen      total 194048K, used 0K [0x00000000eab00000, 0x00000000faa80000, 0x0000000100000000)
  eden space 173056K, 0% used [0x00000000eab00000,0x00000000eab00000,0x00000000f5400000)
  from space 20992K, 0% used [0x00000000f7800000,0x00000000f7800000,0x00000000f8c80000)
  to   space 36864K, 0% used [0x00000000f5400000,0x00000000f5400000,0x00000000f7800000)
 ParOldGen       total 102912K, used 44664K [0x00000000c0000000, 0x00000000c6480000, 0x00000000eab00000)
  object space 102912K, 43% used [0x00000000c0000000,0x00000000c2b9e250,0x00000000c6480000)
 Metaspace       used 57362K, capacity 58796K, committed 59096K, reserved 1099776K
  class space    used 7653K, capacity 8013K, committed 8064K, reserved 1048576K
}

Deoptimization events (10 events):
Event: 37.132 Thread 0x0000000018595800 Uncommon trap: reason=bimorphic action=maybe_recompile pc=0x0000000002cd2150 method=java.io.BufferedInputStream.read1([BII)I @ 39
Event: 37.132 Thread 0x0000000018595800 Uncommon trap: reason=bimorphic action=maybe_recompile pc=0x0000000002cd2150 method=java.io.BufferedInputStream.read1([BII)I @ 39
Event: 37.132 Thread 0x0000000018595800 Uncommon trap: reason=bimorphic action=maybe_recompile pc=0x0000000002cd2150 method=java.io.BufferedInputStream.read1([BII)I @ 39
Event: 37.132 Thread 0x0000000018595800 Uncommon trap: reason=bimorphic action=maybe_recompile pc=0x0000000003a2da7c method=java.io.BufferedInputStream.read1([BII)I @ 39
Event: 37.160 Thread 0x0000000018595800 Uncommon trap: reason=class_check action=maybe_recompile pc=0x000000000476c2d8 method=java.util.jar.JarFile.getJarEntry(Ljava/lang/String;)Ljava/util/jar/JarEntry; @ 2
Event: 40.137 Thread 0x0000000018595800 Uncommon trap: reason=unstable_if action=reinterpret pc=0x0000000003911ec8 method=java.lang.String.indexOf([CII[CIII)I @ 27
Event: 40.554 Thread 0x0000000017dcc000 Uncommon trap: reason=class_check action=maybe_recompile pc=0x0000000003697030 method=java.util.zip.InflaterInputStream.read([BII)I @ 100
Event: 40.555 Thread 0x0000000017dcc000 Uncommon trap: reason=class_check action=maybe_recompile pc=0x0000000003697030 method=java.util.zip.InflaterInputStream.read([BII)I @ 100
Event: 40.555 Thread 0x0000000017dcc000 Uncommon trap: reason=class_check action=maybe_recompile pc=0x0000000003697030 method=java.util.zip.InflaterInputStream.read([BII)I @ 100
Event: 40.555 Thread 0x0000000017dcc000 Uncommon trap: reason=class_check action=maybe_recompile pc=0x0000000003697030 method=java.util.zip.InflaterInputStream.read([BII)I @ 100

Internal exceptions (10 events):
Event: 36.118 Thread 0x0000000017dcc000 Exception <a 'java/lang/ClassNotFoundException': javassist/expr/ExprBeanInfo> (0x00000000ec39c030) thrown at [C:\re\workspace\8-2-build-windows-amd64-cygwin\jdk8u101\7261\hotspot\src\share\vm\classfile\systemDictionary.cpp, line 210]
Event: 36.119 Thread 0x0000000017dcc000 Exception <a 'java/lang/ClassNotFoundException': javassist/expr/ExprCustomizer> (0x00000000ec3aa590) thrown at [C:\re\workspace\8-2-build-windows-amd64-cygwin\jdk8u101\7261\hotspot\src\share\vm\classfile\systemDictionary.cpp, line 210]
Event: 36.120 Thread 0x0000000017dcc000 Exception <a 'java/lang/ClassNotFoundException': javassist/expr/FieldAccessCustomizer> (0x00000000ec3bf130) thrown at [C:\re\workspace\8-2-build-windows-amd64-cygwin\jdk8u101\7261\hotspot\src\share\vm\classfile\systemDictionary.cpp, line 210]
Event: 36.560 Thread 0x0000000017dcc000 Exception <a 'java/lang/ClassNotFoundException': java/lang/LongBeanInfo> (0x00000000ed433c18) thrown at [C:\re\workspace\8-2-build-windows-amd64-cygwin\jdk8u101\7261\hotspot\src\share\vm\classfile\systemDictionary.cpp, line 210]
Event: 36.560 Thread 0x0000000017dcc000 Exception <a 'java/lang/ClassNotFoundException': java/lang/LongCustomizer> (0x00000000ed43a9b8) thrown at [C:\re\workspace\8-2-build-windows-amd64-cygwin\jdk8u101\7261\hotspot\src\share\vm\classfile\systemDictionary.cpp, line 210]
Event: 36.587 Thread 0x0000000017dcc000 Exception <a 'java/lang/ClassNotFoundException': java/util/Collections$UnmodifiableMapBeanInfo> (0x00000000ed4fba30) thrown at [C:\re\workspace\8-2-build-windows-amd64-cygwin\jdk8u101\7261\hotspot\src\share\vm\classfile\systemDictionary.cpp, line 210]
Event: 36.587 Thread 0x0000000017dcc000 Exception <a 'java/lang/ClassNotFoundException': java/util/Collections$UnmodifiableMapCustomizer> (0x00000000ed5050b8) thrown at [C:\re\workspace\8-2-build-windows-amd64-cygwin\jdk8u101\7261\hotspot\src\share\vm\classfile\systemDictionary.cpp, line 210]
Event: 36.604 Thread 0x0000000017dcc000 Exception <a 'java/lang/ClassNotFoundException': io/realm/transformer/RealmAnalyticsBeanInfo> (0x00000000ed55fb90) thrown at [C:\re\workspace\8-2-build-windows-amd64-cygwin\jdk8u101\7261\hotspot\src\share\vm\classfile\systemDictionary.cpp, line 210]
Event: 36.604 Thread 0x0000000017dcc000 Exception <a 'java/lang/ClassNotFoundException': io/realm/transformer/RealmAnalyticsCustomizer> (0x00000000ed56ff08) thrown at [C:\re\workspace\8-2-build-windows-amd64-cygwin\jdk8u101\7261\hotspot\src\share\vm\classfile\systemDictionary.cpp, line 210]
Event: 40.427 Thread 0x0000000017dcc000 Exception <a 'java/lang/NoSuchMethodError': <clinit>> (0x00000000ee8c83f0) thrown at [C:\re\workspace\8-2-build-windows-amd64-cygwin\jdk8u101\7261\hotspot\src\share\vm\prims\jni.cpp, line 1613]

Events (10 events):
Event: 40.554 Thread 0x0000000017dcc000 DEOPT UNPACKING pc=0x0000000002ae582a sp=0x00000000194fc328 mode 2
Event: 40.555 Thread 0x0000000017dcc000 Uncommon trap: trap_request=0xffffffde fr.pc=0x0000000003697030
Event: 40.555 Thread 0x0000000017dcc000 DEOPT PACKING pc=0x0000000003697030 sp=0x00000000194fc310
Event: 40.555 Thread 0x0000000017dcc000 DEOPT UNPACKING pc=0x0000000002ae582a sp=0x00000000194fc328 mode 2
Event: 40.555 Thread 0x0000000017dcc000 Uncommon trap: trap_request=0xffffffde fr.pc=0x0000000003697030
Event: 40.555 Thread 0x0000000017dcc000 DEOPT PACKING pc=0x0000000003697030 sp=0x00000000194fc310
Event: 40.555 Thread 0x0000000017dcc000 DEOPT UNPACKING pc=0x0000000002ae582a sp=0x00000000194fc328 mode 2
Event: 40.555 Thread 0x0000000017dcc000 Uncommon trap: trap_request=0xffffffde fr.pc=0x0000000003697030
Event: 40.555 Thread 0x0000000017dcc000 DEOPT PACKING pc=0x0000000003697030 sp=0x00000000194fc310
Event: 40.556 Thread 0x0000000017dcc000 DEOPT UNPACKING pc=0x0000000002ae582a sp=0x00000000194fc328 mode 2


Dynamic libraries:
0x00007ff7e3000000 - 0x00007ff7e3037000 	C:\Program Files\Java\jdk1.8.0_101\bin\java.exe
0x00007ff8ddbc0000 - 0x00007ff8ddd82000 	C:\Windows\SYSTEM32\ntdll.dll
0x00007ff8dd150000 - 0x00007ff8dd1fd000 	C:\Windows\system32\KERNEL32.DLL
0x00007ff8da680000 - 0x00007ff8da85d000 	C:\Windows\system32\KERNELBASE.dll
0x00007ff8dd9f0000 - 0x00007ff8dda96000 	C:\Windows\system32\ADVAPI32.dll
0x00007ff8db280000 - 0x00007ff8db31d000 	C:\Windows\system32\msvcrt.dll
0x00007ff8dd640000 - 0x00007ff8dd69b000 	C:\Windows\system32\sechost.dll
0x00007ff8dd3b0000 - 0x00007ff8dd4d6000 	C:\Windows\system32\RPCRT4.dll
0x00007ff8dce70000 - 0x00007ff8dcfbe000 	C:\Windows\system32\USER32.dll
0x00007ff8db320000 - 0x00007ff8db4a5000 	C:\Windows\system32\GDI32.dll
0x00007ff8d1fa0000 - 0x00007ff8d2214000 	C:\Windows\WinSxS\amd64_microsoft.windows.common-controls_6595b64144ccf1df_6.0.10240.17184_none_f41d7a705752bce6\COMCTL32.dll
0x00007ff8db4b0000 - 0x00007ff8db4e6000 	C:\Windows\system32\IMM32.DLL
0x00007ff8dd4e0000 - 0x00007ff8dd63c000 	C:\Windows\system32\MSCTF.dll
0x0000000073c30000 - 0x0000000073d02000 	C:\Program Files\Java\jdk1.8.0_101\jre\bin\msvcr100.dll
0x0000000072920000 - 0x00000000731ba000 	C:\Program Files\Java\jdk1.8.0_101\jre\bin\server\jvm.dll
0x00007ff8dd140000 - 0x00007ff8dd148000 	C:\Windows\system32\PSAPI.DLL
0x00007ff8d7090000 - 0x00007ff8d709a000 	C:\Windows\SYSTEM32\VERSION.dll
0x00007ff8d8870000 - 0x00007ff8d8893000 	C:\Windows\SYSTEM32\WINMM.dll
0x00007ff8cd170000 - 0x00007ff8cd179000 	C:\Windows\SYSTEM32\WSOCK32.dll
0x00007ff8ddb50000 - 0x00007ff8ddbb9000 	C:\Windows\system32\WS2_32.dll
0x00007ff8d8820000 - 0x00007ff8d884c000 	C:\Windows\SYSTEM32\WINMMBASE.dll
0x00007ff8dd920000 - 0x00007ff8dd928000 	C:\Windows\system32\NSI.dll
0x00007ff8db230000 - 0x00007ff8db274000 	C:\Windows\system32\cfgmgr32.dll
0x00007ff8d9100000 - 0x00007ff8d9127000 	C:\Windows\SYSTEM32\DEVOBJ.dll
0x0000000073c20000 - 0x0000000073c2f000 	C:\Program Files\Java\jdk1.8.0_101\jre\bin\verify.dll
0x0000000073bf0000 - 0x0000000073c19000 	C:\Program Files\Java\jdk1.8.0_101\jre\bin\java.dll
0x0000000073bd0000 - 0x0000000073be6000 	C:\Program Files\Java\jdk1.8.0_101\jre\bin\zip.dll
0x00007ff8db720000 - 0x00007ff8dcc43000 	C:\Windows\system32\SHELL32.dll
0x00007ff8da860000 - 0x00007ff8dae89000 	C:\Windows\system32\windows.storage.dll
0x00007ff8dd6a0000 - 0x00007ff8dd91c000 	C:\Windows\system32\combase.dll
0x00007ff8dd930000 - 0x00007ff8dd981000 	C:\Windows\system32\shlwapi.dll
0x00007ff8da5e0000 - 0x00007ff8da5ef000 	C:\Windows\system32\kernel.appcore.dll
0x00007ff8db060000 - 0x00007ff8db113000 	C:\Windows\system32\shcore.dll
0x00007ff8da5f0000 - 0x00007ff8da63a000 	C:\Windows\system32\powrprof.dll
0x00007ff8da640000 - 0x00007ff8da653000 	C:\Windows\system32\profapi.dll
0x0000000073bb0000 - 0x0000000073bca000 	C:\Program Files\Java\jdk1.8.0_101\jre\bin\net.dll
0x00007ff8d9df0000 - 0x00007ff8d9e4d000 	C:\Windows\system32\mswsock.dll
0x0000000073b90000 - 0x0000000073ba1000 	C:\Program Files\Java\jdk1.8.0_101\jre\bin\nio.dll
0x00007ff8d4ca0000 - 0x00007ff8d4cb2000 	C:\Users\Little Fireflies\.gradle\native\19\windows-amd64\native-platform.dll
0x00007ff8d9e50000 - 0x00007ff8d9e67000 	C:\Windows\SYSTEM32\CRYPTSP.dll
0x00007ff8da510000 - 0x00007ff8da538000 	C:\Windows\SYSTEM32\bcrypt.dll
0x00007ff8d9aa0000 - 0x00007ff8d9ad3000 	C:\Windows\system32\rsaenh.dll
0x00007ff8d9b90000 - 0x00007ff8d9baf000 	C:\Windows\SYSTEM32\USERENV.dll
0x00007ff8da400000 - 0x00007ff8da46b000 	C:\Windows\system32\bcryptprimitives.dll
0x00007ff8d9fc0000 - 0x00007ff8d9fcb000 	C:\Windows\SYSTEM32\CRYPTBASE.dll
0x00007ff8d7da0000 - 0x00007ff8d7dd8000 	C:\Windows\SYSTEM32\IPHLPAPI.DLL
0x00007ff8d7b00000 - 0x00007ff8d7b0b000 	C:\Windows\SYSTEM32\WINNSI.DLL
0x00007ff8d5220000 - 0x00007ff8d5236000 	C:\Windows\SYSTEM32\dhcpcsvc6.DLL
0x00007ff8d5200000 - 0x00007ff8d521a000 	C:\Windows\SYSTEM32\dhcpcsvc.DLL
0x0000000073b80000 - 0x0000000073b8d000 	C:\Program Files\Java\jdk1.8.0_101\jre\bin\management.dll
0x00007ff8d9bf0000 - 0x00007ff8d9c98000 	C:\Windows\SYSTEM32\DNSAPI.dll
0x00007ff8d4820000 - 0x00007ff8d482a000 	C:\Windows\System32\rasadhlp.dll
0x00007ff8d5290000 - 0x00007ff8d52f8000 	C:\Windows\System32\fwpuclnt.dll
0x0000000073b50000 - 0x0000000073b74000 	C:\Program Files\Java\jdk1.8.0_101\jre\bin\sunec.dll
0x0000000073b40000 - 0x0000000073b4b000 	C:\Program Files\Java\jdk1.8.0_101\jre\bin\sunmscapi.dll
0x00007ff8dae90000 - 0x00007ff8db051000 	C:\Windows\system32\CRYPT32.dll
0x00007ff8da660000 - 0x00007ff8da671000 	C:\Windows\system32\MSASN1.dll
0x00007ff8cfff0000 - 0x00007ff8d0005000 	C:\Windows\system32\napinsp.dll
0x00007ff8cffd0000 - 0x00007ff8cffea000 	C:\Windows\system32\pnrpnsp.dll
0x00007ff8d87d0000 - 0x00007ff8d87e8000 	C:\Windows\system32\NLAapi.dll
0x00007ff8d2b30000 - 0x00007ff8d2b3d000 	C:\Windows\System32\winrnr.dll

VM Arguments:
jvm_args: -XX:MaxPermSize=256m -XX:+HeapDumpOnOutOfMemoryError -Xmx1024m -Dfile.encoding=windows-1252 -Duser.country=US -Duser.language=en -Duser.variant 
java_command: org.gradle.launcher.daemon.bootstrap.GradleDaemon 2.14.1
java_class_path (initial): C:\Users\Little Fireflies\.gradle\wrapper\dists\gradle-2.14.1-all\8bnwg5hd3w55iofp58khbp6yv\gradle-2.14.1\lib\gradle-launcher-2.14.1.jar
Launcher Type: SUN_STANDARD

Environment Variables:
JAVA_HOME=C:\Program Files\Java\jdk1.8.0_101
PATH=D:\app\widdyjp\product\12.1.0\dbhome_1\bin;C:\Program Files (x86)\Common Files\Intel\Shared Files\cpp\bin\Intel64;C:\Windows\system32;C:\Windows;C:\Windows\System32\Wbem;C:\Windows\System32\WindowsPowerShell\v1.0\;C:\Program Files\Java\jdk1.8.0_101\bin;C:\Program Files\Git\cmd;C:\Program Files (x86)\NVIDIA Corporation\PhysX\Common;C:\Windows\system32\config\systemprofile\.dnx\bin;C:\Program Files\Microsoft DNX\Dnvm\;C:\Program Files (x86)\Windows Kits\8.1\Windows Performance Toolkit\;C:\Program Files\Microsoft SQL Server\120\Tools\Binn\;C:\Program Files\Microsoft SQL Server\130\Tools\Binn\;E:\MasterApp\Android\sdk\platform-tools\
USERNAME=LittleFireflies
OS=Windows_NT
PROCESSOR_IDENTIFIER=Intel64 Family 6 Model 58 Stepping 9, GenuineIntel



---------------  S Y S T E M  ---------------

OS: Windows 10.0 , 64 bit Build 10240 (10.0.10240.17113)

CPU:total 4 (2 cores per cpu, 2 threads per core) family 6 model 58 stepping 9, cmov, cx8, fxsr, mmx, sse, sse2, sse3, ssse3, sse4.1, sse4.2, popcnt, avx, clmul, erms, ht, tsc, tscinvbit, tscinv

Memory: 4k page, physical 8271628k(1426792k free), swap 12425988k(5480k free)

vm_info: Java HotSpot(TM) 64-Bit Server VM (25.101-b13) for windows-amd64 JRE (1.8.0_101-b13), built on Jun 22 2016 01:21:29 by "java_re" with MS VC++ 10.0 (VS2010)

time: Fri Jan 27 13:04:45 2017
elapsed time: 40 seconds (0d 0h 0m 40s)

