#
# There is insufficient memory for the Java Runtime Environment to continue.
# Native memory allocation (malloc) failed to allocate 1319056 bytes for Chunk::new
# Possible reasons:
#   The system is out of physical RAM or swap space
#   In 32 bit mode, the process size limit was hit
# Possible solutions:
#   Reduce memory load on the system
#   Increase physical memory or swap space
#   Check if swap backing store is full
#   Use 64 bit Java on a 64 bit OS
#   Decrease Java heap size (-Xmx/-Xms)
#   Decrease number of Java threads
#   Decrease Java thread stack sizes (-Xss)
#   Set larger code cache with -XX:ReservedCodeCacheSize=
# This output file may be truncated or incomplete.
#
#  Out of Memory Error (allocation.cpp:390), pid=9024, tid=0x0000000000001380
#
# JRE version: Java(TM) SE Runtime Environment (8.0_101-b13) (build 1.8.0_101-b13)
# Java VM: Java HotSpot(TM) 64-Bit Server VM (25.101-b13 mixed mode windows-amd64 compressed oops)
# Failed to write core dump. Minidumps are not enabled by default on client versions of Windows
#

---------------  T H R E A D  ---------------

Current thread (0x0000000016cab800):  JavaThread "C2 CompilerThread1" daemon [_thread_in_native, id=4992, stack(0x00000000183e0000,0x00000000184e0000)]

Stack: [0x00000000183e0000,0x00000000184e0000]
[error occurred during error reporting (printing stack bounds), id 0xc0000005]

Native frames: (J=compiled Java code, j=interpreted, Vv=VM code, C=native code)


Current CompileTask:
C2:  11352 2735       4       groovy.lang.MetaClassImpl$1MOPIter::methodNameAction (479 bytes)


---------------  P R O C E S S  ---------------

Java Threads: ( => current thread )
  0x000000001ec85800 JavaThread "File lock request listener" [_thread_in_native, id=8760, stack(0x000000001bd30000,0x000000001be30000)]
  0x0000000019f07800 JavaThread "pool-1-thread-1" [_thread_blocked, id=9432, stack(0x000000001ce50000,0x000000001cf50000)]
  0x0000000018608800 JavaThread "Service Thread" daemon [_thread_blocked, id=10204, stack(0x00000000189e0000,0x0000000018ae0000)]
  0x0000000016cb2000 JavaThread "C1 CompilerThread2" daemon [_thread_blocked, id=10604, stack(0x00000000184e0000,0x00000000185e0000)]
=>0x0000000016cab800 JavaThread "C2 CompilerThread1" daemon [_thread_in_native, id=4992, stack(0x00000000183e0000,0x00000000184e0000)]
  0x0000000016cba800 JavaThread "C2 CompilerThread0" daemon [_thread_in_native, id=8264, stack(0x00000000182e0000,0x00000000183e0000)]
  0x0000000016cb8800 JavaThread "Attach Listener" daemon [_thread_blocked, id=3840, stack(0x00000000181e0000,0x00000000182e0000)]
  0x0000000016cb7800 JavaThread "Signal Dispatcher" daemon [_thread_blocked, id=3708, stack(0x00000000180e0000,0x00000000181e0000)]
  0x0000000016c9a800 JavaThread "Finalizer" daemon [_thread_blocked, id=2356, stack(0x0000000017f00000,0x0000000018000000)]
  0x0000000002170000 JavaThread "Reference Handler" daemon [_thread_blocked, id=2212, stack(0x0000000017e00000,0x0000000017f00000)]
  0x000000000205e000 JavaThread "main" [_thread_in_native, id=2856, stack(0x0000000001e90000,0x0000000001f90000)]

Other Threads:
  0x0000000016c78800 VMThread [stack: 0x0000000017d00000,0x0000000017e00000] [id=7932]
  0x000000001860b000 WatcherThread [stack: 0x0000000018ae0000,0x0000000018be0000] [id=10836]

VM state:not at safepoint (normal execution)

VM Mutex/Monitor currently owned by a thread: None

Heap:
 PSYoungGen      total 66560K, used 57581K [0x00000000d5f00000, 0x00000000dee80000, 0x0000000100000000)
  eden space 61440K, 85% used [0x00000000d5f00000,0x00000000d923e2b8,0x00000000d9b00000)
  from space 5120K, 99% used [0x00000000da500000,0x00000000da9fd278,0x00000000daa00000)
  to   space 10240K, 0% used [0x00000000d9b00000,0x00000000d9b00000,0x00000000da500000)
 ParOldGen       total 52736K, used 11820K [0x0000000081c00000, 0x0000000084f80000, 0x00000000d5f00000)
  object space 52736K, 22% used [0x0000000081c00000,0x000000008278b260,0x0000000084f80000)
 Metaspace       used 30378K, capacity 30886K, committed 31232K, reserved 1077248K
  class space    used 4114K, capacity 4295K, committed 4352K, reserved 1048576K

Card table byte_map: [0x0000000011540000,0x0000000011940000] byte_map_base: 0x0000000011132000

Marking Bits: (ParMarkBitMap*) 0x000000007313a6d0
 Begin Bits: [0x0000000011ff0000, 0x0000000013f80000)
 End Bits:   [0x0000000013f80000, 0x0000000015f10000)

Polling page: 0x0000000001f90000

CodeCache: size=245760Kb used=10676Kb max_used=10676Kb free=235083Kb
 bounds [0x0000000002180000, 0x0000000002c00000, 0x0000000011180000]
 total_blobs=3612 nmethods=2944 adapters=579
 compilation: enabled

Compilation events (10 events):
Event: 11.338 Thread 0x0000000016cb2000 2962       3       org.codehaus.groovy.classgen.ClassCompletionVerifier::checkStringExceedingMaximumLength (62 bytes)
Event: 11.339 Thread 0x0000000016cb2000 nmethod 2962 0x0000000002bef210 code [0x0000000002bef420, 0x0000000002bf0208]
Event: 11.339 Thread 0x0000000016cb2000 2964       3       java.util.LinkedList::clear (60 bytes)
Event: 11.340 Thread 0x0000000016cb2000 nmethod 2964 0x0000000002bf0750 code [0x0000000002bf08c0, 0x0000000002bf0b30]
Event: 11.340 Thread 0x0000000016cb2000 2966       3       groovyjarjarasm.asm.ClassWriter::a (70 bytes)
Event: 11.340 Thread 0x0000000016cb2000 nmethod 2966 0x0000000002bf0c10 code [0x0000000002bf0dc0, 0x0000000002bf1278]
Event: 11.340 Thread 0x0000000016cb2000 2963       1       org.codehaus.groovy.ast.stmt.ReturnStatement::getExpression (5 bytes)
Event: 11.341 Thread 0x0000000016cb2000 nmethod 2963 0x0000000002bf1450 code [0x0000000002bf15a0, 0x0000000002bf16b0]
Event: 11.341 Thread 0x0000000016cb2000 2965       1       org.codehaus.groovy.classgen.asm.WriterController::isFastPath (5 bytes)
Event: 11.341 Thread 0x0000000016cb2000 nmethod 2965 0x0000000002bf1710 code [0x0000000002bf1860, 0x0000000002bf1970]

GC Heap History (10 events):
Event: 4.283 GC heap before
{Heap before GC invocations=3 (full 0):
 PSYoungGen      total 38400K, used 38275K [0x00000000d5f00000, 0x00000000d8980000, 0x0000000100000000)
  eden space 33280K, 99% used [0x00000000d5f00000,0x00000000d7f66b38,0x00000000d7f80000)
  from space 5120K, 99% used [0x00000000d8480000,0x00000000d897a2b8,0x00000000d8980000)
  to   space 5120K, 0% used [0x00000000d7f80000,0x00000000d7f80000,0x00000000d8480000)
 ParOldGen       total 87552K, used 101K [0x0000000081c00000, 0x0000000087180000, 0x00000000d5f00000)
  object space 87552K, 0% used [0x0000000081c00000,0x0000000081c19758,0x0000000087180000)
 Metaspace       used 17281K, capacity 17530K, committed 17664K, reserved 1064960K
  class space    used 2372K, capacity 2476K, committed 2560K, reserved 1048576K
Event: 4.333 GC heap after
Heap after GC invocations=3 (full 0):
 PSYoungGen      total 38400K, used 5103K [0x00000000d5f00000, 0x00000000daa00000, 0x0000000100000000)
  eden space 33280K, 0% used [0x00000000d5f00000,0x00000000d5f00000,0x00000000d7f80000)
  from space 5120K, 99% used [0x00000000d7f80000,0x00000000d847bc20,0x00000000d8480000)
  to   space 5120K, 0% used [0x00000000da500000,0x00000000da500000,0x00000000daa00000)
 ParOldGen       total 87552K, used 4373K [0x0000000081c00000, 0x0000000087180000, 0x00000000d5f00000)
  object space 87552K, 4% used [0x0000000081c00000,0x0000000082045508,0x0000000087180000)
 Metaspace       used 17281K, capacity 17530K, committed 17664K, reserved 1064960K
  class space    used 2372K, capacity 2476K, committed 2560K, reserved 1048576K
}
Event: 5.549 GC heap before
{Heap before GC invocations=4 (full 0):
 PSYoungGen      total 38400K, used 38383K [0x00000000d5f00000, 0x00000000daa00000, 0x0000000100000000)
  eden space 33280K, 100% used [0x00000000d5f00000,0x00000000d7f80000,0x00000000d7f80000)
  from space 5120K, 99% used [0x00000000d7f80000,0x00000000d847bc20,0x00000000d8480000)
  to   space 5120K, 0% used [0x00000000da500000,0x00000000da500000,0x00000000daa00000)
 ParOldGen       total 87552K, used 4373K [0x0000000081c00000, 0x0000000087180000, 0x00000000d5f00000)
  object space 87552K, 4% used [0x0000000081c00000,0x0000000082045508,0x0000000087180000)
 Metaspace       used 20871K, capacity 21122K, committed 21248K, reserved 1067008K
  class space    used 2871K, capacity 2966K, committed 3072K, reserved 1048576K
Event: 5.571 GC heap after
Heap after GC invocations=4 (full 0):
 PSYoungGen      total 71680K, used 5088K [0x00000000d5f00000, 0x00000000daa00000, 0x0000000100000000)
  eden space 66560K, 0% used [0x00000000d5f00000,0x00000000d5f00000,0x00000000da000000)
  from space 5120K, 99% used [0x00000000da500000,0x00000000da9f8050,0x00000000daa00000)
  to   space 5120K, 0% used [0x00000000da000000,0x00000000da000000,0x00000000da500000)
 ParOldGen       total 87552K, used 8278K [0x0000000081c00000, 0x0000000087180000, 0x00000000d5f00000)
  object space 87552K, 9% used [0x0000000081c00000,0x0000000082415930,0x0000000087180000)
 Metaspace       used 20871K, capacity 21122K, committed 21248K, reserved 1067008K
  class space    used 2871K, capacity 2966K, committed 3072K, reserved 1048576K
}
Event: 5.579 GC heap before
{Heap before GC invocations=5 (full 0):
 PSYoungGen      total 71680K, used 6398K [0x00000000d5f00000, 0x00000000daa00000, 0x0000000100000000)
  eden space 66560K, 1% used [0x00000000d5f00000,0x00000000d6047a80,0x00000000da000000)
  from space 5120K, 99% used [0x00000000da500000,0x00000000da9f8050,0x00000000daa00000)
  to   space 5120K, 0% used [0x00000000da000000,0x00000000da000000,0x00000000da500000)
 ParOldGen       total 87552K, used 8278K [0x0000000081c00000, 0x0000000087180000, 0x00000000d5f00000)
  object space 87552K, 9% used [0x0000000081c00000,0x0000000082415930,0x0000000087180000)
 Metaspace       used 20873K, capacity 21122K, committed 21248K, reserved 1067008K
  class space    used 2871K, capacity 2966K, committed 3072K, reserved 1048576K
Event: 5.592 GC heap after
Heap after GC invocations=5 (full 0):
 PSYoungGen      total 71680K, used 5088K [0x00000000d5f00000, 0x00000000daa00000, 0x0000000100000000)
  eden space 66560K, 0% used [0x00000000d5f00000,0x00000000d5f00000,0x00000000da000000)
  from space 5120K, 99% used [0x00000000da000000,0x00000000da4f8070,0x00000000da500000)
  to   space 5120K, 0% used [0x00000000da500000,0x00000000da500000,0x00000000daa00000)
 ParOldGen       total 87552K, used 8294K [0x0000000081c00000, 0x0000000087180000, 0x00000000d5f00000)
  object space 87552K, 9% used [0x0000000081c00000,0x0000000082419930,0x0000000087180000)
 Metaspace       used 20873K, capacity 21122K, committed 21248K, reserved 1067008K
  class space    used 2871K, capacity 2966K, committed 3072K, reserved 1048576K
}
Event: 5.592 GC heap before
{Heap before GC invocations=6 (full 1):
 PSYoungGen      total 71680K, used 5088K [0x00000000d5f00000, 0x00000000daa00000, 0x0000000100000000)
  eden space 66560K, 0% used [0x00000000d5f00000,0x00000000d5f00000,0x00000000da000000)
  from space 5120K, 99% used [0x00000000da000000,0x00000000da4f8070,0x00000000da500000)
  to   space 5120K, 0% used [0x00000000da500000,0x00000000da500000,0x00000000daa00000)
 ParOldGen       total 87552K, used 8294K [0x0000000081c00000, 0x0000000087180000, 0x00000000d5f00000)
  object space 87552K, 9% used [0x0000000081c00000,0x0000000082419930,0x0000000087180000)
 Metaspace       used 20873K, capacity 21122K, committed 21248K, reserved 1067008K
  class space    used 2871K, capacity 2966K, committed 3072K, reserved 1048576K
Event: 5.676 GC heap after
Heap after GC invocations=6 (full 1):
 PSYoungGen      total 71680K, used 0K [0x00000000d5f00000, 0x00000000daa00000, 0x0000000100000000)
  eden space 66560K, 0% used [0x00000000d5f00000,0x00000000d5f00000,0x00000000da000000)
  from space 5120K, 0% used [0x00000000da000000,0x00000000da000000,0x00000000da500000)
  to   space 5120K, 0% used [0x00000000da500000,0x00000000da500000,0x00000000daa00000)
 ParOldGen       total 52736K, used 10518K [0x0000000081c00000, 0x0000000084f80000, 0x00000000d5f00000)
  object space 52736K, 19% used [0x0000000081c00000,0x0000000082645a60,0x0000000084f80000)
 Metaspace       used 20873K, capacity 21122K, committed 21248K, reserved 1067008K
  class space    used 2871K, capacity 2966K, committed 3072K, reserved 1048576K
}
Event: 7.642 GC heap before
{Heap before GC invocations=7 (full 1):
 PSYoungGen      total 71680K, used 66560K [0x00000000d5f00000, 0x00000000daa00000, 0x0000000100000000)
  eden space 66560K, 100% used [0x00000000d5f00000,0x00000000da000000,0x00000000da000000)
  from space 5120K, 0% used [0x00000000da000000,0x00000000da000000,0x00000000da500000)
  to   space 5120K, 0% used [0x00000000da500000,0x00000000da500000,0x00000000daa00000)
 ParOldGen       total 52736K, used 10518K [0x0000000081c00000, 0x0000000084f80000, 0x00000000d5f00000)
  object space 52736K, 19% used [0x0000000081c00000,0x0000000082645a60,0x0000000084f80000)
 Metaspace       used 26554K, capacity 27004K, committed 27264K, reserved 1073152K
  class space    used 3714K, capacity 3884K, committed 3968K, reserved 1048576K
Event: 7.651 GC heap after
Heap after GC invocations=7 (full 1):
 PSYoungGen      total 66560K, used 5108K [0x00000000d5f00000, 0x00000000dee80000, 0x0000000100000000)
  eden space 61440K, 0% used [0x00000000d5f00000,0x00000000d5f00000,0x00000000d9b00000)
  from space 5120K, 99% used [0x00000000da500000,0x00000000da9fd278,0x00000000daa00000)
  to   space 10240K, 0% used [0x00000000d9b00000,0x00000000d9b00000,0x00000000da500000)
 ParOldGen       total 52736K, used 11820K [0x0000000081c00000, 0x0000000084f80000, 0x00000000d5f00000)
  object space 52736K, 22% used [0x0000000081c00000,0x000000008278b260,0x0000000084f80000)
 Metaspace       used 26554K, capacity 27004K, committed 27264K, reserved 1073152K
  class space    used 3714K, capacity 3884K, committed 3968K, reserved 1048576K
}

Deoptimization events (10 events):
Event: 10.862 Thread 0x000000000205e000 Uncommon trap: reason=class_check action=maybe_recompile pc=0x00000000028dbf0c method=java.util.regex.Matcher.search(I)Z @ 86
Event: 10.862 Thread 0x000000000205e000 Uncommon trap: reason=class_check action=maybe_recompile pc=0x00000000028dbf0c method=java.util.regex.Matcher.search(I)Z @ 86
Event: 10.862 Thread 0x000000000205e000 Uncommon trap: reason=class_check action=maybe_recompile pc=0x00000000028dbf0c method=java.util.regex.Matcher.search(I)Z @ 86
Event: 10.862 Thread 0x000000000205e000 Uncommon trap: reason=class_check action=maybe_recompile pc=0x00000000028dbf0c method=java.util.regex.Matcher.search(I)Z @ 86
Event: 10.864 Thread 0x000000000205e000 Uncommon trap: reason=class_check action=maybe_recompile pc=0x000000000232ea28 method=java.lang.String.equals(Ljava/lang/Object;)Z @ 8
Event: 10.864 Thread 0x000000000205e000 Uncommon trap: reason=class_check action=maybe_recompile pc=0x000000000232ea28 method=java.lang.String.equals(Ljava/lang/Object;)Z @ 8
Event: 10.865 Thread 0x000000000205e000 Uncommon trap: reason=class_check action=maybe_recompile pc=0x000000000232ea28 method=java.lang.String.equals(Ljava/lang/Object;)Z @ 8
Event: 10.865 Thread 0x000000000205e000 Uncommon trap: reason=class_check action=maybe_recompile pc=0x000000000232ea28 method=java.lang.String.equals(Ljava/lang/Object;)Z @ 8
Event: 11.187 Thread 0x000000000205e000 Uncommon trap: reason=class_check action=maybe_recompile pc=0x0000000002b16a98 method=java.util.Hashtable.get(Ljava/lang/Object;)Ljava/lang/Object; @ 45
Event: 11.189 Thread 0x000000000205e000 Uncommon trap: reason=class_check action=maybe_recompile pc=0x0000000002b16a98 method=java.util.Hashtable.get(Ljava/lang/Object;)Ljava/lang/Object; @ 45

Internal exceptions (10 events):
Event: 11.075 Thread 0x000000000205e000 Exception <a 'java/lang/ClassNotFoundException': org/gradle/api/tasks/Delete_DecoratedBeanInfo> (0x00000000d8cf6030) thrown at [C:\re\workspace\8-2-build-windows-amd64-cygwin\jdk8u101\7261\hotspot\src\share\vm\classfile\systemDictionary.cpp, line 210]
Event: 11.076 Thread 0x000000000205e000 Exception <a 'java/lang/ClassNotFoundException': org/gradle/api/tasks/DeleteBeanInfo> (0x00000000d8d14de8) thrown at [C:\re\workspace\8-2-build-windows-amd64-cygwin\jdk8u101\7261\hotspot\src\share\vm\classfile\systemDictionary.cpp, line 210]
Event: 11.077 Thread 0x000000000205e000 Exception <a 'java/lang/ClassNotFoundException': org/gradle/api/internal/ConventionTaskBeanInfo> (0x00000000d8d380f8) thrown at [C:\re\workspace\8-2-build-windows-amd64-cygwin\jdk8u101\7261\hotspot\src\share\vm\classfile\systemDictionary.cpp, line 210]
Event: 11.079 Thread 0x000000000205e000 Exception <a 'java/lang/ClassNotFoundException': org/gradle/api/DefaultTaskBeanInfo> (0x00000000d8d55408) thrown at [C:\re\workspace\8-2-build-windows-amd64-cygwin\jdk8u101\7261\hotspot\src\share\vm\classfile\systemDictionary.cpp, line 210]
Event: 11.080 Thread 0x000000000205e000 Exception <a 'java/lang/ClassNotFoundException': org/gradle/api/internal/AbstractTaskBeanInfo> (0x00000000d8d77d10) thrown at [C:\re\workspace\8-2-build-windows-amd64-cygwin\jdk8u101\7261\hotspot\src\share\vm\classfile\systemDictionary.cpp, line 210]
Event: 11.081 Thread 0x000000000205e000 Exception <a 'java/lang/ClassNotFoundException': org/gradle/api/internal/AbstractTaskCustomizer> (0x00000000d8d9afe0) thrown at [C:\re\workspace\8-2-build-windows-amd64-cygwin\jdk8u101\7261\hotspot\src\share\vm\classfile\systemDictionary.cpp, line 210]
Event: 11.090 Thread 0x000000000205e000 Exception <a 'java/lang/ClassNotFoundException': org/gradle/api/DefaultTaskCustomizer> (0x00000000d8e16960) thrown at [C:\re\workspace\8-2-build-windows-amd64-cygwin\jdk8u101\7261\hotspot\src\share\vm\classfile\systemDictionary.cpp, line 210]
Event: 11.093 Thread 0x000000000205e000 Exception <a 'java/lang/ClassNotFoundException': org/gradle/api/internal/ConventionTaskCustomizer> (0x00000000d8e48b08) thrown at [C:\re\workspace\8-2-build-windows-amd64-cygwin\jdk8u101\7261\hotspot\src\share\vm\classfile\systemDictionary.cpp, line 210]
Event: 11.096 Thread 0x000000000205e000 Exception <a 'java/lang/ClassNotFoundException': org/gradle/api/tasks/DeleteCustomizer> (0x00000000d8e79228) thrown at [C:\re\workspace\8-2-build-windows-amd64-cygwin\jdk8u101\7261\hotspot\src\share\vm\classfile\systemDictionary.cpp, line 210]
Event: 11.100 Thread 0x000000000205e000 Exception <a 'java/lang/ClassNotFoundException': org/gradle/api/tasks/Delete_DecoratedCustomizer> (0x00000000d8eb2d60) thrown at [C:\re\workspace\8-2-build-windows-amd64-cygwin\jdk8u101\7261\hotspot\src\share\vm\classfile\systemDictionary.cpp, line 210]

Events (10 events):
Event: 11.187 Thread 0x000000000205e000 DEOPT UNPACKING pc=0x00000000021c582a sp=0x0000000001f89c40 mode 2
Event: 11.189 Thread 0x000000000205e000 Uncommon trap: trap_request=0xffffffde fr.pc=0x0000000002b16a98
Event: 11.189 Thread 0x000000000205e000 DEOPT PACKING pc=0x0000000002b16a98 sp=0x0000000001f89020
Event: 11.189 Thread 0x000000000205e000 DEOPT UNPACKING pc=0x00000000021c582a sp=0x0000000001f88fd0 mode 2
Event: 11.220 loading class org/codehaus/groovy/syntax/Numbers
Event: 11.220 loading class org/codehaus/groovy/syntax/Numbers done
Event: 11.223 loading class java/math/BigDecimal$1
Event: 11.223 loading class java/math/BigDecimal$1 done
Event: 11.224 loading class java/math/MathContext
Event: 11.237 loading class java/math/MathContext done


Dynamic libraries:
0x00007ff7e3000000 - 0x00007ff7e3037000 	C:\Program Files\Java\jdk1.8.0_101\bin\java.exe
0x00007ff8ddbc0000 - 0x00007ff8ddd82000 	C:\Windows\SYSTEM32\ntdll.dll
0x00007ff8dd150000 - 0x00007ff8dd1fd000 	C:\Windows\system32\KERNEL32.DLL
0x00007ff8da680000 - 0x00007ff8da85d000 	C:\Windows\system32\KERNELBASE.dll
0x00007ff8dd9f0000 - 0x00007ff8dda96000 	C:\Windows\system32\ADVAPI32.dll
0x00007ff8db280000 - 0x00007ff8db31d000 	C:\Windows\system32\msvcrt.dll
0x00007ff8dd640000 - 0x00007ff8dd69b000 	C:\Windows\system32\sechost.dll
0x00007ff8dd3b0000 - 0x00007ff8dd4d6000 	C:\Windows\system32\RPCRT4.dll
0x00007ff8dce70000 - 0x00007ff8dcfbe000 	C:\Windows\system32\USER32.dll
0x00007ff8db320000 - 0x00007ff8db4a5000 	C:\Windows\system32\GDI32.dll
0x00007ff8d1fa0000 - 0x00007ff8d2214000 	C:\Windows\WinSxS\amd64_microsoft.windows.common-controls_6595b64144ccf1df_6.0.10240.17184_none_f41d7a705752bce6\COMCTL32.dll
0x00007ff8db4b0000 - 0x00007ff8db4e6000 	C:\Windows\system32\IMM32.DLL
0x00007ff8dd4e0000 - 0x00007ff8dd63c000 	C:\Windows\system32\MSCTF.dll
0x0000000073c30000 - 0x0000000073d02000 	C:\Program Files\Java\jdk1.8.0_101\jre\bin\msvcr100.dll
0x0000000072920000 - 0x00000000731ba000 	C:\Program Files\Java\jdk1.8.0_101\jre\bin\server\jvm.dll
0x00007ff8dd140000 - 0x00007ff8dd148000 	C:\Windows\system32\PSAPI.DLL
0x00007ff8d8870000 - 0x00007ff8d8893000 	C:\Windows\SYSTEM32\WINMM.dll
0x00007ff8d7090000 - 0x00007ff8d709a000 	C:\Windows\SYSTEM32\VERSION.dll
0x00007ff8cd170000 - 0x00007ff8cd179000 	C:\Windows\SYSTEM32\WSOCK32.dll
0x00007ff8ddb50000 - 0x00007ff8ddbb9000 	C:\Windows\system32\WS2_32.dll
0x00007ff8dd920000 - 0x00007ff8dd928000 	C:\Windows\system32\NSI.dll
0x00007ff8d8820000 - 0x00007ff8d884c000 	C:\Windows\SYSTEM32\WINMMBASE.dll
0x00007ff8db230000 - 0x00007ff8db274000 	C:\Windows\system32\cfgmgr32.dll
0x00007ff8d9100000 - 0x00007ff8d9127000 	C:\Windows\SYSTEM32\DEVOBJ.dll
0x0000000073c20000 - 0x0000000073c2f000 	C:\Program Files\Java\jdk1.8.0_101\jre\bin\verify.dll
0x0000000073bf0000 - 0x0000000073c19000 	C:\Program Files\Java\jdk1.8.0_101\jre\bin\java.dll
0x0000000073bd0000 - 0x0000000073be6000 	C:\Program Files\Java\jdk1.8.0_101\jre\bin\zip.dll
0x00007ff8db720000 - 0x00007ff8dcc43000 	C:\Windows\system32\SHELL32.dll
0x00007ff8da860000 - 0x00007ff8dae89000 	C:\Windows\system32\windows.storage.dll
0x00007ff8dd6a0000 - 0x00007ff8dd91c000 	C:\Windows\system32\combase.dll
0x00007ff8dd930000 - 0x00007ff8dd981000 	C:\Windows\system32\shlwapi.dll
0x00007ff8da5e0000 - 0x00007ff8da5ef000 	C:\Windows\system32\kernel.appcore.dll
0x00007ff8db060000 - 0x00007ff8db113000 	C:\Windows\system32\shcore.dll
0x00007ff8da5f0000 - 0x00007ff8da63a000 	C:\Windows\system32\powrprof.dll
0x00007ff8da640000 - 0x00007ff8da653000 	C:\Windows\system32\profapi.dll
0x0000000073bb0000 - 0x0000000073bca000 	C:\Program Files\Java\jdk1.8.0_101\jre\bin\net.dll
0x00007ff8d9df0000 - 0x00007ff8d9e4d000 	C:\Windows\system32\mswsock.dll
0x0000000073b90000 - 0x0000000073ba1000 	C:\Program Files\Java\jdk1.8.0_101\jre\bin\nio.dll
0x00007ff8d4ca0000 - 0x00007ff8d4cb2000 	C:\Users\Little Fireflies\.gradle\native\19\windows-amd64\native-platform.dll
0x0000000180000000 - 0x0000000180037000 	C:\Users\Little Fireflies\.gradle\native\jna\win32-amd64\jnidispatch.dll
0x00007ff8d9e50000 - 0x00007ff8d9e67000 	C:\Windows\SYSTEM32\CRYPTSP.dll
0x00007ff8da510000 - 0x00007ff8da538000 	C:\Windows\SYSTEM32\bcrypt.dll
0x00007ff8d9aa0000 - 0x00007ff8d9ad3000 	C:\Windows\system32\rsaenh.dll
0x00007ff8d9b90000 - 0x00007ff8d9baf000 	C:\Windows\SYSTEM32\USERENV.dll
0x00007ff8da400000 - 0x00007ff8da46b000 	C:\Windows\system32\bcryptprimitives.dll
0x00007ff8d9fc0000 - 0x00007ff8d9fcb000 	C:\Windows\SYSTEM32\CRYPTBASE.dll
0x00007ff8d7da0000 - 0x00007ff8d7dd8000 	C:\Windows\SYSTEM32\IPHLPAPI.DLL
0x00007ff8d7b00000 - 0x00007ff8d7b0b000 	C:\Windows\SYSTEM32\WINNSI.DLL
0x00007ff8d5220000 - 0x00007ff8d5236000 	C:\Windows\SYSTEM32\dhcpcsvc6.DLL
0x00007ff8d5200000 - 0x00007ff8d521a000 	C:\Windows\SYSTEM32\dhcpcsvc.DLL
0x0000000073b80000 - 0x0000000073b8d000 	C:\Program Files\Java\jdk1.8.0_101\jre\bin\management.dll

VM Arguments:
jvm_args: -Dorg.gradle.appname=gradlew 
java_command: org.gradle.wrapper.GradleWrapperMain backend:appengineUpdate
java_class_path (initial): E:\desktop\AndoidStudio\Negosio\\gradle\wrapper\gradle-wrapper.jar
Launcher Type: SUN_STANDARD

Environment Variables:
JAVA_HOME=C:\Program Files\Java\jdk1.8.0_101
CLASSPATH=E:\desktop\AndoidStudio\Negosio\\gradle\wrapper\gradle-wrapper.jar
PATH=D:\app\widdyjp\product\12.1.0\dbhome_1\bin;C:\Program Files (x86)\Common Files\Intel\Shared Files\cpp\bin\Intel64;C:\Windows\system32;C:\Windows;C:\Windows\System32\Wbem;C:\Windows\System32\WindowsPowerShell\v1.0\;C:\Program Files\Java\jdk1.8.0_101\bin;C:\Program Files\Git\cmd;C:\Program Files (x86)\NVIDIA Corporation\PhysX\Common;C:\Windows\system32\config\systemprofile\.dnx\bin;C:\Program Files\Microsoft DNX\Dnvm\;C:\Program Files (x86)\Windows Kits\8.1\Windows Performance Toolkit\;C:\Program Files\Microsoft SQL Server\120\Tools\Binn\;C:\Program Files\Microsoft SQL Server\130\Tools\Binn\;E:\MasterApp\Android\sdk\platform-tools\
USERNAME=LittleFireflies
OS=Windows_NT
PROCESSOR_IDENTIFIER=Intel64 Family 6 Model 58 Stepping 9, GenuineIntel



---------------  S Y S T E M  ---------------

OS: Windows 10.0 , 64 bit Build 10240 (10.0.10240.17113)

CPU:total 4 (2 cores per cpu, 2 threads per core) family 6 model 58 stepping 9, cmov, cx8, fxsr, mmx, sse, sse2, sse3, ssse3, sse4.1, sse4.2, popcnt, avx, clmul, erms, ht, tsc, tscinvbit, tscinv

Memory: 4k page, physical 8271628k(1431968k free), swap 12425988k(6320k free)

vm_info: Java HotSpot(TM) 64-Bit Server VM (25.101-b13) for windows-amd64 JRE (1.8.0_101-b13), built on Jun 22 2016 01:21:29 by "java_re" with MS VC++ 10.0 (VS2010)

time: Fri Jan 27 13:08:19 2017
elapsed time: 11 seconds (0d 0h 0m 11s)

