#
# There is insufficient memory for the Java Runtime Environment to continue.
# Native memory allocation (malloc) failed to allocate 378896 bytes for Chunk::new
# Possible reasons:
#   The system is out of physical RAM or swap space
#   In 32 bit mode, the process size limit was hit
# Possible solutions:
#   Reduce memory load on the system
#   Increase physical memory or swap space
#   Check if swap backing store is full
#   Use 64 bit Java on a 64 bit OS
#   Decrease Java heap size (-Xmx/-Xms)
#   Decrease number of Java threads
#   Decrease Java thread stack sizes (-Xss)
#   Set larger code cache with -XX:ReservedCodeCacheSize=
# This output file may be truncated or incomplete.
#
#  Out of Memory Error (allocation.cpp:390), pid=9292, tid=0x0000000000002910
#
# JRE version: Java(TM) SE Runtime Environment (8.0_101-b13) (build 1.8.0_101-b13)
# Java VM: Java HotSpot(TM) 64-Bit Server VM (25.101-b13 mixed mode windows-amd64 compressed oops)
# Failed to write core dump. Minidumps are not enabled by default on client versions of Windows
#

---------------  T H R E A D  ---------------

Current thread (0x0000000014edc000):  JavaThread "C2 CompilerThread0" daemon [_thread_in_native, id=10512, stack(0x0000000016500000,0x0000000016600000)]

Stack: [0x0000000016500000,0x0000000016600000]
[error occurred during error reporting (printing stack bounds), id 0xc0000005]

Native frames: (J=compiled Java code, j=interpreted, Vv=VM code, C=native code)


Current CompileTask:
C2:   7522 2025       4       java.net.URLClassLoader$1::run (5 bytes)


---------------  P R O C E S S  ---------------

Java Threads: ( => current thread )
  0x000000001b8da000 JavaThread "File lock request listener" [_thread_in_native, id=9368, stack(0x000000001d010000,0x000000001d110000)]
  0x0000000017b9d000 JavaThread "Stdin handler" [_thread_blocked, id=5364, stack(0x00000000194f0000,0x00000000195f0000)]
  0x0000000017bc2800 JavaThread "Asynchronous log dispatcher for org.gradle.launcher.daemon.server.DefaultDaemonConnection@197429d9" [_thread_blocked, id=9600, stack(0x00000000193f0000,0x00000000194f0000)]
  0x0000000017bbd000 JavaThread "Daemon worker" [_thread_in_native, id=8948, stack(0x00000000190f0000,0x00000000191f0000)]
  0x0000000017bb8800 JavaThread "Cancel handler" [_thread_blocked, id=4216, stack(0x0000000018ff0000,0x00000000190f0000)]
  0x0000000017b48000 JavaThread "Handler for socket connection from /127.0.0.1:24821 to /127.0.0.1:24822" [_thread_in_native, id=9720, stack(0x0000000018ef0000,0x0000000018ff0000)]
  0x0000000017abe800 JavaThread "Daemon" [_thread_blocked, id=4120, stack(0x0000000018df0000,0x0000000018ef0000)]
  0x0000000017837000 JavaThread "Incoming local TCP Connector on port 24821" [_thread_in_native, id=9048, stack(0x0000000018a10000,0x0000000018b10000)]
  0x0000000017c8f000 JavaThread "pool-1-thread-1" [_thread_blocked, id=10584, stack(0x0000000018910000,0x0000000018a10000)]
  0x0000000014f2e800 JavaThread "Service Thread" daemon [_thread_blocked, id=9924, stack(0x0000000016c00000,0x0000000016d00000)]
  0x0000000014ed3800 JavaThread "C1 CompilerThread2" daemon [_thread_blocked, id=2928, stack(0x0000000016700000,0x0000000016800000)]
  0x0000000014ecd000 JavaThread "C2 CompilerThread1" daemon [_thread_in_native, id=352, stack(0x0000000016600000,0x0000000016700000)]
=>0x0000000014edc000 JavaThread "C2 CompilerThread0" daemon [_thread_in_native, id=10512, stack(0x0000000016500000,0x0000000016600000)]
  0x0000000014eda800 JavaThread "Attach Listener" daemon [_thread_blocked, id=2832, stack(0x0000000016400000,0x0000000016500000)]
  0x0000000014ed7000 JavaThread "Signal Dispatcher" daemon [_thread_blocked, id=10168, stack(0x0000000016300000,0x0000000016400000)]
  0x00000000027fd000 JavaThread "Finalizer" daemon [_thread_blocked, id=10216, stack(0x0000000016120000,0x0000000016220000)]
  0x00000000027f1000 JavaThread "Reference Handler" daemon [_thread_blocked, id=9500, stack(0x0000000016020000,0x0000000016120000)]
  0x0000000002702800 JavaThread "main" [_thread_blocked, id=9512, stack(0x0000000002570000,0x0000000002670000)]

Other Threads:
  0x0000000014e97800 VMThread [stack: 0x0000000015f20000,0x0000000016020000] [id=10172]
  0x000000001682c800 WatcherThread [stack: 0x0000000016d00000,0x0000000016e00000] [id=5268]

VM state:not at safepoint (normal execution)

VM Mutex/Monitor currently owned by a thread: None

Heap:
 PSYoungGen      total 71680K, used 6403K [0x00000000eab00000, 0x00000000f2100000, 0x0000000100000000)
  eden space 66560K, 1% used [0x00000000eab00000,0x00000000eac465b8,0x00000000eec00000)
  from space 5120K, 99% used [0x00000000eec00000,0x00000000ef0fa6e8,0x00000000ef100000)
  to   space 10752K, 0% used [0x00000000f1680000,0x00000000f1680000,0x00000000f2100000)
 ParOldGen       total 63488K, used 10958K [0x00000000c0000000, 0x00000000c3e00000, 0x00000000eab00000)
  object space 63488K, 17% used [0x00000000c0000000,0x00000000c0ab38b8,0x00000000c3e00000)
 Metaspace       used 26062K, capacity 26526K, committed 26880K, reserved 1073152K
  class space    used 3669K, capacity 3809K, committed 3840K, reserved 1048576K

Card table byte_map: [0x0000000011bc0000,0x0000000011dd0000] byte_map_base: 0x00000000115c0000

Marking Bits: (ParMarkBitMap*) 0x000000007313a6d0
 Begin Bits: [0x0000000012330000, 0x0000000013330000)
 End Bits:   [0x0000000013330000, 0x0000000014330000)

Polling page: 0x0000000000df0000

CodeCache: size=245760Kb used=8190Kb max_used=8212Kb free=237569Kb
 bounds [0x0000000002800000, 0x0000000003010000, 0x0000000011800000]
 total_blobs=2788 nmethods=2153 adapters=547
 compilation: enabled

Compilation events (10 events):
Event: 7.325 Thread 0x0000000014ed3800 2167       3       java.lang.Integer::numberOfLeadingZeros (76 bytes)
Event: 7.325 Thread 0x0000000014ed3800 nmethod 2167 0x0000000002fe69d0 code [0x0000000002fe6b40, 0x0000000002fe6df0]
Event: 7.419 Thread 0x0000000014ed3800 2168       1       java.util.regex.Pattern::flags (5 bytes)
Event: 7.419 Thread 0x0000000014ed3800 nmethod 2168 0x0000000002fe6050 code [0x0000000002fe61a0, 0x0000000002fe62b0]
Event: 7.419 Thread 0x0000000014ed3800 2169       3       java.util.regex.Pattern$TreeInfo::reset (21 bytes)
Event: 7.419 Thread 0x0000000014ed3800 nmethod 2169 0x0000000002fe5d10 code [0x0000000002fe5e60, 0x0000000002fe5fd0]
Event: 7.455 Thread 0x0000000014ed3800 2170       3       java.lang.Class::getConstructor (16 bytes)
Event: 7.455 Thread 0x0000000014ed3800 nmethod 2170 0x0000000002fe5890 code [0x0000000002fe5a20, 0x0000000002fe5c28]
Event: 7.512 Thread 0x0000000014ed3800 2172       3       java.util.HashMap::putVal (300 bytes)
Event: 7.514 Thread 0x0000000014ed3800 nmethod 2172 0x0000000002fe3a90 code [0x0000000002fe3d00, 0x0000000002fe4fb8]

GC Heap History (10 events):
Event: 2.949 GC heap before
{Heap before GC invocations=2 (full 0):
 PSYoungGen      total 38400K, used 37100K [0x00000000eab00000, 0x00000000ed580000, 0x0000000100000000)
  eden space 33280K, 100% used [0x00000000eab00000,0x00000000ecb80000,0x00000000ecb80000)
  from space 5120K, 74% used [0x00000000ecb80000,0x00000000ecf3b018,0x00000000ed080000)
  to   space 5120K, 0% used [0x00000000ed080000,0x00000000ed080000,0x00000000ed580000)
 ParOldGen       total 87552K, used 8K [0x00000000c0000000, 0x00000000c5580000, 0x00000000eab00000)
  object space 87552K, 0% used [0x00000000c0000000,0x00000000c0002000,0x00000000c5580000)
 Metaspace       used 12220K, capacity 12608K, committed 12800K, reserved 1060864K
  class space    used 1655K, capacity 1788K, committed 1792K, reserved 1048576K
Event: 2.961 GC heap after
Heap after GC invocations=2 (full 0):
 PSYoungGen      total 38400K, used 5105K [0x00000000eab00000, 0x00000000ed580000, 0x0000000100000000)
  eden space 33280K, 0% used [0x00000000eab00000,0x00000000eab00000,0x00000000ecb80000)
  from space 5120K, 99% used [0x00000000ed080000,0x00000000ed57c6d0,0x00000000ed580000)
  to   space 5120K, 0% used [0x00000000ecb80000,0x00000000ecb80000,0x00000000ed080000)
 ParOldGen       total 87552K, used 569K [0x00000000c0000000, 0x00000000c5580000, 0x00000000eab00000)
  object space 87552K, 0% used [0x00000000c0000000,0x00000000c008e6c8,0x00000000c5580000)
 Metaspace       used 12220K, capacity 12608K, committed 12800K, reserved 1060864K
  class space    used 1655K, capacity 1788K, committed 1792K, reserved 1048576K
}
Event: 4.157 GC heap before
{Heap before GC invocations=3 (full 0):
 PSYoungGen      total 38400K, used 38385K [0x00000000eab00000, 0x00000000ed580000, 0x0000000100000000)
  eden space 33280K, 100% used [0x00000000eab00000,0x00000000ecb80000,0x00000000ecb80000)
  from space 5120K, 99% used [0x00000000ed080000,0x00000000ed57c6d0,0x00000000ed580000)
  to   space 5120K, 0% used [0x00000000ecb80000,0x00000000ecb80000,0x00000000ed080000)
 ParOldGen       total 87552K, used 569K [0x00000000c0000000, 0x00000000c5580000, 0x00000000eab00000)
  object space 87552K, 0% used [0x00000000c0000000,0x00000000c008e6c8,0x00000000c5580000)
 Metaspace       used 18358K, capacity 18712K, committed 19072K, reserved 1064960K
  class space    used 2498K, capacity 2624K, committed 2688K, reserved 1048576K
Event: 4.181 GC heap after
Heap after GC invocations=3 (full 0):
 PSYoungGen      total 38400K, used 5120K [0x00000000eab00000, 0x00000000ef600000, 0x0000000100000000)
  eden space 33280K, 0% used [0x00000000eab00000,0x00000000eab00000,0x00000000ecb80000)
  from space 5120K, 100% used [0x00000000ecb80000,0x00000000ed080000,0x00000000ed080000)
  to   space 5120K, 0% used [0x00000000ef100000,0x00000000ef100000,0x00000000ef600000)
 ParOldGen       total 87552K, used 4871K [0x00000000c0000000, 0x00000000c5580000, 0x00000000eab00000)
  object space 87552K, 5% used [0x00000000c0000000,0x00000000c04c1c08,0x00000000c5580000)
 Metaspace       used 18358K, capacity 18712K, committed 19072K, reserved 1064960K
  class space    used 2498K, capacity 2624K, committed 2688K, reserved 1048576K
}
Event: 5.310 GC heap before
{Heap before GC invocations=4 (full 0):
 PSYoungGen      total 38400K, used 30378K [0x00000000eab00000, 0x00000000ef600000, 0x0000000100000000)
  eden space 33280K, 75% used [0x00000000eab00000,0x00000000ec3aab70,0x00000000ecb80000)
  from space 5120K, 100% used [0x00000000ecb80000,0x00000000ed080000,0x00000000ed080000)
  to   space 5120K, 0% used [0x00000000ef100000,0x00000000ef100000,0x00000000ef600000)
 ParOldGen       total 87552K, used 4871K [0x00000000c0000000, 0x00000000c5580000, 0x00000000eab00000)
  object space 87552K, 5% used [0x00000000c0000000,0x00000000c04c1c08,0x00000000c5580000)
 Metaspace       used 20788K, capacity 21160K, committed 21296K, reserved 1067008K
  class space    used 2785K, capacity 2923K, committed 2944K, reserved 1048576K
Event: 5.337 GC heap after
Heap after GC invocations=4 (full 0):
 PSYoungGen      total 71680K, used 5104K [0x00000000eab00000, 0x00000000ef600000, 0x0000000100000000)
  eden space 66560K, 0% used [0x00000000eab00000,0x00000000eab00000,0x00000000eec00000)
  from space 5120K, 99% used [0x00000000ef100000,0x00000000ef5fc050,0x00000000ef600000)
  to   space 5120K, 0% used [0x00000000eec00000,0x00000000eec00000,0x00000000ef100000)
 ParOldGen       total 87552K, used 7754K [0x00000000c0000000, 0x00000000c5580000, 0x00000000eab00000)
  object space 87552K, 8% used [0x00000000c0000000,0x00000000c07928f8,0x00000000c5580000)
 Metaspace       used 20788K, capacity 21160K, committed 21296K, reserved 1067008K
  class space    used 2785K, capacity 2923K, committed 2944K, reserved 1048576K
}
Event: 5.337 GC heap before
{Heap before GC invocations=5 (full 1):
 PSYoungGen      total 71680K, used 5104K [0x00000000eab00000, 0x00000000ef600000, 0x0000000100000000)
  eden space 66560K, 0% used [0x00000000eab00000,0x00000000eab00000,0x00000000eec00000)
  from space 5120K, 99% used [0x00000000ef100000,0x00000000ef5fc050,0x00000000ef600000)
  to   space 5120K, 0% used [0x00000000eec00000,0x00000000eec00000,0x00000000ef100000)
 ParOldGen       total 87552K, used 7754K [0x00000000c0000000, 0x00000000c5580000, 0x00000000eab00000)
  object space 87552K, 8% used [0x00000000c0000000,0x00000000c07928f8,0x00000000c5580000)
 Metaspace       used 20788K, capacity 21160K, committed 21296K, reserved 1067008K
  class space    used 2785K, capacity 2923K, committed 2944K, reserved 1048576K
Event: 5.410 GC heap after
Heap after GC invocations=5 (full 1):
 PSYoungGen      total 71680K, used 0K [0x00000000eab00000, 0x00000000ef600000, 0x0000000100000000)
  eden space 66560K, 0% used [0x00000000eab00000,0x00000000eab00000,0x00000000eec00000)
  from space 5120K, 0% used [0x00000000ef100000,0x00000000ef100000,0x00000000ef600000)
  to   space 5120K, 0% used [0x00000000eec00000,0x00000000eec00000,0x00000000ef100000)
 ParOldGen       total 63488K, used 8576K [0x00000000c0000000, 0x00000000c3e00000, 0x00000000eab00000)
  object space 63488K, 13% used [0x00000000c0000000,0x00000000c08603b0,0x00000000c3e00000)
 Metaspace       used 20788K, capacity 21160K, committed 21296K, reserved 1067008K
  class space    used 2785K, capacity 2923K, committed 2944K, reserved 1048576K
}
Event: 7.472 GC heap before
{Heap before GC invocations=6 (full 1):
 PSYoungGen      total 71680K, used 66560K [0x00000000eab00000, 0x00000000ef600000, 0x0000000100000000)
  eden space 66560K, 100% used [0x00000000eab00000,0x00000000eec00000,0x00000000eec00000)
  from space 5120K, 0% used [0x00000000ef100000,0x00000000ef100000,0x00000000ef600000)
  to   space 5120K, 0% used [0x00000000eec00000,0x00000000eec00000,0x00000000ef100000)
 ParOldGen       total 63488K, used 8576K [0x00000000c0000000, 0x00000000c3e00000, 0x00000000eab00000)
  object space 63488K, 13% used [0x00000000c0000000,0x00000000c08603b0,0x00000000c3e00000)
 Metaspace       used 25992K, capacity 26430K, committed 26624K, reserved 1073152K
  class space    used 3657K, capacity 3777K, committed 3840K, reserved 1048576K
Event: 7.492 GC heap after
Heap after GC invocations=6 (full 1):
 PSYoungGen      total 71680K, used 5097K [0x00000000eab00000, 0x00000000f2100000, 0x0000000100000000)
  eden space 66560K, 0% used [0x00000000eab00000,0x00000000eab00000,0x00000000eec00000)
  from space 5120K, 99% used [0x00000000eec00000,0x00000000ef0fa6e8,0x00000000ef100000)
  to   space 10752K, 0% used [0x00000000f1680000,0x00000000f1680000,0x00000000f2100000)
 ParOldGen       total 63488K, used 10958K [0x00000000c0000000, 0x00000000c3e00000, 0x00000000eab00000)
  object space 63488K, 17% used [0x00000000c0000000,0x00000000c0ab38b8,0x00000000c3e00000)
 Metaspace       used 25992K, capacity 26430K, committed 26624K, reserved 1073152K
  class space    used 3657K, capacity 3777K, committed 3840K, reserved 1048576K
}

Deoptimization events (10 events):
Event: 5.278 Thread 0x0000000017bbd000 Uncommon trap: reason=unstable_if action=reinterpret pc=0x0000000002c5f4bc method=java.util.HashMap.hash(Ljava/lang/Object;)I @ 1
Event: 5.278 Thread 0x0000000017bbd000 Uncommon trap: reason=unstable_if action=reinterpret pc=0x0000000002c5d390 method=java.util.HashMap.putVal(ILjava/lang/Object;Ljava/lang/Object;ZZ)Ljava/lang/Object; @ 85
Event: 5.438 Thread 0x0000000017bbd000 Uncommon trap: reason=class_check action=maybe_recompile pc=0x0000000002ccce00 method=java.lang.reflect.Method.equals(Ljava/lang/Object;)Z @ 5
Event: 5.444 Thread 0x0000000017bbd000 Uncommon trap: reason=class_check action=maybe_recompile pc=0x0000000002ccce00 method=java.lang.reflect.Method.equals(Ljava/lang/Object;)Z @ 5
Event: 5.719 Thread 0x0000000017bbd000 Uncommon trap: reason=unstable_if action=reinterpret pc=0x0000000002b02330 method=java.util.LinkedHashMap.afterNodeInsertion(Z)V @ 1
Event: 5.782 Thread 0x0000000017bbd000 Uncommon trap: reason=class_check action=maybe_recompile pc=0x0000000002ccce00 method=java.lang.reflect.Method.equals(Ljava/lang/Object;)Z @ 5
Event: 5.783 Thread 0x0000000017bbd000 Uncommon trap: reason=class_check action=maybe_recompile pc=0x0000000002ccce00 method=java.lang.reflect.Method.equals(Ljava/lang/Object;)Z @ 5
Event: 6.049 Thread 0x0000000017bbd000 Uncommon trap: reason=unstable_if action=reinterpret pc=0x0000000002a4764c method=java.io.WinNTFileSystem.resolve(Ljava/lang/String;Ljava/lang/String;)Ljava/lang/String; @ 49
Event: 7.269 Thread 0x0000000017bbd000 Uncommon trap: reason=unstable_if action=reinterpret pc=0x0000000002950060 method=java.net.URI.match(CJJ)Z @ 45
Event: 7.442 Thread 0x0000000017bbd000 Uncommon trap: reason=unstable_if action=reinterpret pc=0x0000000002ced49c method=java.lang.AbstractStringBuilder.append(Ljava/lang/String;)Ljava/lang/AbstractStringBuilder; @ 1

Internal exceptions (10 events):
Event: 6.214 Thread 0x0000000017bbd000 Exception <a 'java/lang/ClassNotFoundException': org/gradle/api/internal/artifacts/repositories/DefaultMavenArtifactRepository_DecoratedCustomizer> (0x00000000ec265670) thrown at [C:\re\workspace\8-2-build-windows-amd64-cygwin\jdk8u101\7261\hotspot\src\shaP·; @
Event: 6.406 Thread 0x0000000017bbd000 Exception <a 'java/lang/ClassNotFoundException': build_63t5yk37wdz9q13ecjs8awkheBeanInfo> (0x00000000ec94cb60) thrown at [C:\re\workspace\8-2-build-windows-amd64-cygwin\jdk8u101\7261\hotspot\src\share\vm\classfile\systemDictionary.cpp, line 210]
Event: 6.408 Thread 0x0000000017bbd000 Exception <a 'java/lang/ClassNotFoundException': org/gradle/api/internal/project/ProjectScriptBeanInfo> (0x00000000ec95bbd8) thrown at [C:\re\workspace\8-2-build-windows-amd64-cygwin\jdk8u101\7261\hotspot\src\share\vm\classfile\systemDictionary.cpp, line 2ù l¥R¢@
Event: 6.409 Thread 0x0000000017bbd000 Exception <a 'java/lang/ClassNotFoundException': org/gradle/api/internal/project/ProjectScriptCustomizer> (0x00000000ec96afe0) thrown at [C:\re\workspace\8-2-build-windows-amd64-cygwin\jdk8u101\7261\hotspot\src\share\vm\classfile\systemDictionary.cpp, lineDYw¶¥@
Event: 6.412 Thread 0x0000000017bbd000 Exception <a 'java/lang/ClassNotFoundException': build_63t5yk37wdz9q13ecjs8awkheCustomizer> (0x00000000ec988c98) thrown at [C:\re\workspace\8-2-build-windows-amd64-cygwin\jdk8u101\7261\hotspot\src\share\vm\classfile\systemDictionary.cpp, line 210]
Event: 6.898 Thread 0x0000000017bbd000 Exception <a 'java/lang/ClassNotFoundException': org/gradle/api/internal/artifacts/dsl/dependencies/DefaultDependencyHandler_DecoratedBeanInfo> (0x00000000ed4ce0e8) thrown at [C:\re\workspace\8-2-build-windows-amd64-cygwin\jdk8u101\7261\hotspot\src\share\v
Event: 6.900 Thread 0x0000000017bbd000 Exception <a 'java/lang/ClassNotFoundException': org/gradle/api/internal/artifacts/dsl/dependencies/DefaultDependencyHandlerBeanInfo> (0x00000000ed4f8348) thrown at [C:\re\workspace\8-2-build-windows-amd64-cygwin\jdk8u101\7261\hotspot\src\share\vm\classfilÎd«â’š@
Event: 6.901 Thread 0x0000000017bbd000 Exception <a 'java/lang/ClassNotFoundException': org/gradle/api/internal/artifacts/dsl/dependencies/DefaultDependencyHandlerCustomizer> (0x00000000ed522cf0) thrown at [C:\re\workspace\8-2-build-windows-amd64-cygwin\jdk8u101\7261\hotspot\src\share\vm\classf#1@Q¨Ÿ@
Event: 6.906 Thread 0x0000000017bbd000 Exception <a 'java/lang/ClassNotFoundException': org/gradle/api/internal/artifacts/dsl/dependencies/DefaultDependencyHandler_DecoratedCustomizer> (0x00000000ed561500) thrown at [C:\re\workspace\8-2-build-windows-amd64-cygwin\jdk8u101\7261\hotspot\src\shareÆê
Event: 7.441 Thread 0x0000000017bbd000 Implicit null exception at 0x0000000002cecfac to 0x0000000002ced48d

Events (10 events):
Event: 7.512 loading class com/google/common/io/CountingOutputStream
Event: 7.512 loading class com/google/common/io/CountingOutputStream done
Event: 7.514 Thread 0x0000000014ed3800 flushing nmethod 0x0000000002901390
Event: 7.514 Thread 0x0000000014ed3800 flushing nmethod 0x0000000002901a90
Event: 7.514 Thread 0x0000000014ed3800 flushing nmethod 0x0000000002901dd0
Event: 7.514 Thread 0x0000000014ed3800 flushing nmethod 0x0000000002902a50
Event: 7.515 loading class org/gradle/cache/internal/btree/BTreePersistentIndexedCache$IndexRoot
Event: 7.515 loading class org/gradle/cache/internal/btree/BTreePersistentIndexedCache$IndexRoot done
Event: 7.516 loading class org/gradle/cache/internal/DefaultMultiProcessSafePersistentIndexedCache$1
Event: 7.516 loading class org/gradle/cache/internal/DefaultMultiProcessSafePersistentIndexedCache$1 done


Dynamic libraries:
0x00007ff7e3000000 - 0x00007ff7e3037000 	C:\Program Files\Java\jdk1.8.0_101\bin\java.exe
0x00007ff8ddbc0000 - 0x00007ff8ddd82000 	C:\Windows\SYSTEM32\ntdll.dll
0x00007ff8dd150000 - 0x00007ff8dd1fd000 	C:\Windows\system32\KERNEL32.DLL
0x00007ff8da680000 - 0x00007ff8da85d000 	C:\Windows\system32\KERNELBASE.dll
0x00007ff8dd9f0000 - 0x00007ff8dda96000 	C:\Windows\system32\ADVAPI32.dll
0x00007ff8db280000 - 0x00007ff8db31d000 	C:\Windows\system32\msvcrt.dll
0x00007ff8dd640000 - 0x00007ff8dd69b000 	C:\Windows\system32\sechost.dll
0x00007ff8dd3b0000 - 0x00007ff8dd4d6000 	C:\Windows\system32\RPCRT4.dll
0x00007ff8dce70000 - 0x00007ff8dcfbe000 	C:\Windows\system32\USER32.dll
0x00007ff8db320000 - 0x00007ff8db4a5000 	C:\Windows\system32\GDI32.dll
0x00007ff8d1fa0000 - 0x00007ff8d2214000 	C:\Windows\WinSxS\amd64_microsoft.windows.common-controls_6595b64144ccf1df_6.0.10240.17184_none_f41d7a705752bce6\COMCTL32.dll
0x00007ff8db4b0000 - 0x00007ff8db4e6000 	C:\Windows\system32\IMM32.DLL
0x00007ff8dd4e0000 - 0x00007ff8dd63c000 	C:\Windows\system32\MSCTF.dll
0x0000000073c30000 - 0x0000000073d02000 	C:\Program Files\Java\jdk1.8.0_101\jre\bin\msvcr100.dll
0x0000000072920000 - 0x00000000731ba000 	C:\Program Files\Java\jdk1.8.0_101\jre\bin\server\jvm.dll
0x00007ff8dd140000 - 0x00007ff8dd148000 	C:\Windows\system32\PSAPI.DLL
0x00007ff8cd170000 - 0x00007ff8cd179000 	C:\Windows\SYSTEM32\WSOCK32.dll
0x00007ff8d7090000 - 0x00007ff8d709a000 	C:\Windows\SYSTEM32\VERSION.dll
0x00007ff8d8870000 - 0x00007ff8d8893000 	C:\Windows\SYSTEM32\WINMM.dll
0x00007ff8ddb50000 - 0x00007ff8ddbb9000 	C:\Windows\system32\WS2_32.dll
0x00007ff8dd920000 - 0x00007ff8dd928000 	C:\Windows\system32\NSI.dll
0x0000000000da0000 - 0x0000000000dcc000 	C:\Windows\SYSTEM32\WINMMBASE.dll
0x00007ff8db230000 - 0x00007ff8db274000 	C:\Windows\system32\cfgmgr32.dll
0x00007ff8d9100000 - 0x00007ff8d9127000 	C:\Windows\SYSTEM32\DEVOBJ.dll
0x0000000073c20000 - 0x0000000073c2f000 	C:\Program Files\Java\jdk1.8.0_101\jre\bin\verify.dll
0x0000000073bf0000 - 0x0000000073c19000 	C:\Program Files\Java\jdk1.8.0_101\jre\bin\java.dll
0x0000000073bd0000 - 0x0000000073be6000 	C:\Program Files\Java\jdk1.8.0_101\jre\bin\zip.dll
0x00007ff8db720000 - 0x00007ff8dcc43000 	C:\Windows\system32\SHELL32.dll
0x00007ff8da860000 - 0x00007ff8dae89000 	C:\Windows\system32\windows.storage.dll
0x00007ff8dd6a0000 - 0x00007ff8dd91c000 	C:\Windows\system32\combase.dll
0x00007ff8dd930000 - 0x00007ff8dd981000 	C:\Windows\system32\shlwapi.dll
0x00007ff8da5e0000 - 0x00007ff8da5ef000 	C:\Windows\system32\kernel.appcore.dll
0x00007ff8db060000 - 0x00007ff8db113000 	C:\Windows\system32\shcore.dll
0x00007ff8da5f0000 - 0x00007ff8da63a000 	C:\Windows\system32\powrprof.dll
0x00007ff8da640000 - 0x00007ff8da653000 	C:\Windows\system32\profapi.dll
0x0000000073bb0000 - 0x0000000073bca000 	C:\Program Files\Java\jdk1.8.0_101\jre\bin\net.dll
0x00007ff8d9df0000 - 0x00007ff8d9e4d000 	C:\Windows\system32\mswsock.dll
0x0000000073b90000 - 0x0000000073ba1000 	C:\Program Files\Java\jdk1.8.0_101\jre\bin\nio.dll
0x00007ff8d4ca0000 - 0x00007ff8d4cb2000 	C:\Users\Little Fireflies\.gradle\native\19\windows-amd64\native-platform.dll
0x00007ff8d9e50000 - 0x00007ff8d9e67000 	C:\Windows\SYSTEM32\CRYPTSP.dll
0x00007ff8da510000 - 0x00007ff8da538000 	C:\Windows\SYSTEM32\bcrypt.dll
0x00007ff8d9aa0000 - 0x00007ff8d9ad3000 	C:\Windows\system32\rsaenh.dll
0x00007ff8d9b90000 - 0x00007ff8d9baf000 	C:\Windows\SYSTEM32\USERENV.dll
0x00007ff8da400000 - 0x00007ff8da46b000 	C:\Windows\system32\bcryptprimitives.dll
0x00007ff8d9fc0000 - 0x00007ff8d9fcb000 	C:\Windows\SYSTEM32\CRYPTBASE.dll
0x00007ff8d7da0000 - 0x00007ff8d7dd8000 	C:\Windows\SYSTEM32\IPHLPAPI.DLL
0x00007ff8d7b00000 - 0x00007ff8d7b0b000 	C:\Windows\SYSTEM32\WINNSI.DLL
0x00007ff8d5220000 - 0x00007ff8d5236000 	C:\Windows\SYSTEM32\dhcpcsvc6.DLL
0x00007ff8d5200000 - 0x00007ff8d521a000 	C:\Windows\SYSTEM32\dhcpcsvc.DLL
0x0000000073b80000 - 0x0000000073b8d000 	C:\Program Files\Java\jdk1.8.0_101\jre\bin\management.dll

VM Arguments:
jvm_args: -XX:MaxPermSize=256m -XX:+HeapDumpOnOutOfMemoryError -Xmx1024m -Dfile.encoding=windows-1252 -Duser.country=US -Duser.language=en -Duser.variant 
java_command: org.gradle.launcher.daemon.bootstrap.GradleDaemon 2.14.1
java_class_path (initial): C:\Users\Little Fireflies\.gradle\wrapper\dists\gradle-2.14.1-all\8bnwg5hd3w55iofp58khbp6yv\gradle-2.14.1\lib\gradle-launcher-2.14.1.jar
Launcher Type: SUN_STANDARD

Environment Variables:
JAVA_HOME=C:\Program Files\Java\jdk1.8.0_101
PATH=D:\app\widdyjp\product\12.1.0\dbhome_1\bin;C:\Program Files (x86)\Common Files\Intel\Shared Files\cpp\bin\Intel64;C:\Windows\system32;C:\Windows;C:\Windows\System32\Wbem;C:\Windows\System32\WindowsPowerShell\v1.0\;C:\Program Files\Java\jdk1.8.0_101\bin;C:\Program Files\Git\cmd;C:\Program Files (x86)\NVIDIA Corporation\PhysX\Common;C:\Windows\system32\config\systemprofile\.dnx\bin;C:\Program Files\Microsoft DNX\Dnvm\;C:\Program Files (x86)\Windows Kits\8.1\Windows Performance Toolkit\;C:\Program Files\Microsoft SQL Server\120\Tools\Binn\;C:\Program Files\Microsoft SQL Server\130\Tools\Binn\;E:\MasterApp\Android\sdk\platform-tools\
USERNAME=LittleFireflies
OS=Windows_NT
PROCESSOR_IDENTIFIER=Intel64 Family 6 Model 58 Stepping 9, GenuineIntel



---------------  S Y S T E M  ---------------

OS: Windows 10.0 , 64 bit Build 10240 (10.0.10240.17113)

CPU:total 4 (2 cores per cpu, 2 threads per core) family 6 model 58 stepping 9, cmov, cx8, fxsr, mmx, sse, sse2, sse3, ssse3, sse4.1, sse4.2, popcnt, avx, clmul, erms, ht, tsc, tscinvbit, tscinv

Memory: 4k page, physical 8271628k(1575860k free), swap 12425988k(5552k free)

vm_info: Java HotSpot(TM) 64-Bit Server VM (25.101-b13) for windows-amd64 JRE (1.8.0_101-b13), built on Jun 22 2016 01:21:29 by "java_re" with MS VC++ 10.0 (VS2010)

time: Fri Jan 27 13:10:27 2017
elapsed time: 7 seconds (0d 0h 0m 7s)

