#
# There is insufficient memory for the Java Runtime Environment to continue.
# Native memory allocation (malloc) failed to allocate 32744 bytes for ChunkPool::allocate
# Possible reasons:
#   The system is out of physical RAM or swap space
#   In 32 bit mode, the process size limit was hit
# Possible solutions:
#   Reduce memory load on the system
#   Increase physical memory or swap space
#   Check if swap backing store is full
#   Use 64 bit Java on a 64 bit OS
#   Decrease Java heap size (-Xmx/-Xms)
#   Decrease number of Java threads
#   Decrease Java thread stack sizes (-Xss)
#   Set larger code cache with -XX:ReservedCodeCacheSize=
# This output file may be truncated or incomplete.
#
#  Out of Memory Error (allocation.cpp:273), pid=6280, tid=0x0000000000000458
#
# JRE version: Java(TM) SE Runtime Environment (8.0_101-b13) (build 1.8.0_101-b13)
# Java VM: Java HotSpot(TM) 64-Bit Server VM (25.101-b13 mixed mode windows-amd64 compressed oops)
# Failed to write core dump. Minidumps are not enabled by default on client versions of Windows
#

---------------  T H R E A D  ---------------

Current thread (0x0000000014f4f000):  JavaThread "C2 CompilerThread0" daemon [_thread_in_native, id=1112, stack(0x00000000165a0000,0x00000000166a0000)]

Stack: [0x00000000165a0000,0x00000000166a0000]
[error occurred during error reporting (printing stack bounds), id 0xc0000005]

Native frames: (J=compiled Java code, j=interpreted, Vv=VM code, C=native code)


Current CompileTask:
C2:  18955 4269       4       groovy.lang.MetaClassImpl::addMetaMethodToIndex (65 bytes)


---------------  P R O C E S S  ---------------

Java Threads: ( => current thread )
  0x0000000017e36800 JavaThread "File lock request listener" [_thread_in_native, id=9336, stack(0x000000001aa60000,0x000000001ab60000)]
  0x000000001713c000 JavaThread "Stdin handler" [_thread_blocked, id=7800, stack(0x0000000019590000,0x0000000019690000)]
  0x000000001713b800 JavaThread "Asynchronous log dispatcher for org.gradle.launcher.daemon.server.DefaultDaemonConnection@6474e20c" [_thread_blocked, id=2856, stack(0x0000000019490000,0x0000000019590000)]
  0x0000000017646000 JavaThread "Daemon worker" [_thread_in_Java, id=7652, stack(0x0000000019190000,0x0000000019290000)]
  0x000000001764f800 JavaThread "Cancel handler" [_thread_blocked, id=2376, stack(0x0000000019090000,0x0000000019190000)]
  0x0000000017652000 JavaThread "Handler for socket connection from /127.0.0.1:23418 to /127.0.0.1:23421" [_thread_in_native, id=8292, stack(0x0000000018f90000,0x0000000019090000)]
  0x000000001703e000 JavaThread "Daemon" [_thread_blocked, id=1468, stack(0x0000000018e90000,0x0000000018f90000)]
  0x00000000175f3000 JavaThread "Incoming local TCP Connector on port 23418" [_thread_in_native, id=5644, stack(0x0000000018ab0000,0x0000000018bb0000)]
  0x0000000017b66800 JavaThread "pool-1-thread-1" [_thread_blocked, id=8332, stack(0x00000000189b0000,0x0000000018ab0000)]
  0x00000000168c1800 JavaThread "Service Thread" daemon [_thread_blocked, id=10288, stack(0x0000000016ca0000,0x0000000016da0000)]
  0x0000000014f5d000 JavaThread "C1 CompilerThread2" daemon [_thread_blocked, id=9252, stack(0x00000000167a0000,0x00000000168a0000)]
  0x0000000014f56000 JavaThread "C2 CompilerThread1" daemon [_thread_in_native, id=3084, stack(0x00000000166a0000,0x00000000167a0000)]
=>0x0000000014f4f000 JavaThread "C2 CompilerThread0" daemon [_thread_in_native, id=1112, stack(0x00000000165a0000,0x00000000166a0000)]
  0x0000000014f4d800 JavaThread "Attach Listener" daemon [_thread_blocked, id=8776, stack(0x00000000164a0000,0x00000000165a0000)]
  0x0000000014f4a000 JavaThread "Signal Dispatcher" daemon [_thread_blocked, id=84, stack(0x00000000163a0000,0x00000000164a0000)]
  0x000000000279c000 JavaThread "Finalizer" daemon [_thread_blocked, id=592, stack(0x00000000161c0000,0x00000000162c0000)]
  0x0000000002791000 JavaThread "Reference Handler" daemon [_thread_blocked, id=7120, stack(0x00000000160c0000,0x00000000161c0000)]
  0x00000000026a2800 JavaThread "main" [_thread_blocked, id=6624, stack(0x00000000024f0000,0x00000000025f0000)]

Other Threads:
  0x0000000014f17800 VMThread [stack: 0x0000000015fc0000,0x00000000160c0000] [id=8484]
  0x00000000168cb800 WatcherThread [stack: 0x0000000016da0000,0x0000000016ea0000] [id=9936]

VM state:not at safepoint (normal execution)

VM Mutex/Monitor currently owned by a thread: None

Heap:
 PSYoungGen      total 102400K, used 58128K [0x00000000eab00000, 0x00000000f2000000, 0x0000000100000000)
  eden space 91136K, 63% used [0x00000000eab00000,0x00000000ee3c40b8,0x00000000f0400000)
  from space 11264K, 0% used [0x00000000f0f00000,0x00000000f0f00000,0x00000000f1a00000)
  to   space 11264K, 0% used [0x00000000f0400000,0x00000000f0400000,0x00000000f0f00000)
 ParOldGen       total 95232K, used 15280K [0x00000000c0000000, 0x00000000c5d00000, 0x00000000eab00000)
  object space 95232K, 16% used [0x00000000c0000000,0x00000000c0eec200,0x00000000c5d00000)
 Metaspace       used 36743K, capacity 37644K, committed 37888K, reserved 1081344K
  class space    used 5033K, capacity 5284K, committed 5376K, reserved 1048576K

Card table byte_map: [0x0000000011c40000,0x0000000011e50000] byte_map_base: 0x0000000011640000

Marking Bits: (ParMarkBitMap*) 0x000000007313a6d0
 Begin Bits: [0x00000000123b0000, 0x00000000133b0000)
 End Bits:   [0x00000000133b0000, 0x00000000143b0000)

Polling page: 0x00000000008b0000

CodeCache: size=245760Kb used=15295Kb max_used=15295Kb free=230464Kb
 bounds [0x0000000002880000, 0x0000000003780000, 0x0000000011880000]
 total_blobs=4805 nmethods=4124 adapters=592
 compilation: enabled

Compilation events (10 events):
Event: 18.931 Thread 0x0000000014f5d000 4347       3       org.codehaus.groovy.reflection.CachedClass$1::initValue (53 bytes)
Event: 18.932 Thread 0x0000000014f5d000 nmethod 4347 0x000000000377a0d0 code [0x000000000377a2a0, 0x000000000377abc8]
Event: 18.935 Thread 0x0000000014f5d000 4348       1       org.gradle.internal.metaobject.InvokeMethodResult::isFound (5 bytes)
Event: 18.935 Thread 0x0000000014f5d000 nmethod 4348 0x000000000377af90 code [0x000000000377b0e0, 0x000000000377b1f0]
Event: 18.938 Thread 0x0000000014f5d000 4349       3       groovy.lang.GroovyObjectSupport::getMetaClass (23 bytes)
Event: 18.939 Thread 0x0000000014f5d000 nmethod 4349 0x000000000377b250 code [0x000000000377b420, 0x000000000377bb38]
Event: 18.939 Thread 0x0000000014f5d000 4350       3       org.gradle.api.internal.artifacts.dependencies.DefaultExternalModuleDependency_Decorated::getConventionMapping (30 bytes)
Event: 18.940 Thread 0x0000000014f5d000 nmethod 4350 0x000000000377be50 code [0x000000000377c000, 0x000000000377c6e8]
Event: 18.945 Thread 0x0000000014f5d000 4352       3       org.codehaus.groovy.runtime.callsite.AbstractCallSite::<init> (20 bytes)
Event: 18.945 Thread 0x0000000014f5d000 nmethod 4352 0x000000000377ca10 code [0x000000000377cb60, 0x000000000377cd30]

GC Heap History (10 events):
Event: 13.859 GC heap before
{Heap before GC invocations=8 (full 1):
 PSYoungGen      total 59392K, used 53741K [0x00000000eab00000, 0x00000000eef80000, 0x0000000100000000)
  eden space 48640K, 100% used [0x00000000eab00000,0x00000000eda80000,0x00000000eda80000)
  from space 10752K, 47% used [0x00000000ee500000,0x00000000ee9fb470,0x00000000eef80000)
  to   space 10752K, 0% used [0x00000000eda80000,0x00000000eda80000,0x00000000ee500000)
 ParOldGen       total 67072K, used 9175K [0x00000000c0000000, 0x00000000c4180000, 0x00000000eab00000)
  object space 67072K, 13% used [0x00000000c0000000,0x00000000c08f5c98,0x00000000c4180000)
 Metaspace       used 28766K, capacity 29488K, committed 29568K, reserved 1075200K
  class space    used 4020K, capacity 4208K, committed 4224K, reserved 1048576K
Event: 13.874 GC heap after
Heap after GC invocations=8 (full 1):
 PSYoungGen      total 59392K, used 5894K [0x00000000eab00000, 0x00000000f0400000, 0x0000000100000000)
  eden space 48640K, 0% used [0x00000000eab00000,0x00000000eab00000,0x00000000eda80000)
  from space 10752K, 54% used [0x00000000eda80000,0x00000000ee041910,0x00000000ee500000)
  to   space 10240K, 0% used [0x00000000efa00000,0x00000000efa00000,0x00000000f0400000)
 ParOldGen       total 67072K, used 9183K [0x00000000c0000000, 0x00000000c4180000, 0x00000000eab00000)
  object space 67072K, 13% used [0x00000000c0000000,0x00000000c08f7c98,0x00000000c4180000)
 Metaspace       used 28766K, capacity 29488K, committed 29568K, reserved 1075200K
  class space    used 4020K, capacity 4208K, committed 4224K, reserved 1048576K
}
Event: 14.872 GC heap before
{Heap before GC invocations=9 (full 1):
 PSYoungGen      total 59392K, used 54534K [0x00000000eab00000, 0x00000000f0400000, 0x0000000100000000)
  eden space 48640K, 100% used [0x00000000eab00000,0x00000000eda80000,0x00000000eda80000)
  from space 10752K, 54% used [0x00000000eda80000,0x00000000ee041910,0x00000000ee500000)
  to   space 10240K, 0% used [0x00000000efa00000,0x00000000efa00000,0x00000000f0400000)
 ParOldGen       total 67072K, used 9183K [0x00000000c0000000, 0x00000000c4180000, 0x00000000eab00000)
  object space 67072K, 13% used [0x00000000c0000000,0x00000000c08f7c98,0x00000000c4180000)
 Metaspace       used 29047K, capacity 29744K, committed 29824K, reserved 1075200K
  class space    used 4021K, capacity 4208K, committed 4224K, reserved 1048576K
Event: 14.888 GC heap after
Heap after GC invocations=9 (full 1):
 PSYoungGen      total 81408K, used 5024K [0x00000000eab00000, 0x00000000f0400000, 0x0000000100000000)
  eden space 71168K, 0% used [0x00000000eab00000,0x00000000eab00000,0x00000000ef080000)
  from space 10240K, 49% used [0x00000000efa00000,0x00000000efee8020,0x00000000f0400000)
  to   space 9728K, 0% used [0x00000000ef080000,0x00000000ef080000,0x00000000efa00000)
 ParOldGen       total 67072K, used 9191K [0x00000000c0000000, 0x00000000c4180000, 0x00000000eab00000)
  object space 67072K, 13% used [0x00000000c0000000,0x00000000c08f9c98,0x00000000c4180000)
 Metaspace       used 29047K, capacity 29744K, committed 29824K, reserved 1075200K
  class space    used 4021K, capacity 4208K, committed 4224K, reserved 1048576K
}
Event: 17.172 GC heap before
{Heap before GC invocations=10 (full 1):
 PSYoungGen      total 81408K, used 76192K [0x00000000eab00000, 0x00000000f0400000, 0x0000000100000000)
  eden space 71168K, 100% used [0x00000000eab00000,0x00000000ef080000,0x00000000ef080000)
  from space 10240K, 49% used [0x00000000efa00000,0x00000000efee8020,0x00000000f0400000)
  to   space 9728K, 0% used [0x00000000ef080000,0x00000000ef080000,0x00000000efa00000)
 ParOldGen       total 67072K, used 9191K [0x00000000c0000000, 0x00000000c4180000, 0x00000000eab00000)
  object space 67072K, 13% used [0x00000000c0000000,0x00000000c08f9c98,0x00000000c4180000)
 Metaspace       used 33561K, capacity 34368K, committed 34560K, reserved 1079296K
  class space    used 4603K, capacity 4817K, committed 4864K, reserved 1048576K
Event: 17.196 GC heap after
Heap after GC invocations=10 (full 1):
 PSYoungGen      total 80896K, used 9703K [0x00000000eab00000, 0x00000000f1a00000, 0x0000000100000000)
  eden space 71168K, 0% used [0x00000000eab00000,0x00000000eab00000,0x00000000ef080000)
  from space 9728K, 99% used [0x00000000ef080000,0x00000000ef9f9d38,0x00000000efa00000)
  to   space 11264K, 0% used [0x00000000f0f00000,0x00000000f0f00000,0x00000000f1a00000)
 ParOldGen       total 67072K, used 9796K [0x00000000c0000000, 0x00000000c4180000, 0x00000000eab00000)
  object space 67072K, 14% used [0x00000000c0000000,0x00000000c0991338,0x00000000c4180000)
 Metaspace       used 33561K, capacity 34368K, committed 34560K, reserved 1079296K
  class space    used 4603K, capacity 4817K, committed 4864K, reserved 1048576K
}
Event: 17.613 GC heap before
{Heap before GC invocations=11 (full 1):
 PSYoungGen      total 80896K, used 19394K [0x00000000eab00000, 0x00000000f1a00000, 0x0000000100000000)
  eden space 71168K, 13% used [0x00000000eab00000,0x00000000eb476c88,0x00000000ef080000)
  from space 9728K, 99% used [0x00000000ef080000,0x00000000ef9f9d38,0x00000000efa00000)
  to   space 11264K, 0% used [0x00000000f0f00000,0x00000000f0f00000,0x00000000f1a00000)
 ParOldGen       total 67072K, used 9796K [0x00000000c0000000, 0x00000000c4180000, 0x00000000eab00000)
  object space 67072K, 14% used [0x00000000c0000000,0x00000000c0991338,0x00000000c4180000)
 Metaspace       used 34536K, capacity 35250K, committed 35456K, reserved 1079296K
  class space    used 4740K, capacity 4916K, committed 4992K, reserved 1048576K
Event: 17.635 GC heap after
Heap after GC invocations=11 (full 1):
 PSYoungGen      total 102400K, used 7630K [0x00000000eab00000, 0x00000000f2000000, 0x0000000100000000)
  eden space 91136K, 0% used [0x00000000eab00000,0x00000000eab00000,0x00000000f0400000)
  from space 11264K, 67% used [0x00000000f0f00000,0x00000000f16739d8,0x00000000f1a00000)
  to   space 11264K, 0% used [0x00000000f0400000,0x00000000f0400000,0x00000000f0f00000)
 ParOldGen       total 67072K, used 9804K [0x00000000c0000000, 0x00000000c4180000, 0x00000000eab00000)
  object space 67072K, 14% used [0x00000000c0000000,0x00000000c0993338,0x00000000c4180000)
 Metaspace       used 34536K, capacity 35250K, committed 35456K, reserved 1079296K
  class space    used 4740K, capacity 4916K, committed 4992K, reserved 1048576K
}
Event: 17.635 GC heap before
{Heap before GC invocations=12 (full 2):
 PSYoungGen      total 102400K, used 7630K [0x00000000eab00000, 0x00000000f2000000, 0x0000000100000000)
  eden space 91136K, 0% used [0x00000000eab00000,0x00000000eab00000,0x00000000f0400000)
  from space 11264K, 67% used [0x00000000f0f00000,0x00000000f16739d8,0x00000000f1a00000)
  to   space 11264K, 0% used [0x00000000f0400000,0x00000000f0400000,0x00000000f0f00000)
 ParOldGen       total 67072K, used 9804K [0x00000000c0000000, 0x00000000c4180000, 0x00000000eab00000)
  object space 67072K, 14% used [0x00000000c0000000,0x00000000c0993338,0x00000000c4180000)
 Metaspace       used 34536K, capacity 35250K, committed 35456K, reserved 1079296K
  class space    used 4740K, capacity 4916K, committed 4992K, reserved 1048576K
Event: 17.788 GC heap after
Heap after GC invocations=12 (full 2):
 PSYoungGen      total 102400K, used 0K [0x00000000eab00000, 0x00000000f2000000, 0x0000000100000000)
  eden space 91136K, 0% used [0x00000000eab00000,0x00000000eab00000,0x00000000f0400000)
  from space 11264K, 0% used [0x00000000f0f00000,0x00000000f0f00000,0x00000000f1a00000)
  to   space 11264K, 0% used [0x00000000f0400000,0x00000000f0400000,0x00000000f0f00000)
 ParOldGen       total 95232K, used 15280K [0x00000000c0000000, 0x00000000c5d00000, 0x00000000eab00000)
  object space 95232K, 16% used [0x00000000c0000000,0x00000000c0eec200,0x00000000c5d00000)
 Metaspace       used 34536K, capacity 35250K, committed 35456K, reserved 1079296K
  class space    used 4740K, capacity 4916K, committed 4992K, reserved 1048576K
}

Deoptimization events (10 events):
Event: 18.029 Thread 0x0000000017646000 Uncommon trap: reason=class_check action=maybe_recompile pc=0x00000000033dc6a0 method=java.util.Hashtable.put(Ljava/lang/Object;Ljava/lang/Object;)Ljava/lang/Object; @ 18
Event: 18.029 Thread 0x0000000017646000 Uncommon trap: reason=class_check action=maybe_recompile pc=0x00000000033dc6a0 method=java.util.Hashtable.put(Ljava/lang/Object;Ljava/lang/Object;)Ljava/lang/Object; @ 18
Event: 18.029 Thread 0x0000000017646000 Uncommon trap: reason=class_check action=maybe_recompile pc=0x00000000033dc6a0 method=java.util.Hashtable.put(Ljava/lang/Object;Ljava/lang/Object;)Ljava/lang/Object; @ 18
Event: 18.030 Thread 0x0000000017646000 Uncommon trap: reason=unstable_if action=reinterpret pc=0x0000000002f8dcbc method=java.lang.CharacterDataLatin1.isWhitespace(I)Z @ 14
Event: 18.081 Thread 0x0000000017646000 Uncommon trap: reason=unstable_if action=reinterpret pc=0x000000000305b8ec method=java.security.CodeSource.getCertificates()[Ljava/security/cert/Certificate; @ 22
Event: 18.083 Thread 0x0000000017646000 Uncommon trap: reason=unstable_if action=reinterpret pc=0x00000000036a1264 method=java.util.jar.JarFile.getInputStream(Ljava/util/zip/ZipEntry;)Ljava/io/InputStream; @ 21
Event: 18.123 Thread 0x0000000017646000 Uncommon trap: reason=unstable_if action=reinterpret pc=0x0000000003406c40 method=java.util.LinkedHashMap.get(Ljava/lang/Object;)Ljava/lang/Object; @ 20
Event: 18.432 Thread 0x0000000017646000 Uncommon trap: reason=unstable_if action=reinterpret pc=0x00000000030a4e90 method=java.util.WeakHashMap.eq(Ljava/lang/Object;Ljava/lang/Object;)Z @ 10
Event: 18.557 Thread 0x0000000017646000 Uncommon trap: reason=unstable_if action=reinterpret pc=0x00000000034ecbf0 method=groovy.lang.MetaClassImpl$1MOPIter.processFastArray(Lorg/codehaus/groovy/util/FastArray;)V @ 85
Event: 18.557 Thread 0x0000000017646000 Uncommon trap: reason=predicate action=maybe_recompile pc=0x0000000003467ea8 method=java.util.Arrays.binarySearch0([Ljava/lang/Object;IILjava/lang/Object;Ljava/util/Comparator;)I @ 28

Internal exceptions (10 events):
Event: 18.903 Thread 0x0000000017646000 Exception <a 'java/lang/ClassNotFoundException': org/gradle/api/internal/artifacts/dependencies/DefaultExternalModuleDependency_DecoratedBeanInfo> (0x00000000ee0de780) thrown at [C:\re\workspace\8-2-build-windows-amd64-cygwin\jdk8u101\7261\hotspot\src\sharî[kÆ¥Á2@
Event: 18.905 Thread 0x0000000017646000 Exception <a 'java/lang/ClassNotFoundException': org/gradle/api/internal/artifacts/dependencies/DefaultExternalModuleDependencyBeanInfo> (0x00000000ee1151c8) thrown at [C:\re\workspace\8-2-build-windows-amd64-cygwin\jdk8u101\7261\hotspot\src\share\vm\class~o+ØÈ2@
Event: 18.913 Thread 0x0000000017646000 Exception <a 'java/lang/ClassNotFoundException': org/gradle/api/internal/artifacts/dependencies/AbstractExternalModuleDependencyBeanInfo> (0x00000000ee14c570) thrown at [C:\re\workspace\8-2-build-windows-amd64-cygwin\jdk8u101\7261\hotspot\src\share\vm\clasä#.Y≥Í2@
Event: 18.917 Thread 0x0000000017646000 Exception <a 'java/lang/ClassNotFoundException': org/gradle/api/internal/artifacts/dependencies/AbstractModuleDependencyBeanInfo> (0x00000000ee180180) thrown at [C:\re\workspace\8-2-build-windows-amd64-cygwin\jdk8u101\7261\hotspot\src\share\vm\classfile\syËH.è+Î2@
Event: 18.919 Thread 0x0000000017646000 Exception <a 'java/lang/ClassNotFoundException': org/gradle/api/internal/artifacts/dependencies/AbstractDependencyBeanInfo> (0x00000000ee1b15b0) thrown at [C:\re\workspace\8-2-build-windows-amd64-cygwin\jdk8u101\7261\hotspot\src\share\vm\classfile\systemDi?¶‰€òÎ2@
Event: 18.920 Thread 0x0000000017646000 Exception <a 'java/lang/ClassNotFoundException': org/gradle/api/internal/artifacts/dependencies/AbstractDependencyCustomizer> (0x00000000ee1e4168) thrown at [C:\re\workspace\8-2-build-windows-amd64-cygwin\jdk8u101\7261\hotspot\src\share\vm\classfile\systemAAÑÏ2@
Event: 18.922 Thread 0x0000000017646000 Exception <a 'java/lang/ClassNotFoundException': org/gradle/api/internal/artifacts/dependencies/AbstractModuleDependencyCustomizer> (0x00000000ee21b1d8) thrown at [C:\re\workspace\8-2-build-windows-amd64-cygwin\jdk8u101\7261\hotspot\src\share\vm\classfile\zçÂ¯µÏ2@
Event: 18.925 Thread 0x0000000017646000 Exception <a 'java/lang/ClassNotFoundException': org/gradle/api/internal/artifacts/dependencies/AbstractExternalModuleDependencyCustomizer> (0x00000000ee262e20) thrown at [C:\re\workspace\8-2-build-windows-amd64-cygwin\jdk8u101\7261\hotspot\src\share\vm\cl
Event: 18.927 Thread 0x0000000017646000 Exception <a 'java/lang/ClassNotFoundException': org/gradle/api/internal/artifacts/dependencies/DefaultExternalModuleDependencyCustomizer> (0x00000000ee2a7070) thrown at [C:\re\workspace\8-2-build-windows-amd64-cygwin\jdk8u101\7261\hotspot\src\share\vm\claÜï≤o›Ì2@
Event: 18.929 Thread 0x0000000017646000 Exception <a 'java/lang/ClassNotFoundException': org/gradle/api/internal/artifacts/dependencies/DefaultExternalModuleDependency_DecoratedCustomizer> (0x00000000ee2ef748) thrown at [C:\re\workspace\8-2-build-windows-amd64-cygwin\jdk8u101\7261\hotspot\src\sh˙Àèî+Á2@

Events (10 events):
Event: 18.928 loading class org/gradle/api/internal/artifacts/dependencies/DefaultExternalModuleDependency_DecoratedCustomizer
Event: 18.928 loading class org/gradle/api/internal/artifacts/dependencies/DefaultExternalModuleDependency_DecoratedCustomizer done
Event: 18.929 loading class org/gradle/api/internal/artifacts/dependencies/DefaultExternalModuleDependency_DecoratedCustomizer
Event: 18.929 loading class org/gradle/api/internal/artifacts/dependencies/DefaultExternalModuleDependency_DecoratedCustomizer done
Event: 18.931 loading class org/gradle/api/internal/artifacts/ExcludeRuleNotationConverter
Event: 18.931 loading class org/gradle/api/internal/artifacts/ExcludeRuleNotationConverter done
Event: 18.934 loading class org/gradle/api/internal/artifacts/DefaultExcludeRule
Event: 18.934 loading class org/gradle/api/internal/artifacts/DefaultExcludeRule done
Event: 18.941 loading class com/google/gms/googleservices/GoogleServicesPlugin
Event: 18.941 loading class com/google/gms/googleservices/GoogleServicesPlugin done


Dynamic libraries:
0x00007ff7e3000000 - 0x00007ff7e3037000 	C:\Program Files\Java\jdk1.8.0_101\bin\java.exe
0x00007ff8ddbc0000 - 0x00007ff8ddd82000 	C:\Windows\SYSTEM32\ntdll.dll
0x00007ff8dd150000 - 0x00007ff8dd1fd000 	C:\Windows\system32\KERNEL32.DLL
0x00007ff8da680000 - 0x00007ff8da85d000 	C:\Windows\system32\KERNELBASE.dll
0x00007ff8dd9f0000 - 0x00007ff8dda96000 	C:\Windows\system32\ADVAPI32.dll
0x00007ff8db280000 - 0x00007ff8db31d000 	C:\Windows\system32\msvcrt.dll
0x00007ff8dd640000 - 0x00007ff8dd69b000 	C:\Windows\system32\sechost.dll
0x00007ff8dd3b0000 - 0x00007ff8dd4d6000 	C:\Windows\system32\RPCRT4.dll
0x00007ff8dce70000 - 0x00007ff8dcfbe000 	C:\Windows\system32\USER32.dll
0x00007ff8db320000 - 0x00007ff8db4a5000 	C:\Windows\system32\GDI32.dll
0x00007ff8d1fa0000 - 0x00007ff8d2214000 	C:\Windows\WinSxS\amd64_microsoft.windows.common-controls_6595b64144ccf1df_6.0.10240.17184_none_f41d7a705752bce6\COMCTL32.dll
0x00007ff8db4b0000 - 0x00007ff8db4e6000 	C:\Windows\system32\IMM32.DLL
0x00007ff8dd4e0000 - 0x00007ff8dd63c000 	C:\Windows\system32\MSCTF.dll
0x0000000073c30000 - 0x0000000073d02000 	C:\Program Files\Java\jdk1.8.0_101\jre\bin\msvcr100.dll
0x0000000072920000 - 0x00000000731ba000 	C:\Program Files\Java\jdk1.8.0_101\jre\bin\server\jvm.dll
0x00007ff8dd140000 - 0x00007ff8dd148000 	C:\Windows\system32\PSAPI.DLL
0x00007ff8cd170000 - 0x00007ff8cd179000 	C:\Windows\SYSTEM32\WSOCK32.dll
0x00007ff8d7090000 - 0x00007ff8d709a000 	C:\Windows\SYSTEM32\VERSION.dll
0x00007ff8d8870000 - 0x00007ff8d8893000 	C:\Windows\SYSTEM32\WINMM.dll
0x00007ff8ddb50000 - 0x00007ff8ddbb9000 	C:\Windows\system32\WS2_32.dll
0x00007ff8dd920000 - 0x00007ff8dd928000 	C:\Windows\system32\NSI.dll
0x00007ff8d8820000 - 0x00007ff8d884c000 	C:\Windows\SYSTEM32\WINMMBASE.dll
0x00007ff8db230000 - 0x00007ff8db274000 	C:\Windows\system32\cfgmgr32.dll
0x00007ff8d9100000 - 0x00007ff8d9127000 	C:\Windows\SYSTEM32\DEVOBJ.dll
0x0000000073c20000 - 0x0000000073c2f000 	C:\Program Files\Java\jdk1.8.0_101\jre\bin\verify.dll
0x0000000073bf0000 - 0x0000000073c19000 	C:\Program Files\Java\jdk1.8.0_101\jre\bin\java.dll
0x0000000073bd0000 - 0x0000000073be6000 	C:\Program Files\Java\jdk1.8.0_101\jre\bin\zip.dll
0x00007ff8db720000 - 0x00007ff8dcc43000 	C:\Windows\system32\SHELL32.dll
0x00007ff8da860000 - 0x00007ff8dae89000 	C:\Windows\system32\windows.storage.dll
0x00007ff8dd6a0000 - 0x00007ff8dd91c000 	C:\Windows\system32\combase.dll
0x00007ff8dd930000 - 0x00007ff8dd981000 	C:\Windows\system32\shlwapi.dll
0x00007ff8da5e0000 - 0x00007ff8da5ef000 	C:\Windows\system32\kernel.appcore.dll
0x00007ff8db060000 - 0x00007ff8db113000 	C:\Windows\system32\shcore.dll
0x00007ff8da5f0000 - 0x00007ff8da63a000 	C:\Windows\system32\powrprof.dll
0x00007ff8da640000 - 0x00007ff8da653000 	C:\Windows\system32\profapi.dll
0x0000000073bb0000 - 0x0000000073bca000 	C:\Program Files\Java\jdk1.8.0_101\jre\bin\net.dll
0x00007ff8d9df0000 - 0x00007ff8d9e4d000 	C:\Windows\system32\mswsock.dll
0x0000000073b90000 - 0x0000000073ba1000 	C:\Program Files\Java\jdk1.8.0_101\jre\bin\nio.dll
0x00007ff8d4ca0000 - 0x00007ff8d4cb2000 	C:\Users\Little Fireflies\.gradle\native\19\windows-amd64\native-platform.dll
0x00007ff8d9e50000 - 0x00007ff8d9e67000 	C:\Windows\SYSTEM32\CRYPTSP.dll
0x00007ff8da510000 - 0x00007ff8da538000 	C:\Windows\SYSTEM32\bcrypt.dll
0x00007ff8d9aa0000 - 0x00007ff8d9ad3000 	C:\Windows\system32\rsaenh.dll
0x00007ff8d9b90000 - 0x00007ff8d9baf000 	C:\Windows\SYSTEM32\USERENV.dll
0x00007ff8da400000 - 0x00007ff8da46b000 	C:\Windows\system32\bcryptprimitives.dll
0x00007ff8d9fc0000 - 0x00007ff8d9fcb000 	C:\Windows\SYSTEM32\CRYPTBASE.dll
0x00007ff8d7da0000 - 0x00007ff8d7dd8000 	C:\Windows\SYSTEM32\IPHLPAPI.DLL
0x00007ff8d7b00000 - 0x00007ff8d7b0b000 	C:\Windows\SYSTEM32\WINNSI.DLL
0x00007ff8d5220000 - 0x00007ff8d5236000 	C:\Windows\SYSTEM32\dhcpcsvc6.DLL
0x00007ff8d5200000 - 0x00007ff8d521a000 	C:\Windows\SYSTEM32\dhcpcsvc.DLL
0x0000000073b80000 - 0x0000000073b8d000 	C:\Program Files\Java\jdk1.8.0_101\jre\bin\management.dll

VM Arguments:
jvm_args: -XX:MaxPermSize=256m -XX:+HeapDumpOnOutOfMemoryError -Xmx1024m -Dfile.encoding=windows-1252 -Duser.country=US -Duser.language=en -Duser.variant 
java_command: org.gradle.launcher.daemon.bootstrap.GradleDaemon 2.14.1
java_class_path (initial): C:\Users\Little Fireflies\.gradle\wrapper\dists\gradle-2.14.1-all\8bnwg5hd3w55iofp58khbp6yv\gradle-2.14.1\lib\gradle-launcher-2.14.1.jar
Launcher Type: SUN_STANDARD

Environment Variables:
JAVA_HOME=C:\Program Files\Java\jdk1.8.0_101
PATH=D:\app\widdyjp\product\12.1.0\dbhome_1\bin;C:\Program Files (x86)\Common Files\Intel\Shared Files\cpp\bin\Intel64;C:\Windows\system32;C:\Windows;C:\Windows\System32\Wbem;C:\Windows\System32\WindowsPowerShell\v1.0\;C:\Program Files\Java\jdk1.8.0_101\bin;C:\Program Files\Git\cmd;C:\Program Files (x86)\NVIDIA Corporation\PhysX\Common;C:\Windows\system32\config\systemprofile\.dnx\bin;C:\Program Files\Microsoft DNX\Dnvm\;C:\Program Files (x86)\Windows Kits\8.1\Windows Performance Toolkit\;C:\Program Files\Microsoft SQL Server\120\Tools\Binn\;C:\Program Files\Microsoft SQL Server\130\Tools\Binn\;E:\MasterApp\Android\sdk\platform-tools\
USERNAME=LittleFireflies
OS=Windows_NT
PROCESSOR_IDENTIFIER=Intel64 Family 6 Model 58 Stepping 9, GenuineIntel



---------------  S Y S T E M  ---------------

OS: Windows 10.0 , 64 bit Build 10240 (10.0.10240.17113)

CPU:total 4 (2 cores per cpu, 2 threads per core) family 6 model 58 stepping 9, cmov, cx8, fxsr, mmx, sse, sse2, sse3, ssse3, sse4.1, sse4.2, popcnt, avx, clmul, erms, ht, tsc, tscinvbit, tscinv

Memory: 4k page, physical 8271628k(883708k free), swap 12425988k(5240k free)

vm_info: Java HotSpot(TM) 64-Bit Server VM (25.101-b13) for windows-amd64 JRE (1.8.0_101-b13), built on Jun 22 2016 01:21:29 by "java_re" with MS VC++ 10.0 (VS2010)

time: Fri Jan 27 12:52:42 2017
elapsed time: 18 seconds (0d 0h 0m 18s)

