#
# There is insufficient memory for the Java Runtime Environment to continue.
# Native memory allocation (malloc) failed to allocate 32744 bytes for ChunkPool::allocate
# Possible reasons:
#   The system is out of physical RAM or swap space
#   In 32 bit mode, the process size limit was hit
# Possible solutions:
#   Reduce memory load on the system
#   Increase physical memory or swap space
#   Check if swap backing store is full
#   Use 64 bit Java on a 64 bit OS
#   Decrease Java heap size (-Xmx/-Xms)
#   Decrease number of Java threads
#   Decrease Java thread stack sizes (-Xss)
#   Set larger code cache with -XX:ReservedCodeCacheSize=
# This output file may be truncated or incomplete.
#
#  Out of Memory Error (allocation.cpp:273), pid=7392, tid=0x0000000000002350
#
# JRE version: Java(TM) SE Runtime Environment (8.0_101-b13) (build 1.8.0_101-b13)
# Java VM: Java HotSpot(TM) 64-Bit Server VM (25.101-b13 mixed mode windows-amd64 compressed oops)
# Failed to write core dump. Minidumps are not enabled by default on client versions of Windows
#

---------------  T H R E A D  ---------------

Current thread (0x0000000014df2800):  JavaThread "C2 CompilerThread1" daemon [_thread_in_native, id=9040, stack(0x0000000016540000,0x0000000016640000)]

Stack: [0x0000000016540000,0x0000000016640000]
[error occurred during error reporting (printing stack bounds), id 0xc0000005]

Native frames: (J=compiled Java code, j=interpreted, Vv=VM code, C=native code)


Current CompileTask:
C2: 260082 9215       4       com.sun.org.apache.xerces.internal.impl.XMLEntityScanner::skipString (122 bytes)


---------------  P R O C E S S  ---------------

Java Threads: ( => current thread )
  0x000000001a769800 JavaThread "Stdin handler" [_thread_blocked, id=5956, stack(0x0000000019350000,0x0000000019450000)]
  0x000000001a761000 JavaThread "Asynchronous log dispatcher for org.gradle.launcher.daemon.server.DefaultDaemonConnection@a540680" [_thread_blocked, id=592, stack(0x0000000019050000,0x0000000019150000)]
  0x000000001a766800 JavaThread "Daemon worker Thread 2" [_thread_in_Java, id=8540, stack(0x0000000018d50000,0x0000000018e50000)]
  0x000000001a765000 JavaThread "Cancel handler" [_thread_blocked, id=8292, stack(0x0000000000b40000,0x0000000000c40000)]
  0x000000001a768000 JavaThread "Handler for socket connection from /127.0.0.1:23842 to /127.0.0.1:24141" [_thread_in_native, id=10544, stack(0x0000000000a40000,0x0000000000b40000)]
  0x000000001a763800 JavaThread "Daemon Thread 2" [_thread_blocked, id=2644, stack(0x0000000000940000,0x0000000000a40000)]
  0x000000001797f800 JavaThread "File lock request listener" [_thread_in_native, id=1156, stack(0x000000001b8f0000,0x000000001b9f0000)]
  0x0000000017acf800 JavaThread "Incoming local TCP Connector on port 23842" [_thread_in_native, id=6604, stack(0x0000000018a50000,0x0000000018b50000)]
  0x0000000017dc9000 JavaThread "pool-1-thread-1" [_thread_blocked, id=4460, stack(0x0000000017540000,0x0000000017640000)]
  0x000000001676a800 JavaThread "Service Thread" daemon [_thread_blocked, id=4724, stack(0x0000000016b40000,0x0000000016c40000)]
  0x0000000014dfb000 JavaThread "C1 CompilerThread2" daemon [_thread_in_native, id=6428, stack(0x0000000016640000,0x0000000016740000)]
=>0x0000000014df2800 JavaThread "C2 CompilerThread1" daemon [_thread_in_native, id=9040, stack(0x0000000016540000,0x0000000016640000)]
  0x0000000014def000 JavaThread "C2 CompilerThread0" daemon [_thread_in_native, id=8172, stack(0x0000000016440000,0x0000000016540000)]
  0x0000000014ded800 JavaThread "Attach Listener" daemon [_thread_blocked, id=3876, stack(0x0000000016340000,0x0000000016440000)]
  0x0000000014dea000 JavaThread "Signal Dispatcher" daemon [_thread_blocked, id=10524, stack(0x0000000016240000,0x0000000016340000)]
  0x000000000271c000 JavaThread "Finalizer" daemon [_thread_blocked, id=8408, stack(0x0000000016060000,0x0000000016160000)]
  0x0000000002711000 JavaThread "Reference Handler" daemon [_thread_blocked, id=8852, stack(0x0000000015f60000,0x0000000016060000)]
  0x0000000002622800 JavaThread "main" [_thread_blocked, id=3424, stack(0x0000000002520000,0x0000000002620000)]

Other Threads:
  0x0000000014db7800 VMThread [stack: 0x0000000015e60000,0x0000000015f60000] [id=4396]
  0x0000000016787000 WatcherThread [stack: 0x0000000016c40000,0x0000000016d40000] [id=11112]

VM state:not at safepoint (normal execution)

VM Mutex/Monitor currently owned by a thread: None

Heap:
 PSYoungGen      total 198144K, used 109605K [0x00000000eab00000, 0x00000000f8700000, 0x0000000100000000)
  eden space 184320K, 55% used [0x00000000eab00000,0x00000000f0ef3098,0x00000000f5f00000)
  from space 13824K, 52% used [0x00000000f7980000,0x00000000f8096400,0x00000000f8700000)
  to   space 20480K, 0% used [0x00000000f5f00000,0x00000000f5f00000,0x00000000f7300000)
 ParOldGen       total 95744K, used 42989K [0x00000000c0000000, 0x00000000c5d80000, 0x00000000eab00000)
  object space 95744K, 44% used [0x00000000c0000000,0x00000000c29fb778,0x00000000c5d80000)
 Metaspace       used 62608K, capacity 65194K, committed 65408K, reserved 1105920K
  class space    used 8610K, capacity 9225K, committed 9344K, reserved 1048576K

Card table byte_map: [0x0000000011ae0000,0x0000000011cf0000] byte_map_base: 0x00000000114e0000

Marking Bits: (ParMarkBitMap*) 0x000000007313a6d0
 Begin Bits: [0x0000000012250000, 0x0000000013250000)
 End Bits:   [0x0000000013250000, 0x0000000014250000)

Polling page: 0x0000000002400000

CodeCache: size=245760Kb used=27637Kb max_used=27641Kb free=218123Kb
 bounds [0x0000000002720000, 0x0000000004240000, 0x0000000011720000]
 total_blobs=8538 nmethods=7818 adapters=631
 compilation: enabled

Compilation events (10 events):
Event: 259.903 Thread 0x0000000014dfb000 nmethod 9279 0x000000000422ac10 code [0x000000000422ad80, 0x000000000422afa8]
Event: 259.903 Thread 0x0000000014df2800 nmethod 9177 0x000000000422a850 code [0x000000000422a9a0, 0x000000000422aac8]
Event: 259.903 Thread 0x0000000014dfb000 9278       1       com.sun.xml.internal.bind.v2.runtime.unmarshaller.DefaultIDResolver::access$000 (5 bytes)
Event: 259.903 Thread 0x0000000014df2800 9215       4       com.sun.org.apache.xerces.internal.impl.XMLEntityScanner::skipString (122 bytes)
Event: 259.903 Thread 0x0000000014dfb000 nmethod 9278 0x000000000422a590 code [0x000000000422a6e0, 0x000000000422a7d0]
Event: 259.929 Thread 0x0000000014dfb000 9280       3       sun.nio.ch.FileDispatcherImpl::close (5 bytes)
Event: 259.929 Thread 0x0000000014dfb000 nmethod 9280 0x000000000422a210 code [0x000000000422a380, 0x000000000422a508]
Event: 259.945 Thread 0x0000000014dfb000 9282       3       com.sun.xml.internal.bind.v2.runtime.unmarshaller.ValidatingUnmarshaller::startElement (73 bytes)
Event: 259.947 Thread 0x0000000014dfb000 nmethod 9282 0x0000000004228dd0 code [0x0000000004228fe0, 0x0000000004229b08]
Event: 259.947 Thread 0x0000000014dfb000 9283   !   3       com.sun.org.apache.xerces.internal.impl.xs.XMLSchemaValidator::handleStartElement (1451 bytes)

GC Heap History (10 events):
Event: 25.546 GC heap before
{Heap before GC invocations=15 (full 2):
 PSYoungGen      total 124416K, used 124385K [0x00000000eab00000, 0x00000000f3600000, 0x0000000100000000)
  eden space 112640K, 100% used [0x00000000eab00000,0x00000000f1900000,0x00000000f1900000)
  from space 11776K, 99% used [0x00000000f2680000,0x00000000f31f8798,0x00000000f3200000)
  to   space 13824K, 0% used [0x00000000f1900000,0x00000000f1900000,0x00000000f2680000)
 ParOldGen       total 95744K, used 16618K [0x00000000c0000000, 0x00000000c5d80000, 0x00000000eab00000)
  object space 95744K, 17% used [0x00000000c0000000,0x00000000c103a808,0x00000000c5d80000)
 Metaspace       used 50148K, capacity 51650K, committed 51840K, reserved 1093632K
  class space    used 6921K, capacity 7233K, committed 7296K, reserved 1048576K
Event: 25.664 GC heap after
Heap after GC invocations=15 (full 2):
 PSYoungGen      total 126464K, used 13811K [0x00000000eab00000, 0x00000000f6280000, 0x0000000100000000)
  eden space 112640K, 0% used [0x00000000eab00000,0x00000000eab00000,0x00000000f1900000)
  from space 13824K, 99% used [0x00000000f1900000,0x00000000f267cc90,0x00000000f2680000)
  to   space 18944K, 0% used [0x00000000f5000000,0x00000000f5000000,0x00000000f6280000)
 ParOldGen       total 95744K, used 26179K [0x00000000c0000000, 0x00000000c5d80000, 0x00000000eab00000)
  object space 95744K, 27% used [0x00000000c0000000,0x00000000c1990e70,0x00000000c5d80000)
 Metaspace       used 50148K, capacity 51650K, committed 51840K, reserved 1093632K
  class space    used 6921K, capacity 7233K, committed 7296K, reserved 1048576K
}
Event: 27.658 GC heap before
{Heap before GC invocations=16 (full 2):
 PSYoungGen      total 126464K, used 54208K [0x00000000eab00000, 0x00000000f6280000, 0x0000000100000000)
  eden space 112640K, 35% used [0x00000000eab00000,0x00000000ed2735f8,0x00000000f1900000)
  from space 13824K, 99% used [0x00000000f1900000,0x00000000f267cc90,0x00000000f2680000)
  to   space 18944K, 0% used [0x00000000f5000000,0x00000000f5000000,0x00000000f6280000)
 ParOldGen       total 95744K, used 26179K [0x00000000c0000000, 0x00000000c5d80000, 0x00000000eab00000)
  object space 95744K, 27% used [0x00000000c0000000,0x00000000c1990e70,0x00000000c5d80000)
 Metaspace       used 51912K, capacity 53910K, committed 54016K, reserved 1095680K
  class space    used 7244K, capacity 7676K, committed 7680K, reserved 1048576K
Event: 27.722 GC heap after
Heap after GC invocations=16 (full 2):
 PSYoungGen      total 165888K, used 18936K [0x00000000eab00000, 0x00000000f6880000, 0x0000000100000000)
  eden space 146944K, 0% used [0x00000000eab00000,0x00000000eab00000,0x00000000f3a80000)
  from space 18944K, 99% used [0x00000000f5000000,0x00000000f627e1d8,0x00000000f6280000)
  to   space 22016K, 0% used [0x00000000f3a80000,0x00000000f3a80000,0x00000000f5000000)
 ParOldGen       total 95744K, used 27258K [0x00000000c0000000, 0x00000000c5d80000, 0x00000000eab00000)
  object space 95744K, 28% used [0x00000000c0000000,0x00000000c1a9e920,0x00000000c5d80000)
 Metaspace       used 51912K, capacity 53910K, committed 54016K, reserved 1095680K
  class space    used 7244K, capacity 7676K, committed 7680K, reserved 1048576K
}
Event: 27.722 GC heap before
{Heap before GC invocations=17 (full 3):
 PSYoungGen      total 165888K, used 18936K [0x00000000eab00000, 0x00000000f6880000, 0x0000000100000000)
  eden space 146944K, 0% used [0x00000000eab00000,0x00000000eab00000,0x00000000f3a80000)
  from space 18944K, 99% used [0x00000000f5000000,0x00000000f627e1d8,0x00000000f6280000)
  to   space 22016K, 0% used [0x00000000f3a80000,0x00000000f3a80000,0x00000000f5000000)
 ParOldGen       total 95744K, used 27258K [0x00000000c0000000, 0x00000000c5d80000, 0x00000000eab00000)
  object space 95744K, 28% used [0x00000000c0000000,0x00000000c1a9e920,0x00000000c5d80000)
 Metaspace       used 51912K, capacity 53910K, committed 54016K, reserved 1095680K
  class space    used 7244K, capacity 7676K, committed 7680K, reserved 1048576K
Event: 28.414 GC heap after
Heap after GC invocations=17 (full 3):
 PSYoungGen      total 165888K, used 0K [0x00000000eab00000, 0x00000000f6880000, 0x0000000100000000)
  eden space 146944K, 0% used [0x00000000eab00000,0x00000000eab00000,0x00000000f3a80000)
  from space 18944K, 0% used [0x00000000f5000000,0x00000000f5000000,0x00000000f6280000)
  to   space 22016K, 0% used [0x00000000f3a80000,0x00000000f3a80000,0x00000000f5000000)
 ParOldGen       total 95744K, used 42973K [0x00000000c0000000, 0x00000000c5d80000, 0x00000000eab00000)
  object space 95744K, 44% used [0x00000000c0000000,0x00000000c29f7778,0x00000000c5d80000)
 Metaspace       used 51912K, capacity 53910K, committed 54016K, reserved 1095680K
  class space    used 7244K, capacity 7676K, committed 7680K, reserved 1048576K
}
Event: 36.895 GC heap before
{Heap before GC invocations=18 (full 3):
 PSYoungGen      total 165888K, used 146944K [0x00000000eab00000, 0x00000000f6880000, 0x0000000100000000)
  eden space 146944K, 100% used [0x00000000eab00000,0x00000000f3a80000,0x00000000f3a80000)
  from space 18944K, 0% used [0x00000000f5000000,0x00000000f5000000,0x00000000f6280000)
  to   space 22016K, 0% used [0x00000000f3a80000,0x00000000f3a80000,0x00000000f5000000)
 ParOldGen       total 95744K, used 42973K [0x00000000c0000000, 0x00000000c5d80000, 0x00000000eab00000)
  object space 95744K, 44% used [0x00000000c0000000,0x00000000c29f7778,0x00000000c5d80000)
 Metaspace       used 54767K, capacity 56936K, committed 57216K, reserved 1097728K
  class space    used 7551K, capacity 8007K, committed 8064K, reserved 1048576K
Event: 36.913 GC heap after
Heap after GC invocations=18 (full 3):
 PSYoungGen      total 168960K, used 8340K [0x00000000eab00000, 0x00000000f8e00000, 0x0000000100000000)
  eden space 146944K, 0% used [0x00000000eab00000,0x00000000eab00000,0x00000000f3a80000)
  from space 22016K, 37% used [0x00000000f3a80000,0x00000000f42a51f0,0x00000000f5000000)
  to   space 20992K, 0% used [0x00000000f7980000,0x00000000f7980000,0x00000000f8e00000)
 ParOldGen       total 95744K, used 42981K [0x00000000c0000000, 0x00000000c5d80000, 0x00000000eab00000)
  object space 95744K, 44% used [0x00000000c0000000,0x00000000c29f9778,0x00000000c5d80000)
 Metaspace       used 54767K, capacity 56936K, committed 57216K, reserved 1097728K
  class space    used 7551K, capacity 8007K, committed 8064K, reserved 1048576K
}
Event: 257.443 GC heap before
{Heap before GC invocations=19 (full 3):
 PSYoungGen      total 168960K, used 155284K [0x00000000eab00000, 0x00000000f8e00000, 0x0000000100000000)
  eden space 146944K, 100% used [0x00000000eab00000,0x00000000f3a80000,0x00000000f3a80000)
  from space 22016K, 37% used [0x00000000f3a80000,0x00000000f42a51f0,0x00000000f5000000)
  to   space 20992K, 0% used [0x00000000f7980000,0x00000000f7980000,0x00000000f8e00000)
 ParOldGen       total 95744K, used 42981K [0x00000000c0000000, 0x00000000c5d80000, 0x00000000eab00000)
  object space 95744K, 44% used [0x00000000c0000000,0x00000000c29f9778,0x00000000c5d80000)
 Metaspace       used 56829K, capacity 59144K, committed 59264K, reserved 1099776K
  class space    used 7797K, capacity 8313K, committed 8320K, reserved 1048576K
Event: 257.460 GC heap after
Heap after GC invocations=19 (full 3):
 PSYoungGen      total 198144K, used 7257K [0x00000000eab00000, 0x00000000f8700000, 0x0000000100000000)
  eden space 184320K, 0% used [0x00000000eab00000,0x00000000eab00000,0x00000000f5f00000)
  from space 13824K, 52% used [0x00000000f7980000,0x00000000f8096400,0x00000000f8700000)
  to   space 20480K, 0% used [0x00000000f5f00000,0x00000000f5f00000,0x00000000f7300000)
 ParOldGen       total 95744K, used 42989K [0x00000000c0000000, 0x00000000c5d80000, 0x00000000eab00000)
  object space 95744K, 44% used [0x00000000c0000000,0x00000000c29fb778,0x00000000c5d80000)
 Metaspace       used 56829K, capacity 59144K, committed 59264K, reserved 1099776K
  class space    used 7797K, capacity 8313K, committed 8320K, reserved 1048576K
}

Deoptimization events (10 events):
Event: 257.817 Thread 0x000000001a766800 Uncommon trap: reason=null_check action=make_not_entrant pc=0x0000000002ca3358 method=java.lang.ThreadLocal$ThreadLocalMap.set(Ljava/lang/ThreadLocal;Ljava/lang/Object;)V @ 36
Event: 258.955 Thread 0x000000001a766800 Uncommon trap: reason=unstable_if action=reinterpret pc=0x00000000029961a8 method=groovy.lang.MetaClassImpl$1MOPIter.processFastArray(Lorg/codehaus/groovy/util/FastArray;)V @ 85
Event: 259.147 Thread 0x000000001a766800 Uncommon trap: reason=bimorphic action=maybe_recompile pc=0x0000000002abab00 method=org.codehaus.groovy.util.SingleKeyHashMap.get(Ljava/lang/Object;)Ljava/lang/Object; @ 43
Event: 259.148 Thread 0x000000001a766800 Uncommon trap: reason=bimorphic action=maybe_recompile pc=0x0000000002abab00 method=org.codehaus.groovy.util.SingleKeyHashMap.get(Ljava/lang/Object;)Ljava/lang/Object; @ 43
Event: 259.148 Thread 0x000000001a766800 Uncommon trap: reason=unstable_if action=reinterpret pc=0x0000000003b0b290 method=groovy.lang.MetaClassImpl.checkIfStdMethod(Lgroovy/lang/MetaMethod;)V @ 168
Event: 259.164 Thread 0x000000001a766800 Uncommon trap: reason=unstable_if action=reinterpret pc=0x0000000003ba1768 method=groovy.lang.MetaClassImpl.filterPropertyMethod(Ljava/lang/Object;ZZ)Ljava/lang/Object; @ 62
Event: 259.329 Thread 0x000000001a766800 Uncommon trap: reason=null_check action=make_not_entrant pc=0x0000000003f854a4 method=sun.nio.fs.NativeBuffers.getNativeBufferFromCache(I)Lsun/nio/fs/NativeBuffer; @ 6
Event: 259.330 Thread 0x000000001a766800 Uncommon trap: reason=null_check action=make_not_entrant pc=0x0000000003f82cb4 method=sun.nio.fs.NativeBuffers.releaseNativeBuffer(Lsun/nio/fs/NativeBuffer;)V @ 6
Event: 259.624 Thread 0x000000001a766800 Uncommon trap: reason=unstable_if action=reinterpret pc=0x000000000404ca28 method=com.sun.org.apache.xerces.internal.impl.XMLEntityScanner.scanLiteral(ILcom/sun/org/apache/xerces/internal/xni/XMLString;Z)I @ 570
Event: 259.679 Thread 0x000000001a766800 Uncommon trap: reason=unstable_if action=reinterpret pc=0x0000000002f2f07c method=java.util.WeakHashMap.remove(Ljava/lang/Object;)Ljava/lang/Object; @ 94

Internal exceptions (10 events):
Event: 259.390 Thread 0x000000001a766800 Exception <a 'sun/nio/fs/WindowsException'> (0x00000000efd00468) thrown at [C:\re\workspace\8-2-build-windows-amd64-cygwin\jdk8u101\7261\hotspot\src\share\vm\prims\jni.cpp, line 709]
Event: 259.391 Thread 0x000000001a766800 Exception <a 'sun/nio/fs/WindowsException'> (0x00000000efd02d88) thrown at [C:\re\workspace\8-2-build-windows-amd64-cygwin\jdk8u101\7261\hotspot\src\share\vm\prims\jni.cpp, line 709]
Event: 259.391 Thread 0x000000001a766800 Exception <a 'sun/nio/fs/WindowsException'> (0x00000000efd03940) thrown at [C:\re\workspace\8-2-build-windows-amd64-cygwin\jdk8u101\7261\hotspot\src\share\vm\prims\jni.cpp, line 709]
Event: 259.391 Thread 0x000000001a766800 Exception <a 'sun/nio/fs/WindowsException'> (0x00000000efd05530) thrown at [C:\re\workspace\8-2-build-windows-amd64-cygwin\jdk8u101\7261\hotspot\src\share\vm\prims\jni.cpp, line 709]
Event: 259.391 Thread 0x000000001a766800 Exception <a 'sun/nio/fs/WindowsException'> (0x00000000efd06128) thrown at [C:\re\workspace\8-2-build-windows-amd64-cygwin\jdk8u101\7261\hotspot\src\share\vm\prims\jni.cpp, line 709]
Event: 259.392 Thread 0x000000001a766800 Exception <a 'sun/nio/fs/WindowsException'> (0x00000000efd091b8) thrown at [C:\re\workspace\8-2-build-windows-amd64-cygwin\jdk8u101\7261\hotspot\src\share\vm\prims\jni.cpp, line 709]
Event: 259.392 Thread 0x000000001a766800 Exception <a 'sun/nio/fs/WindowsException'> (0x00000000efd09c30) thrown at [C:\re\workspace\8-2-build-windows-amd64-cygwin\jdk8u101\7261\hotspot\src\share\vm\prims\jni.cpp, line 709]
Event: 259.392 Thread 0x000000001a766800 Exception <a 'sun/nio/fs/WindowsException'> (0x00000000efd0b6e0) thrown at [C:\re\workspace\8-2-build-windows-amd64-cygwin\jdk8u101\7261\hotspot\src\share\vm\prims\jni.cpp, line 709]
Event: 259.392 Thread 0x000000001a766800 Exception <a 'sun/nio/fs/WindowsException'> (0x00000000efd0c198) thrown at [C:\re\workspace\8-2-build-windows-amd64-cygwin\jdk8u101\7261\hotspot\src\share\vm\prims\jni.cpp, line 709]
Event: 259.398 Thread 0x000000001a766800 Exception <a 'java/lang/ClassNotFoundException': com/sun/org/glassfish/hk2/osgiresourcelocator/ServiceLoader> (0x00000000efd5dd38) thrown at [C:\re\workspace\8-2-build-windows-amd64-cygwin\jdk8u101\7261\hotspot\src\share\vm\classfile\systemDictionary.cpp, ´è©É>6p@

Events (10 events):
Event: 259.621 Executing VM operation: RevokeBias
Event: 259.621 Executing VM operation: RevokeBias done
Event: 259.624 Thread 0x000000001a766800 Uncommon trap: trap_request=0xffffff65 fr.pc=0x000000000404ca28
Event: 259.624 Thread 0x000000001a766800 DEOPT PACKING pc=0x000000000404ca28 sp=0x0000000018e4be40
Event: 259.624 Thread 0x000000001a766800 DEOPT UNPACKING pc=0x000000000276582a sp=0x0000000018e4be30 mode 2
Event: 259.679 Thread 0x000000001a766800 Uncommon trap: trap_request=0xffffff65 fr.pc=0x0000000002f2f07c
Event: 259.679 Executing VM operation: RevokeBias
Event: 259.679 Executing VM operation: RevokeBias done
Event: 259.679 Thread 0x000000001a766800 DEOPT PACKING pc=0x0000000002f2f07c sp=0x0000000018e4bde0
Event: 259.680 Thread 0x000000001a766800 DEOPT UNPACKING pc=0x000000000276582a sp=0x0000000018e4bd08 mode 2


Dynamic libraries:
0x00007ff7e3000000 - 0x00007ff7e3037000 	C:\Program Files\Java\jdk1.8.0_101\bin\java.exe
0x00007ff8ddbc0000 - 0x00007ff8ddd82000 	C:\Windows\SYSTEM32\ntdll.dll
0x00007ff8dd150000 - 0x00007ff8dd1fd000 	C:\Windows\system32\KERNEL32.DLL
0x00007ff8da680000 - 0x00007ff8da85d000 	C:\Windows\system32\KERNELBASE.dll
0x00007ff8dd9f0000 - 0x00007ff8dda96000 	C:\Windows\system32\ADVAPI32.dll
0x00007ff8db280000 - 0x00007ff8db31d000 	C:\Windows\system32\msvcrt.dll
0x00007ff8dd640000 - 0x00007ff8dd69b000 	C:\Windows\system32\sechost.dll
0x00007ff8dd3b0000 - 0x00007ff8dd4d6000 	C:\Windows\system32\RPCRT4.dll
0x00007ff8dce70000 - 0x00007ff8dcfbe000 	C:\Windows\system32\USER32.dll
0x00007ff8db320000 - 0x00007ff8db4a5000 	C:\Windows\system32\GDI32.dll
0x00007ff8d1fa0000 - 0x00007ff8d2214000 	C:\Windows\WinSxS\amd64_microsoft.windows.common-controls_6595b64144ccf1df_6.0.10240.17184_none_f41d7a705752bce6\COMCTL32.dll
0x00007ff8db4b0000 - 0x00007ff8db4e6000 	C:\Windows\system32\IMM32.DLL
0x00007ff8dd4e0000 - 0x00007ff8dd63c000 	C:\Windows\system32\MSCTF.dll
0x0000000073c30000 - 0x0000000073d02000 	C:\Program Files\Java\jdk1.8.0_101\jre\bin\msvcr100.dll
0x0000000072920000 - 0x00000000731ba000 	C:\Program Files\Java\jdk1.8.0_101\jre\bin\server\jvm.dll
0x00007ff8dd140000 - 0x00007ff8dd148000 	C:\Windows\system32\PSAPI.DLL
0x00007ff8d7090000 - 0x00007ff8d709a000 	C:\Windows\SYSTEM32\VERSION.dll
0x00007ff8d8870000 - 0x00007ff8d8893000 	C:\Windows\SYSTEM32\WINMM.dll
0x00007ff8cd170000 - 0x00007ff8cd179000 	C:\Windows\SYSTEM32\WSOCK32.dll
0x00007ff8ddb50000 - 0x00007ff8ddbb9000 	C:\Windows\system32\WS2_32.dll
0x00007ff8d8820000 - 0x00007ff8d884c000 	C:\Windows\SYSTEM32\WINMMBASE.dll
0x00007ff8db230000 - 0x00007ff8db274000 	C:\Windows\system32\cfgmgr32.dll
0x00007ff8dd920000 - 0x00007ff8dd928000 	C:\Windows\system32\NSI.dll
0x00007ff8d9100000 - 0x00007ff8d9127000 	C:\Windows\SYSTEM32\DEVOBJ.dll
0x0000000073c20000 - 0x0000000073c2f000 	C:\Program Files\Java\jdk1.8.0_101\jre\bin\verify.dll
0x0000000073bf0000 - 0x0000000073c19000 	C:\Program Files\Java\jdk1.8.0_101\jre\bin\java.dll
0x0000000073bd0000 - 0x0000000073be6000 	C:\Program Files\Java\jdk1.8.0_101\jre\bin\zip.dll
0x00007ff8db720000 - 0x00007ff8dcc43000 	C:\Windows\system32\SHELL32.dll
0x00007ff8da860000 - 0x00007ff8dae89000 	C:\Windows\system32\windows.storage.dll
0x00007ff8dd6a0000 - 0x00007ff8dd91c000 	C:\Windows\system32\combase.dll
0x00007ff8dd930000 - 0x00007ff8dd981000 	C:\Windows\system32\shlwapi.dll
0x00007ff8da5e0000 - 0x00007ff8da5ef000 	C:\Windows\system32\kernel.appcore.dll
0x00007ff8db060000 - 0x00007ff8db113000 	C:\Windows\system32\shcore.dll
0x00007ff8da5f0000 - 0x00007ff8da63a000 	C:\Windows\system32\powrprof.dll
0x00007ff8da640000 - 0x00007ff8da653000 	C:\Windows\system32\profapi.dll
0x0000000073bb0000 - 0x0000000073bca000 	C:\Program Files\Java\jdk1.8.0_101\jre\bin\net.dll
0x00007ff8d9df0000 - 0x00007ff8d9e4d000 	C:\Windows\system32\mswsock.dll
0x0000000073b90000 - 0x0000000073ba1000 	C:\Program Files\Java\jdk1.8.0_101\jre\bin\nio.dll
0x00007ff8d4ca0000 - 0x00007ff8d4cb2000 	C:\Users\Little Fireflies\.gradle\native\19\windows-amd64\native-platform.dll
0x00007ff8d9e50000 - 0x00007ff8d9e67000 	C:\Windows\SYSTEM32\CRYPTSP.dll
0x00007ff8da510000 - 0x00007ff8da538000 	C:\Windows\SYSTEM32\bcrypt.dll
0x00007ff8d9aa0000 - 0x00007ff8d9ad3000 	C:\Windows\system32\rsaenh.dll
0x00007ff8d9b90000 - 0x00007ff8d9baf000 	C:\Windows\SYSTEM32\USERENV.dll
0x00007ff8da400000 - 0x00007ff8da46b000 	C:\Windows\system32\bcryptprimitives.dll
0x00007ff8d9fc0000 - 0x00007ff8d9fcb000 	C:\Windows\SYSTEM32\CRYPTBASE.dll
0x00007ff8d7da0000 - 0x00007ff8d7dd8000 	C:\Windows\SYSTEM32\IPHLPAPI.DLL
0x00007ff8d7b00000 - 0x00007ff8d7b0b000 	C:\Windows\SYSTEM32\WINNSI.DLL
0x00007ff8d5220000 - 0x00007ff8d5236000 	C:\Windows\SYSTEM32\dhcpcsvc6.DLL
0x00007ff8d5200000 - 0x00007ff8d521a000 	C:\Windows\SYSTEM32\dhcpcsvc.DLL
0x0000000073b80000 - 0x0000000073b8d000 	C:\Program Files\Java\jdk1.8.0_101\jre\bin\management.dll
0x00007ff8d88d0000 - 0x00007ff8d8948000 	C:\Windows\system32\apphelp.dll

VM Arguments:
jvm_args: -XX:MaxPermSize=256m -XX:+HeapDumpOnOutOfMemoryError -Xmx1024m -Dfile.encoding=windows-1252 -Duser.country=US -Duser.language=en -Duser.variant 
java_command: org.gradle.launcher.daemon.bootstrap.GradleDaemon 2.14.1
java_class_path (initial): C:\Users\Little Fireflies\.gradle\wrapper\dists\gradle-2.14.1-all\8bnwg5hd3w55iofp58khbp6yv\gradle-2.14.1\lib\gradle-launcher-2.14.1.jar
Launcher Type: SUN_STANDARD

Environment Variables:
JAVA_HOME=C:\Program Files\Java\jdk1.8.0_101
PATH=D:\app\widdyjp\product\12.1.0\dbhome_1\bin;C:\Program Files (x86)\Common Files\Intel\Shared Files\cpp\bin\Intel64;C:\Windows\system32;C:\Windows;C:\Windows\System32\Wbem;C:\Windows\System32\WindowsPowerShell\v1.0\;C:\Program Files\Java\jdk1.8.0_101\bin;C:\Program Files\Git\cmd;C:\Program Files (x86)\NVIDIA Corporation\PhysX\Common;C:\Windows\system32\config\systemprofile\.dnx\bin;C:\Program Files\Microsoft DNX\Dnvm\;C:\Program Files (x86)\Windows Kits\8.1\Windows Performance Toolkit\;C:\Program Files\Microsoft SQL Server\120\Tools\Binn\;C:\Program Files\Microsoft SQL Server\130\Tools\Binn\;E:\MasterApp\Android\sdk\platform-tools\
USERNAME=LittleFireflies
OS=Windows_NT
PROCESSOR_IDENTIFIER=Intel64 Family 6 Model 58 Stepping 9, GenuineIntel



---------------  S Y S T E M  ---------------

OS: Windows 10.0 , 64 bit Build 10240 (10.0.10240.17113)

CPU:total 4 (2 cores per cpu, 2 threads per core) family 6 model 58 stepping 9, cmov, cx8, fxsr, mmx, sse, sse2, sse3, ssse3, sse4.1, sse4.2, popcnt, avx, clmul, erms, ht, tsc, tscinvbit, tscinv

Memory: 4k page, physical 8271628k(1273140k free), swap 12425988k(5448k free)

vm_info: Java HotSpot(TM) 64-Bit Server VM (25.101-b13) for windows-amd64 JRE (1.8.0_101-b13), built on Jun 22 2016 01:21:29 by "java_re" with MS VC++ 10.0 (VS2010)

time: Fri Jan 27 13:02:22 2017
elapsed time: 259 seconds (0d 0h 4m 19s)

