#
# There is insufficient memory for the Java Runtime Environment to continue.
# Native memory allocation (malloc) failed to allocate 619696 bytes for Chunk::new
# Possible reasons:
#   The system is out of physical RAM or swap space
#   In 32 bit mode, the process size limit was hit
# Possible solutions:
#   Reduce memory load on the system
#   Increase physical memory or swap space
#   Check if swap backing store is full
#   Use 64 bit Java on a 64 bit OS
#   Decrease Java heap size (-Xmx/-Xms)
#   Decrease number of Java threads
#   Decrease Java thread stack sizes (-Xss)
#   Set larger code cache with -XX:ReservedCodeCacheSize=
# This output file may be truncated or incomplete.
#
#  Out of Memory Error (allocation.cpp:390), pid=9236, tid=0x0000000000002280
#
# JRE version: Java(TM) SE Runtime Environment (8.0_101-b13) (build 1.8.0_101-b13)
# Java VM: Java HotSpot(TM) 64-Bit Server VM (25.101-b13 mixed mode windows-amd64 compressed oops)
# Failed to write core dump. Minidumps are not enabled by default on client versions of Windows
#

---------------  T H R E A D  ---------------

Current thread (0x0000000014be0000):  JavaThread "C2 CompilerThread1" daemon [_thread_in_native, id=8832, stack(0x00000000162f0000,0x00000000163f0000)]

Stack: [0x00000000162f0000,0x00000000163f0000]
[error occurred during error reporting (printing stack bounds), id 0xc0000005]

Native frames: (J=compiled Java code, j=interpreted, Vv=VM code, C=native code)


Current CompileTask:
C2: 197925 2836   !   4       com.android.dx.cf.code.Ropper::processBlock (1101 bytes)


---------------  P R O C E S S  ---------------

Java Threads: ( => current thread )
  0x00000000172e1000 JavaThread "pool-2-thread-4" [_thread_blocked, id=10464, stack(0x00000000186c0000,0x00000000187c0000)]
  0x0000000017240000 JavaThread "pool-2-thread-3" [_thread_blocked, id=1592, stack(0x00000000185c0000,0x00000000186c0000)]
  0x000000001723f800 JavaThread "pool-2-thread-2" [_thread_in_Java, id=11648, stack(0x00000000184c0000,0x00000000185c0000)]
  0x00000000172e0000 JavaThread "pool-3-thread-1" [_thread_blocked, id=9448, stack(0x00000000183c0000,0x00000000184c0000)]
  0x000000001732a000 JavaThread "pool-2-thread-1" [_thread_in_Java, id=3240, stack(0x00000000182c0000,0x00000000183c0000)]
  0x000000001642c800 JavaThread "Service Thread" daemon [_thread_blocked, id=12200, stack(0x00000000168f0000,0x00000000169f0000)]
  0x00000000163f0800 JavaThread "C1 CompilerThread2" daemon [_thread_blocked, id=10996, stack(0x00000000167f0000,0x00000000168f0000)]
=>0x0000000014be0000 JavaThread "C2 CompilerThread1" daemon [_thread_in_native, id=8832, stack(0x00000000162f0000,0x00000000163f0000)]
  0x0000000014baa800 JavaThread "C2 CompilerThread0" daemon [_thread_in_native, id=10664, stack(0x00000000161f0000,0x00000000162f0000)]
  0x0000000014ba9800 JavaThread "Attach Listener" daemon [_thread_blocked, id=3944, stack(0x00000000160f0000,0x00000000161f0000)]
  0x0000000014ba8000 JavaThread "Signal Dispatcher" daemon [_thread_blocked, id=12188, stack(0x0000000015ff0000,0x00000000160f0000)]
  0x00000000024cb800 JavaThread "Finalizer" daemon [_thread_blocked, id=11592, stack(0x0000000015e10000,0x0000000015f10000)]
  0x0000000014b69000 JavaThread "Reference Handler" daemon [_thread_blocked, id=3024, stack(0x0000000015d10000,0x0000000015e10000)]
  0x000000000236e000 JavaThread "main" [_thread_in_Java, id=10504, stack(0x0000000002220000,0x0000000002320000)]

Other Threads:
  0x0000000014b67800 VMThread [stack: 0x0000000015c10000,0x0000000015d10000] [id=4804]
  0x0000000016435000 WatcherThread [stack: 0x00000000169f0000,0x0000000016af0000] [id=11144]

VM state:not at safepoint (normal execution)

VM Mutex/Monitor currently owned by a thread: None

Heap:
 PSYoungGen      total 232960K, used 38952K [0x00000000eab00000, 0x0000000100000000, 0x0000000100000000)
  eden space 116736K, 17% used [0x00000000eab00000,0x00000000ebee93d8,0x00000000f1d00000)
  from space 116224K, 15% used [0x00000000f8e80000,0x00000000fa0a0de0,0x0000000100000000)
  to   space 116224K, 0% used [0x00000000f1d00000,0x00000000f1d00000,0x00000000f8e80000)
 ParOldGen       total 699392K, used 425225K [0x00000000c0000000, 0x00000000eab00000, 0x00000000eab00000)
  object space 699392K, 60% used [0x00000000c0000000,0x00000000d9f42458,0x00000000eab00000)
 Metaspace       used 6682K, capacity 7320K, committed 7680K, reserved 1056768K
  class space    used 628K, capacity 656K, committed 768K, reserved 1048576K

Card table byte_map: [0x0000000011890000,0x0000000011aa0000] byte_map_base: 0x0000000011290000

Marking Bits: (ParMarkBitMap*) 0x000000007313a6d0
 Begin Bits: [0x0000000012000000, 0x0000000013000000)
 End Bits:   [0x0000000013000000, 0x0000000014000000)

Polling page: 0x0000000000ad0000

CodeCache: size=245760Kb used=11229Kb max_used=12326Kb free=234530Kb
 bounds [0x00000000024d0000, 0x0000000003100000, 0x00000000114d0000]
 total_blobs=2669 nmethods=2398 adapters=183
 compilation: enabled

Compilation events (10 events):
Event: 197.561 Thread 0x00000000163f0800 nmethod 2842 0x0000000002877c50 code [0x0000000002877dc0, 0x0000000002877fe8]
Event: 197.578 Thread 0x0000000014baa800 2843       4       com.android.dx.rop.code.RegisterSpec::equals (51 bytes)
Event: 197.583 Thread 0x00000000163f0800 2844       3       com.android.dx.cf.code.ExecutionStack::clear (40 bytes)
Event: 197.583 Thread 0x00000000163f0800 nmethod 2844 0x00000000029c1610 code [0x00000000029c17c0, 0x00000000029c1d28]
Event: 197.586 Thread 0x0000000014baa800 nmethod 2843 0x000000000297c990 code [0x000000000297cae0, 0x000000000297cf58]
Event: 197.587 Thread 0x0000000014baa800 2845   !   4       com.android.dx.cf.code.ExecutionStack::push (102 bytes)
Event: 197.592 Thread 0x0000000014baa800 nmethod 2845 0x0000000002897110 code [0x0000000002897280, 0x00000000028974f8]
Event: 197.596 Thread 0x00000000163f0800 2846       3       com.android.dx.cf.code.Ropper::getFirstTempStackReg (20 bytes)
Event: 197.597 Thread 0x00000000163f0800 nmethod 2846 0x00000000029c0c50 code [0x00000000029c0de0, 0x00000000029c13c8]
Event: 197.605 Thread 0x0000000014baa800 2847       4       com.android.dx.ssa.PhiTypeResolver::run (179 bytes)

GC Heap History (10 events):
Event: 193.560 GC heap before
{Heap before GC invocations=151 (full 132):
 PSYoungGen      total 232960K, used 116736K [0x00000000eab00000, 0x0000000100000000, 0x0000000100000000)
  eden space 116736K, 100% used [0x00000000eab00000,0x00000000f1d00000,0x00000000f1d00000)
  from space 116224K, 0% used [0x00000000f1d00000,0x00000000f1d00000,0x00000000f8e80000)
  to   space 116224K, 0% used [0x00000000f8e80000,0x00000000f8e80000,0x0000000100000000)
 ParOldGen       total 288768K, used 288693K [0x00000000c0000000, 0x00000000d1a00000, 0x00000000eab00000)
  object space 288768K, 99% used [0x00000000c0000000,0x00000000d19ed578,0x00000000d1a00000)
 Metaspace       used 6681K, capacity 7320K, committed 7680K, reserved 1056768K
  class space    used 628K, capacity 656K, committed 768K, reserved 1048576K
Event: 194.888 GC heap after
Heap after GC invocations=151 (full 132):
 PSYoungGen      total 232960K, used 116724K [0x00000000eab00000, 0x0000000100000000, 0x0000000100000000)
  eden space 116736K, 99% used [0x00000000eab00000,0x00000000f1cfd2f0,0x00000000f1d00000)
  from space 116224K, 0% used [0x00000000f1d00000,0x00000000f1d00000,0x00000000f8e80000)
  to   space 116224K, 0% used [0x00000000f8e80000,0x00000000f8e80000,0x0000000100000000)
 ParOldGen       total 288768K, used 288691K [0x00000000c0000000, 0x00000000d1a00000, 0x00000000eab00000)
  object space 288768K, 99% used [0x00000000c0000000,0x00000000d19ecf50,0x00000000d1a00000)
 Metaspace       used 6681K, capacity 7320K, committed 7680K, reserved 1056768K
  class space    used 628K, capacity 656K, committed 768K, reserved 1048576K
}
Event: 194.888 GC heap before
{Heap before GC invocations=152 (full 133):
 PSYoungGen      total 232960K, used 116736K [0x00000000eab00000, 0x0000000100000000, 0x0000000100000000)
  eden space 116736K, 100% used [0x00000000eab00000,0x00000000f1d00000,0x00000000f1d00000)
  from space 116224K, 0% used [0x00000000f1d00000,0x00000000f1d00000,0x00000000f8e80000)
  to   space 116224K, 0% used [0x00000000f8e80000,0x00000000f8e80000,0x0000000100000000)
 ParOldGen       total 288768K, used 288691K [0x00000000c0000000, 0x00000000d1a00000, 0x00000000eab00000)
  object space 288768K, 99% used [0x00000000c0000000,0x00000000d19ecf50,0x00000000d1a00000)
 Metaspace       used 6681K, capacity 7320K, committed 7680K, reserved 1056768K
  class space    used 628K, capacity 656K, committed 768K, reserved 1048576K
Event: 196.076 GC heap after
Heap after GC invocations=152 (full 133):
 PSYoungGen      total 232960K, used 116722K [0x00000000eab00000, 0x0000000100000000, 0x0000000100000000)
  eden space 116736K, 99% used [0x00000000eab00000,0x00000000f1cfcb40,0x00000000f1d00000)
  from space 116224K, 0% used [0x00000000f1d00000,0x00000000f1d00000,0x00000000f8e80000)
  to   space 116224K, 0% used [0x00000000f8e80000,0x00000000f8e80000,0x0000000100000000)
 ParOldGen       total 699392K, used 288688K [0x00000000c0000000, 0x00000000eab00000, 0x00000000eab00000)
  object space 699392K, 41% used [0x00000000c0000000,0x00000000d19ec290,0x00000000eab00000)
 Metaspace       used 6681K, capacity 7320K, committed 7680K, reserved 1056768K
  class space    used 628K, capacity 656K, committed 768K, reserved 1048576K
}
Event: 196.077 GC heap before
{Heap before GC invocations=153 (full 133):
 PSYoungGen      total 232960K, used 116736K [0x00000000eab00000, 0x0000000100000000, 0x0000000100000000)
  eden space 116736K, 100% used [0x00000000eab00000,0x00000000f1d00000,0x00000000f1d00000)
  from space 116224K, 0% used [0x00000000f1d00000,0x00000000f1d00000,0x00000000f8e80000)
  to   space 116224K, 0% used [0x00000000f8e80000,0x00000000f8e80000,0x0000000100000000)
 ParOldGen       total 699392K, used 288688K [0x00000000c0000000, 0x00000000eab00000, 0x00000000eab00000)
  object space 699392K, 41% used [0x00000000c0000000,0x00000000d19ec290,0x00000000eab00000)
 Metaspace       used 6681K, capacity 7320K, committed 7680K, reserved 1056768K
  class space    used 628K, capacity 656K, committed 768K, reserved 1048576K
Event: 196.441 GC heap after
Heap after GC invocations=153 (full 133):
 PSYoungGen      total 232960K, used 81978K [0x00000000eab00000, 0x0000000100000000, 0x0000000100000000)
  eden space 116736K, 0% used [0x00000000eab00000,0x00000000eab00000,0x00000000f1d00000)
  from space 116224K, 70% used [0x00000000f8e80000,0x00000000fde8e970,0x0000000100000000)
  to   space 116224K, 0% used [0x00000000f1d00000,0x00000000f1d00000,0x00000000f8e80000)
 ParOldGen       total 699392K, used 324200K [0x00000000c0000000, 0x00000000eab00000, 0x00000000eab00000)
  object space 699392K, 46% used [0x00000000c0000000,0x00000000d3c9a048,0x00000000eab00000)
 Metaspace       used 6681K, capacity 7320K, committed 7680K, reserved 1056768K
  class space    used 628K, capacity 656K, committed 768K, reserved 1048576K
}
Event: 197.020 GC heap before
{Heap before GC invocations=154 (full 133):
 PSYoungGen      total 232960K, used 198714K [0x00000000eab00000, 0x0000000100000000, 0x0000000100000000)
  eden space 116736K, 100% used [0x00000000eab00000,0x00000000f1d00000,0x00000000f1d00000)
  from space 116224K, 70% used [0x00000000f8e80000,0x00000000fde8e970,0x0000000100000000)
  to   space 116224K, 0% used [0x00000000f1d00000,0x00000000f1d00000,0x00000000f8e80000)
 ParOldGen       total 699392K, used 324200K [0x00000000c0000000, 0x00000000eab00000, 0x00000000eab00000)
  object space 699392K, 46% used [0x00000000c0000000,0x00000000d3c9a048,0x00000000eab00000)
 Metaspace       used 6682K, capacity 7320K, committed 7680K, reserved 1056768K
  class space    used 628K, capacity 656K, committed 768K, reserved 1048576K
Event: 197.246 GC heap after
Heap after GC invocations=154 (full 133):
 PSYoungGen      total 232960K, used 19492K [0x00000000eab00000, 0x0000000100000000, 0x0000000100000000)
  eden space 116736K, 0% used [0x00000000eab00000,0x00000000eab00000,0x00000000f1d00000)
  from space 116224K, 16% used [0x00000000f1d00000,0x00000000f3009230,0x00000000f8e80000)
  to   space 116224K, 0% used [0x00000000f8e80000,0x00000000f8e80000,0x0000000100000000)
 ParOldGen       total 699392K, used 406516K [0x00000000c0000000, 0x00000000eab00000, 0x00000000eab00000)
  object space 699392K, 58% used [0x00000000c0000000,0x00000000d8cfd200,0x00000000eab00000)
 Metaspace       used 6682K, capacity 7320K, committed 7680K, reserved 1056768K
  class space    used 628K, capacity 656K, committed 768K, reserved 1048576K
}
Event: 197.618 GC heap before
{Heap before GC invocations=155 (full 133):
 PSYoungGen      total 232960K, used 136228K [0x00000000eab00000, 0x0000000100000000, 0x0000000100000000)
  eden space 116736K, 100% used [0x00000000eab00000,0x00000000f1d00000,0x00000000f1d00000)
  from space 116224K, 16% used [0x00000000f1d00000,0x00000000f3009230,0x00000000f8e80000)
  to   space 116224K, 0% used [0x00000000f8e80000,0x00000000f8e80000,0x0000000100000000)
 ParOldGen       total 699392K, used 406516K [0x00000000c0000000, 0x00000000eab00000, 0x00000000eab00000)
  object space 699392K, 58% used [0x00000000c0000000,0x00000000d8cfd200,0x00000000eab00000)
 Metaspace       used 6682K, capacity 7320K, committed 7680K, reserved 1056768K
  class space    used 628K, capacity 656K, committed 768K, reserved 1048576K
Event: 197.723 GC heap after
Heap after GC invocations=155 (full 133):
 PSYoungGen      total 232960K, used 18563K [0x00000000eab00000, 0x0000000100000000, 0x0000000100000000)
  eden space 116736K, 0% used [0x00000000eab00000,0x00000000eab00000,0x00000000f1d00000)
  from space 116224K, 15% used [0x00000000f8e80000,0x00000000fa0a0de0,0x0000000100000000)
  to   space 116224K, 0% used [0x00000000f1d00000,0x00000000f1d00000,0x00000000f8e80000)
 ParOldGen       total 699392K, used 425225K [0x00000000c0000000, 0x00000000eab00000, 0x00000000eab00000)
  object space 699392K, 60% used [0x00000000c0000000,0x00000000d9f42458,0x00000000eab00000)
 Metaspace       used 6682K, capacity 7320K, committed 7680K, reserved 1056768K
  class space    used 628K, capacity 656K, committed 768K, reserved 1048576K
}

Deoptimization events (10 events):
Event: 30.298 Thread 0x000000001723f800 Uncommon trap: reason=bimorphic action=maybe_recompile pc=0x0000000002e3e2a0 method=com.android.dx.cf.code.BytecodeArray.parseInstruction(ILcom/android/dx/cf/code/BytecodeArray$Visitor;)I @ 891
Event: 35.008 Thread 0x000000000236e000 Uncommon trap: reason=class_check action=maybe_recompile pc=0x0000000002e0cc24 method=com.android.dx.ssa.DeadCodeRemover.pruneDeadInstructions()V @ 198
Event: 55.296 Thread 0x00000000172e1000 Uncommon trap: reason=unstable_if action=reinterpret pc=0x00000000027358b8 method=com.android.dx.ssa.SCCP.simulateStmt(Lcom/android/dx/ssa/SsaInsn;)V @ 435
Event: 196.593 Thread 0x0000000017240000 Uncommon trap: reason=class_check action=maybe_recompile pc=0x00000000027c9d48 method=java.util.HashMap$TreeNode.find(ILjava/lang/Object;Ljava/lang/Class;)Ljava/util/HashMap$TreeNode; @ 68
Event: 196.593 Thread 0x0000000017240000 Uncommon trap: reason=class_check action=maybe_recompile pc=0x00000000027c9d48 method=java.util.HashMap$TreeNode.find(ILjava/lang/Object;Ljava/lang/Class;)Ljava/util/HashMap$TreeNode; @ 68
Event: 196.593 Thread 0x0000000017240000 Uncommon trap: reason=class_check action=maybe_recompile pc=0x00000000027c9d48 method=java.util.HashMap$TreeNode.find(ILjava/lang/Object;Ljava/lang/Class;)Ljava/util/HashMap$TreeNode; @ 68
Event: 196.593 Thread 0x0000000017240000 Uncommon trap: reason=class_check action=maybe_recompile pc=0x00000000027c9d48 method=java.util.HashMap$TreeNode.find(ILjava/lang/Object;Ljava/lang/Class;)Ljava/util/HashMap$TreeNode; @ 68
Event: 196.934 Thread 0x00000000172e1000 Uncommon trap: reason=unstable_if action=reinterpret pc=0x0000000002608f20 method=com.android.dx.ssa.LiteralOpUpgrader$1.visitNonMoveInsn(Lcom/android/dx/ssa/NormalSsaInsn;)V @ 91
Event: 197.294 Thread 0x00000000172e1000 Uncommon trap: reason=unstable_if action=reinterpret pc=0x0000000002f1e6e4 method=com.android.dx.ssa.PhiTypeResolver.resolveResultType(Lcom/android/dx/ssa/PhiInsn;)Z @ 64
Event: 197.413 Thread 0x000000001723f800 Uncommon trap: reason=unstable_if action=reinterpret pc=0x0000000002fd53d8 method=com.android.dx.cf.code.Ropper.processBlock(Lcom/android/dx/cf/code/ByteBlock;Lcom/android/dx/cf/code/Frame;[I)V @ 651

Internal exceptions (9 events):
Event: 0.077 Thread 0x000000000236e000 Exception <a 'java/lang/NoSuchMethodError': Method sun.misc.Unsafe.defineClass(Ljava/lang/String;[BII)Ljava/lang/Class; name or signature does not match> (0x00000000eab07cc0) thrown at [C:\re\workspace\8-2-build-windows-amd64-cygwin\jdk8u101\7261\hotspot\sÿ
Event: 0.077 Thread 0x000000000236e000 Exception <a 'java/lang/NoSuchMethodError': Method sun.misc.Unsafe.prefetchRead(Ljava/lang/Object;J)V name or signature does not match> (0x00000000eab07fa8) thrown at [C:\re\workspace\8-2-build-windows-amd64-cygwin\jdk8u101\7261\hotspot\src\share\vm\prims\.í°¾o„ù?
Event: 1.595 Thread 0x000000001732a000 Implicit null exception at 0x00000000027fc7e2 to 0x00000000027fc8e1
Event: 2.706 Thread 0x000000001723f800 Implicit null exception at 0x0000000002aa03f8 to 0x0000000002aa0645
Event: 3.001 Thread 0x00000000172e1000 Exception <a 'java/lang/ArrayIndexOutOfBoundsException': 18> (0x00000000eda95e20) thrown at [C:\re\workspace\8-2-build-windows-amd64-cygwin\jdk8u101\7261\hotspot\src\share\vm\interpreter\interpreterRuntime.cpp, line 366]
Event: 3.002 Thread 0x00000000172e1000 Exception <a 'java/lang/ArrayIndexOutOfBoundsException': 145> (0x00000000eda979a0) thrown at [C:\re\workspace\8-2-build-windows-amd64-cygwin\jdk8u101\7261\hotspot\src\share\vm\interpreter\interpreterRuntime.cpp, line 366]
Event: 3.003 Thread 0x00000000172e1000 Exception <a 'java/lang/ArrayIndexOutOfBoundsException': 40> (0x00000000eda98c88) thrown at [C:\re\workspace\8-2-build-windows-amd64-cygwin\jdk8u101\7261\hotspot\src\share\vm\interpreter\interpreterRuntime.cpp, line 366]
Event: 24.433 Thread 0x000000001732a000 Implicit null exception at 0x0000000002f83954 to 0x0000000002f8bad5
Event: 197.294 Thread 0x00000000172e1000 Implicit null exception at 0x0000000002f1c5f5 to 0x0000000002f1e6b4

Events (10 events):
Event: 197.294 Thread 0x00000000172e1000 Uncommon trap: trap_request=0xffffff65 fr.pc=0x0000000002f1e6e4
Event: 197.294 Thread 0x00000000172e1000 DEOPT PACKING pc=0x0000000002f1e6e4 sp=0x00000000187bec90
Event: 197.295 Thread 0x00000000172e1000 DEOPT UNPACKING pc=0x000000000251582a sp=0x00000000187bebe0 mode 2
Event: 197.364 Thread 0x0000000017240000 DEOPT PACKING pc=0x0000000002bbbc60 sp=0x00000000186beb20
Event: 197.364 Thread 0x0000000017240000 DEOPT UNPACKING pc=0x000000000251787f sp=0x00000000186be8a8 mode 0
Event: 197.413 Thread 0x000000001723f800 Uncommon trap: trap_request=0xffffff65 fr.pc=0x0000000002fd53d8
Event: 197.413 Thread 0x000000001723f800 DEOPT PACKING pc=0x0000000002fd53d8 sp=0x00000000185be750
Event: 197.413 Thread 0x000000001723f800 DEOPT UNPACKING pc=0x000000000251582a sp=0x00000000185be7c8 mode 2
Event: 197.617 Executing VM operation: ParallelGCFailedAllocation
Event: 197.723 Executing VM operation: ParallelGCFailedAllocation done


Dynamic libraries:
0x00007ff7e3000000 - 0x00007ff7e3037000 	C:\Program Files\Java\jdk1.8.0_101\bin\java.exe
0x00007ff8ddbc0000 - 0x00007ff8ddd82000 	C:\Windows\SYSTEM32\ntdll.dll
0x00007ff8dd150000 - 0x00007ff8dd1fd000 	C:\Windows\system32\KERNEL32.DLL
0x00007ff8da680000 - 0x00007ff8da85d000 	C:\Windows\system32\KERNELBASE.dll
0x00007ff8dd9f0000 - 0x00007ff8dda96000 	C:\Windows\system32\ADVAPI32.dll
0x00007ff8db280000 - 0x00007ff8db31d000 	C:\Windows\system32\msvcrt.dll
0x00007ff8dd640000 - 0x00007ff8dd69b000 	C:\Windows\system32\sechost.dll
0x00007ff8dd3b0000 - 0x00007ff8dd4d6000 	C:\Windows\system32\RPCRT4.dll
0x00007ff8dce70000 - 0x00007ff8dcfbe000 	C:\Windows\system32\USER32.dll
0x00007ff8db320000 - 0x00007ff8db4a5000 	C:\Windows\system32\GDI32.dll
0x00007ff8d1fa0000 - 0x00007ff8d2214000 	C:\Windows\WinSxS\amd64_microsoft.windows.common-controls_6595b64144ccf1df_6.0.10240.17184_none_f41d7a705752bce6\COMCTL32.dll
0x00007ff8db4b0000 - 0x00007ff8db4e6000 	C:\Windows\system32\IMM32.DLL
0x00007ff8dd4e0000 - 0x00007ff8dd63c000 	C:\Windows\system32\MSCTF.dll
0x0000000073b80000 - 0x0000000073c52000 	C:\Program Files\Java\jdk1.8.0_101\jre\bin\msvcr100.dll
0x0000000072920000 - 0x00000000731ba000 	C:\Program Files\Java\jdk1.8.0_101\jre\bin\server\jvm.dll
0x00007ff8dd140000 - 0x00007ff8dd148000 	C:\Windows\system32\PSAPI.DLL
0x00007ff8cd170000 - 0x00007ff8cd179000 	C:\Windows\SYSTEM32\WSOCK32.dll
0x00007ff8d8870000 - 0x00007ff8d8893000 	C:\Windows\SYSTEM32\WINMM.dll
0x00007ff8ddb50000 - 0x00007ff8ddbb9000 	C:\Windows\system32\WS2_32.dll
0x00007ff8dd920000 - 0x00007ff8dd928000 	C:\Windows\system32\NSI.dll
0x00007ff8d7090000 - 0x00007ff8d709a000 	C:\Windows\SYSTEM32\VERSION.dll
0x00007ff8d8820000 - 0x00007ff8d884c000 	C:\Windows\SYSTEM32\WINMMBASE.dll
0x00007ff8db230000 - 0x00007ff8db274000 	C:\Windows\system32\cfgmgr32.dll
0x00007ff8d9100000 - 0x00007ff8d9127000 	C:\Windows\SYSTEM32\DEVOBJ.dll
0x0000000073b70000 - 0x0000000073b7f000 	C:\Program Files\Java\jdk1.8.0_101\jre\bin\verify.dll
0x0000000073b40000 - 0x0000000073b69000 	C:\Program Files\Java\jdk1.8.0_101\jre\bin\java.dll
0x0000000073b20000 - 0x0000000073b36000 	C:\Program Files\Java\jdk1.8.0_101\jre\bin\zip.dll
0x00007ff8db720000 - 0x00007ff8dcc43000 	C:\Windows\system32\SHELL32.dll
0x00007ff8da860000 - 0x00007ff8dae89000 	C:\Windows\system32\windows.storage.dll
0x00007ff8dd6a0000 - 0x00007ff8dd91c000 	C:\Windows\system32\combase.dll
0x00007ff8dd930000 - 0x00007ff8dd981000 	C:\Windows\system32\shlwapi.dll
0x00007ff8da5e0000 - 0x00007ff8da5ef000 	C:\Windows\system32\kernel.appcore.dll
0x00007ff8db060000 - 0x00007ff8db113000 	C:\Windows\system32\shcore.dll
0x00007ff8da5f0000 - 0x00007ff8da63a000 	C:\Windows\system32\powrprof.dll
0x00007ff8da640000 - 0x00007ff8da653000 	C:\Windows\system32\profapi.dll

VM Arguments:
jvm_args: -Djava.awt.headless=true -Xmx1024M -Dfile.encoding=windows-1252 -Duser.country=US -Duser.language=en -Duser.variant 
java_command: com.android.dx.command.Main --dex --num-threads=4 --multi-dex --main-dex-list E:\desktop\AndoidStudio\Negosio\app\build\intermediates\multi-dex\debug\maindexlist.txt --output E:\desktop\AndoidStudio\Negosio\app\build\intermediates\transforms\dex\debug\folders\1000\1f\main E:\desktop\AndoidStudio\Negosio\app\build\intermediates\transforms\jarMerging\debug\jars\1\1f\combined.jar
java_class_path (initial): E:\MasterApp\Android\sdk\build-tools\24.0.3\lib\dx.jar
Launcher Type: SUN_STANDARD

Environment Variables:
JAVA_HOME=C:\Program Files\Java\jdk1.8.0_101
PATH=D:\app\widdyjp\product\12.1.0\dbhome_1\bin;C:\Program Files (x86)\Common Files\Intel\Shared Files\cpp\bin\Intel64;C:\Windows\system32;C:\Windows;C:\Windows\System32\Wbem;C:\Windows\System32\WindowsPowerShell\v1.0\;C:\Program Files\Java\jdk1.8.0_101\bin;C:\Program Files\Git\cmd;C:\Program Files (x86)\NVIDIA Corporation\PhysX\Common;C:\Windows\system32\config\systemprofile\.dnx\bin;C:\Program Files\Microsoft DNX\Dnvm\;C:\Program Files (x86)\Windows Kits\8.1\Windows Performance Toolkit\;C:\Program Files\Microsoft SQL Server\120\Tools\Binn\;C:\Program Files\Microsoft SQL Server\130\Tools\Binn\;E:\MasterApp\Android\sdk\platform-tools\
USERNAME=LittleFireflies
OS=Windows_NT
PROCESSOR_IDENTIFIER=Intel64 Family 6 Model 58 Stepping 9, GenuineIntel



---------------  S Y S T E M  ---------------

OS: Windows 10.0 , 64 bit Build 10240 (10.0.10240.17113)

CPU:total 4 (2 cores per cpu, 2 threads per core) family 6 model 58 stepping 9, cmov, cx8, fxsr, mmx, sse, sse2, sse3, ssse3, sse4.1, sse4.2, popcnt, avx, clmul, erms, ht, tsc, tscinvbit, tscinv

Memory: 4k page, physical 8271628k(451708k free), swap 12425988k(5264k free)

vm_info: Java HotSpot(TM) 64-Bit Server VM (25.101-b13) for windows-amd64 JRE (1.8.0_101-b13), built on Jun 22 2016 01:21:29 by "java_re" with MS VC++ 10.0 (VS2010)

time: Fri Jan 27 18:27:18 2017
elapsed time: 197 seconds (0d 0h 3m 17s)

