#
# There is insufficient memory for the Java Runtime Environment to continue.
# Native memory allocation (malloc) failed to allocate 32744 bytes for ChunkPool::allocate
# Possible reasons:
#   The system is out of physical RAM or swap space
#   In 32 bit mode, the process size limit was hit
# Possible solutions:
#   Reduce memory load on the system
#   Increase physical memory or swap space
#   Check if swap backing store is full
#   Use 64 bit Java on a 64 bit OS
#   Decrease Java heap size (-Xmx/-Xms)
#   Decrease number of Java threads
#   Decrease Java thread stack sizes (-Xss)
#   Set larger code cache with -XX:ReservedCodeCacheSize=
# This output file may be truncated or incomplete.
#
#  Out of Memory Error (allocation.cpp:273), pid=6928, tid=0x000000000000239c
#
# JRE version: Java(TM) SE Runtime Environment (8.0_101-b13) (build 1.8.0_101-b13)
# Java VM: Java HotSpot(TM) 64-Bit Server VM (25.101-b13 mixed mode windows-amd64 compressed oops)
# Failed to write core dump. Minidumps are not enabled by default on client versions of Windows
#

---------------  T H R E A D  ---------------

Current thread (0x0000000014abe800):  JavaThread "C2 CompilerThread0" daemon [_thread_in_native, id=9116, stack(0x00000000160f0000,0x00000000161f0000)]

Stack: [0x00000000160f0000,0x00000000161f0000]
[error occurred during error reporting (printing stack bounds), id 0xc0000005]

Native frames: (J=compiled Java code, j=interpreted, Vv=VM code, C=native code)


Current CompileTask:
C2:  40094 2587       4       com.android.dx.cf.code.Simulator$SimVisitor::visitNoArgs (2136 bytes)


---------------  P R O C E S S  ---------------

Java Threads: ( => current thread )
  0x0000000016c8a000 JavaThread "pool-2-thread-4" [_thread_blocked, id=6184, stack(0x00000000175f0000,0x00000000176f0000)]
  0x0000000016c89800 JavaThread "pool-2-thread-3" [_thread_in_vm, id=9108, stack(0x00000000174f0000,0x00000000175f0000)]
  0x0000000016c88800 JavaThread "pool-2-thread-2" [_thread_in_Java, id=6464, stack(0x00000000173f0000,0x00000000174f0000)]
  0x0000000016716000 JavaThread "pool-3-thread-1" [_thread_blocked, id=8892, stack(0x00000000172f0000,0x00000000173f0000)]
  0x0000000016715000 JavaThread "pool-2-thread-1" [_thread_blocked, id=4152, stack(0x00000000171f0000,0x00000000172f0000)]
  0x000000001642e000 JavaThread "Service Thread" daemon [_thread_blocked, id=5064, stack(0x00000000167f0000,0x00000000168f0000)]
  0x0000000014ac8800 JavaThread "C1 CompilerThread2" daemon [_thread_blocked, id=4760, stack(0x00000000162f0000,0x00000000163f0000)]
  0x0000000014ac4000 JavaThread "C2 CompilerThread1" daemon [_thread_in_native, id=4968, stack(0x00000000161f0000,0x00000000162f0000)]
=>0x0000000014abe800 JavaThread "C2 CompilerThread0" daemon [_thread_in_native, id=9116, stack(0x00000000160f0000,0x00000000161f0000)]
  0x0000000014abc800 JavaThread "Attach Listener" daemon [_thread_blocked, id=5368, stack(0x0000000015ff0000,0x00000000160f0000)]
  0x0000000014abb800 JavaThread "Signal Dispatcher" daemon [_thread_blocked, id=5436, stack(0x0000000015ef0000,0x0000000015ff0000)]
  0x0000000014aaa000 JavaThread "Finalizer" daemon [_thread_blocked, id=6512, stack(0x0000000015d10000,0x0000000015e10000)]
  0x000000000232f000 JavaThread "Reference Handler" daemon [_thread_blocked, id=10068, stack(0x0000000015c10000,0x0000000015d10000)]
  0x00000000023ee000 JavaThread "main" [_thread_in_Java, id=9956, stack(0x00000000020d0000,0x00000000021d0000)]

Other Threads:
  0x0000000014a88000 VMThread [stack: 0x0000000015b10000,0x0000000015c10000] [id=9584]
  0x0000000016431000 WatcherThread [stack: 0x00000000168f0000,0x00000000169f0000] [id=6680]

VM state:not at safepoint (normal execution)

VM Mutex/Monitor currently owned by a thread: None

Heap:
 PSYoungGen      total 219648K, used 156477K [0x00000000eab00000, 0x0000000100000000, 0x0000000100000000)
  eden space 162816K, 96% used [0x00000000eab00000,0x00000000f43cf6f8,0x00000000f4a00000)
  from space 56832K, 0% used [0x00000000fc880000,0x00000000fc880000,0x0000000100000000)
  to   space 93184K, 0% used [0x00000000f4a00000,0x00000000f4a00000,0x00000000fa500000)
 ParOldGen       total 170496K, used 170462K [0x00000000c0000000, 0x00000000ca680000, 0x00000000eab00000)
  object space 170496K, 99% used [0x00000000c0000000,0x00000000ca677b38,0x00000000ca680000)
 Metaspace       used 6671K, capacity 7320K, committed 7680K, reserved 1056768K
  class space    used 628K, capacity 656K, committed 768K, reserved 1048576K

Card table byte_map: [0x00000000117b0000,0x00000000119c0000] byte_map_base: 0x00000000111b0000

Marking Bits: (ParMarkBitMap*) 0x000000006433a6d0
 Begin Bits: [0x0000000011f20000, 0x0000000012f20000)
 End Bits:   [0x0000000012f20000, 0x0000000013f20000)

Polling page: 0x00000000021d0000

CodeCache: size=245760Kb used=10841Kb max_used=11756Kb free=234918Kb
 bounds [0x00000000023f0000, 0x0000000002f90000, 0x00000000113f0000]
 total_blobs=2442 nmethods=2171 adapters=183
 compilation: enabled

Compilation events (10 events):
Event: 39.814 Thread 0x0000000014ac8800 2596       2       com.android.dx.ssa.NormalSsaInsn::upgradeToLiteral (32 bytes)
Event: 39.815 Thread 0x0000000014ac8800 nmethod 2596 0x0000000002593850 code [0x00000000025939c0, 0x0000000002593bb8]
Event: 39.815 Thread 0x0000000014ac8800 2597   !   2       com.android.dx.rop.code.PlainInsn::withSourceLiteral (216 bytes)
Event: 39.817 Thread 0x0000000014ac8800 nmethod 2597 0x00000000027a6810 code [0x00000000027a6a80, 0x00000000027a7488]
Event: 39.847 Thread 0x0000000014ac8800 2598       2       java.util.concurrent.FutureTask::awaitDone (171 bytes)
Event: 39.849 Thread 0x0000000014ac8800 nmethod 2598 0x00000000026c3050 code [0x00000000026c3220, 0x00000000026c3928]
Event: 40.010 Thread 0x0000000014ac8800 2599       2       com.android.dx.ssa.Optimizer::optimizeMinimizeRegisters (41 bytes)
Event: 40.011 Thread 0x0000000014ac8800 nmethod 2599 0x0000000002618a50 code [0x0000000002618c00, 0x0000000002618fc8]
Event: 40.015 Thread 0x0000000014ac8800 2600       2       com.android.dx.ssa.SsaMethod::onInsnAdded (13 bytes)
Event: 40.016 Thread 0x0000000014ac8800 nmethod 2600 0x00000000026ae290 code [0x00000000026ae400, 0x00000000026ae5b8]

GC Heap History (10 events):
Event: 27.295 GC heap before
{Heap before GC invocations=13 (full 3):
 PSYoungGen      total 219648K, used 183720K [0x00000000eab00000, 0x0000000100000000, 0x0000000100000000)
  eden space 162816K, 100% used [0x00000000eab00000,0x00000000f4a00000,0x00000000f4a00000)
  from space 56832K, 36% used [0x00000000fc880000,0x00000000fdcea3d8,0x0000000100000000)
  to   space 93184K, 0% used [0x00000000f4a00000,0x00000000f4a00000,0x00000000fa500000)
 ParOldGen       total 170496K, used 170363K [0x00000000c0000000, 0x00000000ca680000, 0x00000000eab00000)
  object space 170496K, 99% used [0x00000000c0000000,0x00000000ca65ee10,0x00000000ca680000)
 Metaspace       used 6662K, capacity 7320K, committed 7680K, reserved 1056768K
  class space    used 627K, capacity 656K, committed 768K, reserved 1048576K
Event: 29.326 GC heap after
Heap after GC invocations=13 (full 3):
 PSYoungGen      total 219648K, used 43210K [0x00000000eab00000, 0x0000000100000000, 0x0000000100000000)
  eden space 162816K, 26% used [0x00000000eab00000,0x00000000ed532bc0,0x00000000f4a00000)
  from space 56832K, 0% used [0x00000000fc880000,0x00000000fc880000,0x0000000100000000)
  to   space 93184K, 0% used [0x00000000f4a00000,0x00000000f4a00000,0x00000000fa500000)
 ParOldGen       total 170496K, used 170477K [0x00000000c0000000, 0x00000000ca680000, 0x00000000eab00000)
  object space 170496K, 99% used [0x00000000c0000000,0x00000000ca67b420,0x00000000ca680000)
 Metaspace       used 6662K, capacity 7320K, committed 7680K, reserved 1056768K
  class space    used 627K, capacity 656K, committed 768K, reserved 1048576K
}
Event: 30.670 GC heap before
{Heap before GC invocations=14 (full 4):
 PSYoungGen      total 219648K, used 162816K [0x00000000eab00000, 0x0000000100000000, 0x0000000100000000)
  eden space 162816K, 100% used [0x00000000eab00000,0x00000000f4a00000,0x00000000f4a00000)
  from space 56832K, 0% used [0x00000000fc880000,0x00000000fc880000,0x0000000100000000)
  to   space 93184K, 0% used [0x00000000f4a00000,0x00000000f4a00000,0x00000000fa500000)
 ParOldGen       total 170496K, used 170477K [0x00000000c0000000, 0x00000000ca680000, 0x00000000eab00000)
  object space 170496K, 99% used [0x00000000c0000000,0x00000000ca67b420,0x00000000ca680000)
 Metaspace       used 6665K, capacity 7320K, committed 7680K, reserved 1056768K
  class space    used 627K, capacity 656K, committed 768K, reserved 1048576K
Event: 32.328 GC heap after
Heap after GC invocations=14 (full 4):
 PSYoungGen      total 219648K, used 60703K [0x00000000eab00000, 0x0000000100000000, 0x0000000100000000)
  eden space 162816K, 37% used [0x00000000eab00000,0x00000000ee647f88,0x00000000f4a00000)
  from space 56832K, 0% used [0x00000000fc880000,0x00000000fc880000,0x0000000100000000)
  to   space 93184K, 0% used [0x00000000f4a00000,0x00000000f4a00000,0x00000000fa500000)
 ParOldGen       total 170496K, used 170476K [0x00000000c0000000, 0x00000000ca680000, 0x00000000eab00000)
  object space 170496K, 99% used [0x00000000c0000000,0x00000000ca67b168,0x00000000ca680000)
 Metaspace       used 6665K, capacity 7320K, committed 7680K, reserved 1056768K
  class space    used 627K, capacity 656K, committed 768K, reserved 1048576K
}
Event: 33.354 GC heap before
{Heap before GC invocations=15 (full 5):
 PSYoungGen      total 219648K, used 162816K [0x00000000eab00000, 0x0000000100000000, 0x0000000100000000)
  eden space 162816K, 100% used [0x00000000eab00000,0x00000000f4a00000,0x00000000f4a00000)
  from space 56832K, 0% used [0x00000000fc880000,0x00000000fc880000,0x0000000100000000)
  to   space 93184K, 0% used [0x00000000f4a00000,0x00000000f4a00000,0x00000000fa500000)
 ParOldGen       total 170496K, used 170476K [0x00000000c0000000, 0x00000000ca680000, 0x00000000eab00000)
  object space 170496K, 99% used [0x00000000c0000000,0x00000000ca67b168,0x00000000ca680000)
 Metaspace       used 6667K, capacity 7320K, committed 7680K, reserved 1056768K
  class space    used 628K, capacity 656K, committed 768K, reserved 1048576K
Event: 34.966 GC heap after
Heap after GC invocations=15 (full 5):
 PSYoungGen      total 219648K, used 80760K [0x00000000eab00000, 0x0000000100000000, 0x0000000100000000)
  eden space 162816K, 49% used [0x00000000eab00000,0x00000000ef9de1d8,0x00000000f4a00000)
  from space 56832K, 0% used [0x00000000fc880000,0x00000000fc880000,0x0000000100000000)
  to   space 93184K, 0% used [0x00000000f4a00000,0x00000000f4a00000,0x00000000fa500000)
 ParOldGen       total 170496K, used 170475K [0x00000000c0000000, 0x00000000ca680000, 0x00000000eab00000)
  object space 170496K, 99% used [0x00000000c0000000,0x00000000ca67aec8,0x00000000ca680000)
 Metaspace       used 6667K, capacity 7320K, committed 7680K, reserved 1056768K
  class space    used 628K, capacity 656K, committed 768K, reserved 1048576K
}
Event: 35.612 GC heap before
{Heap before GC invocations=16 (full 6):
 PSYoungGen      total 219648K, used 162816K [0x00000000eab00000, 0x0000000100000000, 0x0000000100000000)
  eden space 162816K, 100% used [0x00000000eab00000,0x00000000f4a00000,0x00000000f4a00000)
  from space 56832K, 0% used [0x00000000fc880000,0x00000000fc880000,0x0000000100000000)
  to   space 93184K, 0% used [0x00000000f4a00000,0x00000000f4a00000,0x00000000fa500000)
 ParOldGen       total 170496K, used 170475K [0x00000000c0000000, 0x00000000ca680000, 0x00000000eab00000)
  object space 170496K, 99% used [0x00000000c0000000,0x00000000ca67aec8,0x00000000ca680000)
 Metaspace       used 6667K, capacity 7320K, committed 7680K, reserved 1056768K
  class space    used 628K, capacity 656K, committed 768K, reserved 1048576K
Event: 37.528 GC heap after
Heap after GC invocations=16 (full 6):
 PSYoungGen      total 219648K, used 89192K [0x00000000eab00000, 0x0000000100000000, 0x0000000100000000)
  eden space 162816K, 54% used [0x00000000eab00000,0x00000000f021a168,0x00000000f4a00000)
  from space 56832K, 0% used [0x00000000fc880000,0x00000000fc880000,0x0000000100000000)
  to   space 93184K, 0% used [0x00000000f4a00000,0x00000000f4a00000,0x00000000fa500000)
 ParOldGen       total 170496K, used 170474K [0x00000000c0000000, 0x00000000ca680000, 0x00000000eab00000)
  object space 170496K, 99% used [0x00000000c0000000,0x00000000ca67a848,0x00000000ca680000)
 Metaspace       used 6667K, capacity 7320K, committed 7680K, reserved 1056768K
  class space    used 628K, capacity 656K, committed 768K, reserved 1048576K
}
Event: 37.990 GC heap before
{Heap before GC invocations=17 (full 7):
 PSYoungGen      total 219648K, used 162816K [0x00000000eab00000, 0x0000000100000000, 0x0000000100000000)
  eden space 162816K, 100% used [0x00000000eab00000,0x00000000f4a00000,0x00000000f4a00000)
  from space 56832K, 0% used [0x00000000fc880000,0x00000000fc880000,0x0000000100000000)
  to   space 93184K, 0% used [0x00000000f4a00000,0x00000000f4a00000,0x00000000fa500000)
 ParOldGen       total 170496K, used 170474K [0x00000000c0000000, 0x00000000ca680000, 0x00000000eab00000)
  object space 170496K, 99% used [0x00000000c0000000,0x00000000ca67a848,0x00000000ca680000)
 Metaspace       used 6667K, capacity 7320K, committed 7680K, reserved 1056768K
  class space    used 628K, capacity 656K, committed 768K, reserved 1048576K
Event: 39.567 GC heap after
Heap after GC invocations=17 (full 7):
 PSYoungGen      total 219648K, used 100186K [0x00000000eab00000, 0x0000000100000000, 0x0000000100000000)
  eden space 162816K, 61% used [0x00000000eab00000,0x00000000f0cd6b88,0x00000000f4a00000)
  from space 56832K, 0% used [0x00000000fc880000,0x00000000fc880000,0x0000000100000000)
  to   space 93184K, 0% used [0x00000000f4a00000,0x00000000f4a00000,0x00000000fa500000)
 ParOldGen       total 170496K, used 170462K [0x00000000c0000000, 0x00000000ca680000, 0x00000000eab00000)
  object space 170496K, 99% used [0x00000000c0000000,0x00000000ca677b38,0x00000000ca680000)
 Metaspace       used 6667K, capacity 7320K, committed 7680K, reserved 1056768K
  class space    used 628K, capacity 656K, committed 768K, reserved 1048576K
}

Deoptimization events (10 events):
Event: 22.734 Thread 0x0000000016c89800 Uncommon trap: reason=bimorphic action=maybe_recompile pc=0x0000000002cd7d90 method=com.android.dx.ssa.LiteralOpUpgrader.tryReplacingWithConstant(Lcom/android/dx/ssa/NormalSsaInsn;)Z @ 62
Event: 22.921 Thread 0x0000000016715000 Uncommon trap: reason=bimorphic action=maybe_recompile pc=0x0000000002cd7d90 method=com.android.dx.ssa.LiteralOpUpgrader.tryReplacingWithConstant(Lcom/android/dx/ssa/NormalSsaInsn;)Z @ 62
Event: 26.336 Thread 0x0000000016c8a000 Uncommon trap: reason=unstable_if action=reinterpret pc=0x0000000002df020c method=com.android.dx.ssa.SCCP.simulateBranch(Lcom/android/dx/ssa/SsaInsn;)V @ 140
Event: 26.658 Thread 0x0000000016c89800 Uncommon trap: reason=null_check action=make_not_entrant pc=0x0000000002eefb38 method=com.android.dx.cf.code.Ropper$CatchInfo.getSetup(Lcom/android/dx/rop/type/Type;)Lcom/android/dx/cf/code/Ropper$ExceptionHandlerSetup; @ 10
Event: 26.991 Thread 0x00000000023ee000 Uncommon trap: reason=unstable_if action=reinterpret pc=0x0000000002e1dbe0 method=com.android.dx.ssa.SsaBasicBlock.scheduleMovesFromPhis()V @ 63
Event: 27.006 Thread 0x0000000016c88800 Uncommon trap: reason=unstable_if action=reinterpret pc=0x0000000002e17b34 method=com.android.dx.ssa.SsaBasicBlock.scheduleMovesFromPhis()V @ 63
Event: 30.300 Thread 0x0000000016c8a000 Uncommon trap: reason=unstable_if action=reinterpret pc=0x0000000002f71a48 method=com.android.dx.cf.code.Merger.mergeType(Lcom/android/dx/rop/type/TypeBearer;Lcom/android/dx/rop/type/TypeBearer;)Lcom/android/dx/rop/type/TypeBearer; @ 77
Event: 30.482 Thread 0x0000000016715000 Uncommon trap: reason=unstable_if action=reinterpret pc=0x0000000002d9dd20 method=com.android.dx.ssa.DeadCodeRemover.pruneDeadInstructions()V @ 49
Event: 30.482 Thread 0x0000000016715000 Uncommon trap: reason=unstable_if action=reinterpret pc=0x000000000252e420 method=com.android.dx.ssa.SsaMethod.deleteInsns(Ljava/util/Set;)V @ 130
Event: 30.482 Thread 0x0000000016715000 Uncommon trap: reason=unstable_if action=reinterpret pc=0x0000000002b076b0 method=com.android.dx.ssa.DeadCodeRemover.pruneDeadInstructions()V @ 49

Internal exceptions (8 events):
Event: 0.061 Thread 0x00000000023ee000 Exception <a 'java/lang/NoSuchMethodError': Method sun.misc.Unsafe.defineClass(Ljava/lang/String;[BII)Ljava/lang/Class; name or signature does not match> (0x00000000eab07cc0) thrown at [C:\re\workspace\8-2-build-windows-amd64-cygwin\jdk8u101\7261\hotspot\sã Z¯?
Event: 0.061 Thread 0x00000000023ee000 Exception <a 'java/lang/NoSuchMethodError': Method sun.misc.Unsafe.prefetchRead(Ljava/lang/Object;J)V name or signature does not match> (0x00000000eab07fa8) thrown at [C:\re\workspace\8-2-build-windows-amd64-cygwin\jdk8u101\7261\hotspot\src\share\vm\prims\cŠ•ÆÛ2þ?
Event: 1.887 Thread 0x0000000016c8a000 Implicit null exception at 0x00000000026faee2 to 0x00000000026fafe1
Event: 3.370 Thread 0x0000000016c88800 Implicit null exception at 0x0000000002955678 to 0x00000000029558c5
Event: 3.699 Thread 0x0000000016c8a000 Exception <a 'java/lang/ArrayIndexOutOfBoundsException': 18> (0x00000000ed079770) thrown at [C:\re\workspace\8-2-build-windows-amd64-cygwin\jdk8u101\7261\hotspot\src\share\vm\interpreter\interpreterRuntime.cpp, line 366]
Event: 3.701 Thread 0x0000000016c8a000 Exception <a 'java/lang/ArrayIndexOutOfBoundsException'> (0x00000000ed07b2f0) thrown at [C:\re\workspace\8-2-build-windows-amd64-cygwin\jdk8u101\7261\hotspot\src\share\vm\runtime\sharedRuntime.cpp, line 605]
Event: 3.702 Thread 0x0000000016c8a000 Exception <a 'java/lang/ArrayIndexOutOfBoundsException'> (0x00000000ed07c5d8) thrown at [C:\re\workspace\8-2-build-windows-amd64-cygwin\jdk8u101\7261\hotspot\src\share\vm\runtime\sharedRuntime.cpp, line 605]
Event: 26.658 Thread 0x0000000016c89800 Implicit null exception at 0x0000000002ee7968 to 0x0000000002eefaf9

Events (10 events):
Event: 35.313 Thread 0x0000000016c88800 DEOPT PACKING pc=0x0000000002826935 sp=0x00000000174eebc0
Event: 35.313 Thread 0x0000000016c88800 DEOPT UNPACKING pc=0x000000000243787f sp=0x00000000174ee9a0 mode 0
Event: 35.326 Thread 0x00000000023ee000 DEOPT PACKING pc=0x0000000002826935 sp=0x00000000021ce120
Event: 35.326 Thread 0x00000000023ee000 DEOPT UNPACKING pc=0x000000000243787f sp=0x00000000021cdf00 mode 0
Event: 35.457 Thread 0x00000000023ee000 DEOPT PACKING pc=0x000000000250ea06 sp=0x00000000021cede0
Event: 35.457 Thread 0x00000000023ee000 DEOPT UNPACKING pc=0x000000000243787f sp=0x00000000021ceaa8 mode 0
Event: 35.611 Executing VM operation: ParallelGCFailedAllocation
Event: 37.528 Executing VM operation: ParallelGCFailedAllocation done
Event: 37.989 Executing VM operation: ParallelGCFailedAllocation
Event: 39.567 Executing VM operation: ParallelGCFailedAllocation done


Dynamic libraries:
0x00007ff690f40000 - 0x00007ff690f77000 	C:\Program Files\Java\jdk1.8.0_101\bin\java.exe
0x00007ffe20690000 - 0x00007ffe20852000 	C:\Windows\SYSTEM32\ntdll.dll
0x00007ffe1ed90000 - 0x00007ffe1ee3d000 	C:\Windows\system32\KERNEL32.DLL
0x00007ffe1d200000 - 0x00007ffe1d3dd000 	C:\Windows\system32\KERNELBASE.dll
0x00007ffe1e300000 - 0x00007ffe1e3a6000 	C:\Windows\system32\ADVAPI32.dll
0x00007ffe1e9b0000 - 0x00007ffe1ea4d000 	C:\Windows\system32\msvcrt.dll
0x00007ffe1ec80000 - 0x00007ffe1ecdb000 	C:\Windows\system32\sechost.dll
0x00007ffe1ddc0000 - 0x00007ffe1dee6000 	C:\Windows\system32\RPCRT4.dll
0x00007ffe1f010000 - 0x00007ffe1f15e000 	C:\Windows\system32\USER32.dll
0x00007ffe1e5d0000 - 0x00007ffe1e755000 	C:\Windows\system32\GDI32.dll
0x00007ffe18150000 - 0x00007ffe183c4000 	C:\Windows\WinSxS\amd64_microsoft.windows.common-controls_6595b64144ccf1df_6.0.10240.17184_none_f41d7a705752bce6\COMCTL32.dll
0x00007ffe1e180000 - 0x00007ffe1e1b6000 	C:\Windows\system32\IMM32.DLL
0x00007ffe1ea50000 - 0x00007ffe1ebac000 	C:\Windows\system32\MSCTF.dll
0x00000000643c0000 - 0x0000000064492000 	C:\Program Files\Java\jdk1.8.0_101\jre\bin\msvcr100.dll
0x0000000063b20000 - 0x00000000643ba000 	C:\Program Files\Java\jdk1.8.0_101\jre\bin\server\jvm.dll
0x00007ffe1ddb0000 - 0x00007ffe1ddb8000 	C:\Windows\system32\PSAPI.DLL
0x00007ffe0bd20000 - 0x00007ffe0bd29000 	C:\Windows\SYSTEM32\WSOCK32.dll
0x00007ffe1e560000 - 0x00007ffe1e5c9000 	C:\Windows\system32\WS2_32.dll
0x00007ffe1e760000 - 0x00007ffe1e768000 	C:\Windows\system32\NSI.dll
0x00007ffe1b200000 - 0x00007ffe1b223000 	C:\Windows\SYSTEM32\WINMM.dll
0x00007ffe18510000 - 0x00007ffe1851a000 	C:\Windows\SYSTEM32\VERSION.dll
0x00007ffe1b1d0000 - 0x00007ffe1b1fc000 	C:\Windows\SYSTEM32\WINMMBASE.dll
0x00007ffe1d150000 - 0x00007ffe1d194000 	C:\Windows\system32\cfgmgr32.dll
0x00007ffe1ba30000 - 0x00007ffe1ba57000 	C:\Windows\SYSTEM32\DEVOBJ.dll
0x0000000063b10000 - 0x0000000063b1f000 	C:\Program Files\Java\jdk1.8.0_101\jre\bin\verify.dll
0x0000000063ae0000 - 0x0000000063b09000 	C:\Program Files\Java\jdk1.8.0_101\jre\bin\java.dll
0x0000000063ac0000 - 0x0000000063ad6000 	C:\Program Files\Java\jdk1.8.0_101\jre\bin\zip.dll
0x00007ffe1f160000 - 0x00007ffe20683000 	C:\Windows\system32\SHELL32.dll
0x00007ffe1d720000 - 0x00007ffe1dd49000 	C:\Windows\system32\windows.storage.dll
0x00007ffe1df00000 - 0x00007ffe1e17c000 	C:\Windows\system32\combase.dll
0x00007ffe1e500000 - 0x00007ffe1e551000 	C:\Windows\system32\shlwapi.dll
0x00007ffe1d120000 - 0x00007ffe1d12f000 	C:\Windows\system32\kernel.appcore.dll
0x00007ffe1d3e0000 - 0x00007ffe1d493000 	C:\Windows\system32\shcore.dll
0x00007ffe1d0d0000 - 0x00007ffe1d11a000 	C:\Windows\system32\powrprof.dll
0x00007ffe1d130000 - 0x00007ffe1d143000 	C:\Windows\system32\profapi.dll

VM Arguments:
jvm_args: -Djava.awt.headless=true -Xmx1024M -Dfile.encoding=windows-1252 -Duser.country=US -Duser.language=en -Duser.variant 
java_command: com.android.dx.command.Main --dex --num-threads=4 --multi-dex --main-dex-list E:\desktop\AndoidStudio\Negosio\app\build\intermediates\multi-dex\debug\maindexlist.txt --output E:\desktop\AndoidStudio\Negosio\app\build\intermediates\transforms\dex\debug\folders\1000\1f\main E:\desktop\AndoidStudio\Negosio\app\build\intermediates\transforms\jarMerging\debug\jars\1\1f\combined.jar
java_class_path (initial): E:\MasterApp\Android\sdk\build-tools\24.0.3\lib\dx.jar
Launcher Type: SUN_STANDARD

Environment Variables:
JAVA_HOME=C:\Program Files\Java\jdk1.8.0_101
PATH=D:\app\widdyjp\product\12.1.0\dbhome_1\bin;C:\Program Files (x86)\Common Files\Intel\Shared Files\cpp\bin\Intel64;C:\Windows\system32;C:\Windows;C:\Windows\System32\Wbem;C:\Windows\System32\WindowsPowerShell\v1.0\;C:\Program Files\Java\jdk1.8.0_101\bin;C:\Program Files\Git\cmd;C:\Program Files (x86)\NVIDIA Corporation\PhysX\Common;C:\Windows\system32\config\systemprofile\.dnx\bin;C:\Program Files\Microsoft DNX\Dnvm\;C:\Program Files (x86)\Windows Kits\8.1\Windows Performance Toolkit\;C:\Program Files\Microsoft SQL Server\120\Tools\Binn\;C:\Program Files\Microsoft SQL Server\130\Tools\Binn\;E:\MasterApp\Android\sdk\platform-tools\
USERNAME=LittleFireflies
OS=Windows_NT
PROCESSOR_IDENTIFIER=Intel64 Family 6 Model 58 Stepping 9, GenuineIntel



---------------  S Y S T E M  ---------------

OS: Windows 10.0 , 64 bit Build 10240 (10.0.10240.17113)

CPU:total 4 (2 cores per cpu, 2 threads per core) family 6 model 58 stepping 9, cmov, cx8, fxsr, mmx, sse, sse2, sse3, ssse3, sse4.1, sse4.2, popcnt, avx, clmul, erms, ht, tsc, tscinvbit, tscinv

Memory: 4k page, physical 8271628k(1288296k free), swap 11310476k(5304k free)

vm_info: Java HotSpot(TM) 64-Bit Server VM (25.101-b13) for windows-amd64 JRE (1.8.0_101-b13), built on Jun 22 2016 01:21:29 by "java_re" with MS VC++ 10.0 (VS2010)

time: Sun Feb 12 07:24:40 2017
elapsed time: 40 seconds (0d 0h 0m 40s)

