#
# There is insufficient memory for the Java Runtime Environment to continue.
# Native memory allocation (malloc) failed to allocate 381776 bytes for Chunk::new
# Possible reasons:
#   The system is out of physical RAM or swap space
#   In 32 bit mode, the process size limit was hit
# Possible solutions:
#   Reduce memory load on the system
#   Increase physical memory or swap space
#   Check if swap backing store is full
#   Use 64 bit Java on a 64 bit OS
#   Decrease Java heap size (-Xmx/-Xms)
#   Decrease number of Java threads
#   Decrease Java thread stack sizes (-Xss)
#   Set larger code cache with -XX:ReservedCodeCacheSize=
# This output file may be truncated or incomplete.
#
#  Out of Memory Error (allocation.cpp:390), pid=9736, tid=0x00000000000025d8
#
# JRE version: Java(TM) SE Runtime Environment (8.0_101-b13) (build 1.8.0_101-b13)
# Java VM: Java HotSpot(TM) 64-Bit Server VM (25.101-b13 mixed mode windows-amd64 compressed oops)
# Failed to write core dump. Minidumps are not enabled by default on client versions of Windows
#

---------------  T H R E A D  ---------------

Current thread (0x00000000157de800):  JavaThread "C2 CompilerThread0" daemon [_thread_in_native, id=9688, stack(0x0000000016e10000,0x0000000016f10000)]

Stack: [0x0000000016e10000,0x0000000016f10000]
[error occurred during error reporting (printing stack bounds), id 0xc0000005]

Native frames: (J=compiled Java code, j=interpreted, Vv=VM code, C=native code)


Current CompileTask:
C2:  35593 2858       4       com.android.dx.ssa.back.RegisterAllocator::insertMoveBefore (240 bytes)


---------------  P R O C E S S  ---------------

Java Threads: ( => current thread )
  0x0000000017405000 JavaThread "pool-2-thread-4" [_thread_blocked, id=9592, stack(0x00000000192e0000,0x00000000193e0000)]
  0x0000000017404000 JavaThread "pool-2-thread-3" [_thread_in_Java, id=5916, stack(0x00000000191e0000,0x00000000192e0000)]
  0x0000000017403800 JavaThread "pool-2-thread-2" [_thread_in_vm, id=10124, stack(0x00000000190e0000,0x00000000191e0000)]
  0x0000000017db2000 JavaThread "pool-3-thread-1" [_thread_blocked, id=2616, stack(0x0000000018fe0000,0x00000000190e0000)]
  0x0000000017ca9800 JavaThread "pool-2-thread-1" [_thread_in_Java, id=1052, stack(0x0000000018ee0000,0x0000000018fe0000)]
  0x000000001714c000 JavaThread "Service Thread" daemon [_thread_blocked, id=8060, stack(0x0000000017510000,0x0000000017610000)]
  0x00000000157ea800 JavaThread "C1 CompilerThread2" daemon [_thread_blocked, id=7408, stack(0x0000000017010000,0x0000000017110000)]
  0x00000000157e7000 JavaThread "C2 CompilerThread1" daemon [_thread_in_native, id=3524, stack(0x0000000016f10000,0x0000000017010000)]
=>0x00000000157de800 JavaThread "C2 CompilerThread0" daemon [_thread_in_native, id=9688, stack(0x0000000016e10000,0x0000000016f10000)]
  0x00000000157dc800 JavaThread "Attach Listener" daemon [_thread_blocked, id=5968, stack(0x0000000016d10000,0x0000000016e10000)]
  0x00000000157db800 JavaThread "Signal Dispatcher" daemon [_thread_blocked, id=6068, stack(0x0000000016c10000,0x0000000016d10000)]
  0x00000000157ca000 JavaThread "Finalizer" daemon [_thread_blocked, id=6724, stack(0x0000000016a30000,0x0000000016b30000)]
  0x00000000030ff000 JavaThread "Reference Handler" daemon [_thread_blocked, id=1616, stack(0x0000000016930000,0x0000000016a30000)]
  0x000000000300e000 JavaThread "main" [_thread_in_vm, id=1756, stack(0x0000000002ef0000,0x0000000002ff0000)]

Other Threads:
  0x00000000157a8000 VMThread [stack: 0x0000000016830000,0x0000000016930000] [id=5252]
  0x0000000017151800 WatcherThread [stack: 0x0000000017610000,0x0000000017710000] [id=4852]

VM state:not at safepoint (normal execution)

VM Mutex/Monitor currently owned by a thread: None

Heap:
 PSYoungGen      total 232960K, used 139060K [0x00000000eab00000, 0x0000000100000000, 0x0000000100000000)
  eden space 116736K, 92% used [0x00000000eab00000,0x00000000f1488de8,0x00000000f1d00000)
  from space 116224K, 26% used [0x00000000f1d00000,0x00000000f3b44560,0x00000000f8e80000)
  to   space 116224K, 0% used [0x00000000f8e80000,0x00000000f8e80000,0x0000000100000000)
 ParOldGen       total 484864K, used 306827K [0x00000000c0000000, 0x00000000dd980000, 0x00000000eab00000)
  object space 484864K, 63% used [0x00000000c0000000,0x00000000d2ba2d88,0x00000000dd980000)
 Metaspace       used 6691K, capacity 7320K, committed 7680K, reserved 1056768K
  class space    used 628K, capacity 656K, committed 768K, reserved 1048576K

Card table byte_map: [0x00000000124d0000,0x00000000126e0000] byte_map_base: 0x0000000011ed0000

Marking Bits: (ParMarkBitMap*) 0x000000005a94a6d0
 Begin Bits: [0x0000000012c40000, 0x0000000013c40000)
 End Bits:   [0x0000000013c40000, 0x0000000014c40000)

Polling page: 0x0000000001700000

CodeCache: size=245760Kb used=11087Kb max_used=11732Kb free=234672Kb
 bounds [0x0000000003110000, 0x0000000003d30000, 0x0000000012110000]
 total_blobs=2607 nmethods=2336 adapters=183
 compilation: enabled

Compilation events (10 events):
Event: 35.510 Thread 0x00000000157ea800 2861       3       com.android.dx.ssa.LiteralOpUpgrader$1::visitNonMoveInsn (203 bytes)
Event: 35.514 Thread 0x00000000157e7000 nmethod 2859 0x0000000003613790 code [0x0000000003613920, 0x00000000036143b8]
Event: 35.514 Thread 0x00000000157ea800 nmethod 2861 0x00000000039f2490 code [0x00000000039f2960, 0x00000000039f6528]
Event: 35.514 Thread 0x00000000157e7000 2862       4       com.android.dx.ssa.LiteralOpUpgrader::access$000 (6 bytes)
Event: 35.515 Thread 0x00000000157e7000 nmethod 2862 0x0000000003630150 code [0x00000000036302a0, 0x0000000003630328]
Event: 35.515 Thread 0x00000000157e7000 2863       4       java.util.HashMap$TreeNode::find (172 bytes)
Event: 35.534 Thread 0x00000000157ea800 2864       3       java.util.zip.ZipEntry::isDirectory (10 bytes)
Event: 35.534 Thread 0x00000000157ea800 nmethod 2864 0x0000000003519f90 code [0x000000000351a100, 0x000000000351a428]
Event: 35.538 Thread 0x00000000157ea800 2865       3       com.android.dx.command.dexer.Main$MainDexListFilter::accept (26 bytes)
Event: 35.539 Thread 0x00000000157ea800 nmethod 2865 0x00000000036b7850 code [0x00000000036b7a00, 0x00000000036b7f28]

GC Heap History (10 events):
Event: 28.777 GC heap before
{Heap before GC invocations=16 (full 2):
 PSYoungGen      total 235520K, used 235209K [0x00000000eab00000, 0x0000000100000000, 0x0000000100000000)
  eden space 150528K, 100% used [0x00000000eab00000,0x00000000f3e00000,0x00000000f3e00000)
  from space 84992K, 99% used [0x00000000f3e00000,0x00000000f90b26c0,0x00000000f9100000)
  to   space 110080K, 0% used [0x00000000f9480000,0x00000000f9480000,0x0000000100000000)
 ParOldGen       total 307200K, used 177996K [0x00000000c0000000, 0x00000000d2c00000, 0x00000000eab00000)
  object space 307200K, 57% used [0x00000000c0000000,0x00000000cadd3038,0x00000000d2c00000)
 Metaspace       used 6686K, capacity 7320K, committed 7680K, reserved 1056768K
  class space    used 628K, capacity 656K, committed 768K, reserved 1048576K
Event: 28.999 GC heap after
Heap after GC invocations=16 (full 2):
 PSYoungGen      total 226816K, used 108704K [0x00000000eab00000, 0x0000000100000000, 0x0000000100000000)
  eden space 116736K, 0% used [0x00000000eab00000,0x00000000eab00000,0x00000000f1d00000)
  from space 110080K, 98% used [0x00000000f9480000,0x00000000ffea82f8,0x0000000100000000)
  to   space 116224K, 0% used [0x00000000f1d00000,0x00000000f1d00000,0x00000000f8e80000)
 ParOldGen       total 307200K, used 177996K [0x00000000c0000000, 0x00000000d2c00000, 0x00000000eab00000)
  object space 307200K, 57% used [0x00000000c0000000,0x00000000cadd3038,0x00000000d2c00000)
 Metaspace       used 6686K, capacity 7320K, committed 7680K, reserved 1056768K
  class space    used 628K, capacity 656K, committed 768K, reserved 1048576K
}
Event: 29.926 GC heap before
{Heap before GC invocations=17 (full 2):
 PSYoungGen      total 226816K, used 225440K [0x00000000eab00000, 0x0000000100000000, 0x0000000100000000)
  eden space 116736K, 100% used [0x00000000eab00000,0x00000000f1d00000,0x00000000f1d00000)
  from space 110080K, 98% used [0x00000000f9480000,0x00000000ffea82f8,0x0000000100000000)
  to   space 116224K, 0% used [0x00000000f1d00000,0x00000000f1d00000,0x00000000f8e80000)
 ParOldGen       total 307200K, used 177996K [0x00000000c0000000, 0x00000000d2c00000, 0x00000000eab00000)
  object space 307200K, 57% used [0x00000000c0000000,0x00000000cadd3038,0x00000000d2c00000)
 Metaspace       used 6686K, capacity 7320K, committed 7680K, reserved 1056768K
  class space    used 628K, capacity 656K, committed 768K, reserved 1048576K
Event: 30.214 GC heap after
Heap after GC invocations=17 (full 2):
 PSYoungGen      total 232960K, used 109877K [0x00000000eab00000, 0x0000000100000000, 0x0000000100000000)
  eden space 116736K, 0% used [0x00000000eab00000,0x00000000eab00000,0x00000000f1d00000)
  from space 116224K, 94% used [0x00000000f1d00000,0x00000000f884d668,0x00000000f8e80000)
  to   space 116224K, 0% used [0x00000000f8e80000,0x00000000f8e80000,0x0000000100000000)
 ParOldGen       total 307200K, used 195449K [0x00000000c0000000, 0x00000000d2c00000, 0x00000000eab00000)
  object space 307200K, 63% used [0x00000000c0000000,0x00000000cbede580,0x00000000d2c00000)
 Metaspace       used 6686K, capacity 7320K, committed 7680K, reserved 1056768K
  class space    used 628K, capacity 656K, committed 768K, reserved 1048576K
}
Event: 30.926 GC heap before
{Heap before GC invocations=18 (full 2):
 PSYoungGen      total 232960K, used 226613K [0x00000000eab00000, 0x0000000100000000, 0x0000000100000000)
  eden space 116736K, 100% used [0x00000000eab00000,0x00000000f1d00000,0x00000000f1d00000)
  from space 116224K, 94% used [0x00000000f1d00000,0x00000000f884d668,0x00000000f8e80000)
  to   space 116224K, 0% used [0x00000000f8e80000,0x00000000f8e80000,0x0000000100000000)
 ParOldGen       total 307200K, used 195449K [0x00000000c0000000, 0x00000000d2c00000, 0x00000000eab00000)
  object space 307200K, 63% used [0x00000000c0000000,0x00000000cbede580,0x00000000d2c00000)
 Metaspace       used 6687K, capacity 7320K, committed 7680K, reserved 1056768K
  class space    used 628K, capacity 656K, committed 768K, reserved 1048576K
Event: 31.203 GC heap after
Heap after GC invocations=18 (full 2):
 PSYoungGen      total 232960K, used 84532K [0x00000000eab00000, 0x0000000100000000, 0x0000000100000000)
  eden space 116736K, 0% used [0x00000000eab00000,0x00000000eab00000,0x00000000f1d00000)
  from space 116224K, 72% used [0x00000000f8e80000,0x00000000fe10d0b0,0x0000000100000000)
  to   space 116224K, 0% used [0x00000000f1d00000,0x00000000f1d00000,0x00000000f8e80000)
 ParOldGen       total 307200K, used 239474K [0x00000000c0000000, 0x00000000d2c00000, 0x00000000eab00000)
  object space 307200K, 77% used [0x00000000c0000000,0x00000000ce9dcaa8,0x00000000d2c00000)
 Metaspace       used 6687K, capacity 7320K, committed 7680K, reserved 1056768K
  class space    used 628K, capacity 656K, committed 768K, reserved 1048576K
}
Event: 31.853 GC heap before
{Heap before GC invocations=19 (full 2):
 PSYoungGen      total 232960K, used 201268K [0x00000000eab00000, 0x0000000100000000, 0x0000000100000000)
  eden space 116736K, 100% used [0x00000000eab00000,0x00000000f1d00000,0x00000000f1d00000)
  from space 116224K, 72% used [0x00000000f8e80000,0x00000000fe10d0b0,0x0000000100000000)
  to   space 116224K, 0% used [0x00000000f1d00000,0x00000000f1d00000,0x00000000f8e80000)
 ParOldGen       total 307200K, used 239474K [0x00000000c0000000, 0x00000000d2c00000, 0x00000000eab00000)
  object space 307200K, 77% used [0x00000000c0000000,0x00000000ce9dcaa8,0x00000000d2c00000)
 Metaspace       used 6690K, capacity 7320K, committed 7680K, reserved 1056768K
  class space    used 628K, capacity 656K, committed 768K, reserved 1048576K
Event: 32.117 GC heap after
Heap after GC invocations=19 (full 2):
 PSYoungGen      total 232960K, used 56282K [0x00000000eab00000, 0x0000000100000000, 0x0000000100000000)
  eden space 116736K, 0% used [0x00000000eab00000,0x00000000eab00000,0x00000000f1d00000)
  from space 116224K, 48% used [0x00000000f1d00000,0x00000000f53f6be8,0x00000000f8e80000)
  to   space 116224K, 0% used [0x00000000f8e80000,0x00000000f8e80000,0x0000000100000000)
 ParOldGen       total 307200K, used 286355K [0x00000000c0000000, 0x00000000d2c00000, 0x00000000eab00000)
  object space 307200K, 93% used [0x00000000c0000000,0x00000000d17a4e18,0x00000000d2c00000)
 Metaspace       used 6690K, capacity 7320K, committed 7680K, reserved 1056768K
  class space    used 628K, capacity 656K, committed 768K, reserved 1048576K
}
Event: 32.117 GC heap before
{Heap before GC invocations=20 (full 3):
 PSYoungGen      total 232960K, used 56282K [0x00000000eab00000, 0x0000000100000000, 0x0000000100000000)
  eden space 116736K, 0% used [0x00000000eab00000,0x00000000eab00000,0x00000000f1d00000)
  from space 116224K, 48% used [0x00000000f1d00000,0x00000000f53f6be8,0x00000000f8e80000)
  to   space 116224K, 0% used [0x00000000f8e80000,0x00000000f8e80000,0x0000000100000000)
 ParOldGen       total 307200K, used 286355K [0x00000000c0000000, 0x00000000d2c00000, 0x00000000eab00000)
  object space 307200K, 93% used [0x00000000c0000000,0x00000000d17a4e18,0x00000000d2c00000)
 Metaspace       used 6690K, capacity 7320K, committed 7680K, reserved 1056768K
  class space    used 628K, capacity 656K, committed 768K, reserved 1048576K
Event: 35.167 GC heap after
Heap after GC invocations=20 (full 3):
 PSYoungGen      total 232960K, used 30993K [0x00000000eab00000, 0x0000000100000000, 0x0000000100000000)
  eden space 116736K, 0% used [0x00000000eab00000,0x00000000eab00000,0x00000000f1d00000)
  from space 116224K, 26% used [0x00000000f1d00000,0x00000000f3b44560,0x00000000f8e80000)
  to   space 116224K, 0% used [0x00000000f8e80000,0x00000000f8e80000,0x0000000100000000)
 ParOldGen       total 484864K, used 306827K [0x00000000c0000000, 0x00000000dd980000, 0x00000000eab00000)
  object space 484864K, 63% used [0x00000000c0000000,0x00000000d2ba2d88,0x00000000dd980000)
 Metaspace       used 6690K, capacity 7320K, committed 7680K, reserved 1056768K
  class space    used 628K, capacity 656K, committed 768K, reserved 1048576K
}

Deoptimization events (10 events):
Event: 29.354 Thread 0x0000000017404000 Uncommon trap: reason=bimorphic action=maybe_recompile pc=0x0000000003cc7a78 method=com.android.dx.cf.code.BytecodeArray.parseInstruction(ILcom/android/dx/cf/code/BytecodeArray$Visitor;)I @ 1357
Event: 29.354 Thread 0x0000000017404000 Uncommon trap: reason=bimorphic action=maybe_recompile pc=0x0000000003cc7a78 method=com.android.dx.cf.code.BytecodeArray.parseInstruction(ILcom/android/dx/cf/code/BytecodeArray$Visitor;)I @ 1357
Event: 31.453 Thread 0x0000000017404000 Uncommon trap: reason=bimorphic action=maybe_recompile pc=0x0000000003cf7930 method=com.android.dx.cf.code.BytecodeArray.parseInstruction(ILcom/android/dx/cf/code/BytecodeArray$Visitor;)I @ 1161
Event: 31.453 Thread 0x0000000017404000 Uncommon trap: reason=bimorphic action=maybe_recompile pc=0x0000000003cf7930 method=com.android.dx.cf.code.BytecodeArray.parseInstruction(ILcom/android/dx/cf/code/BytecodeArray$Visitor;)I @ 1161
Event: 31.474 Thread 0x0000000017405000 Uncommon trap: reason=unstable_if action=reinterpret pc=0x000000000329d178 method=com.android.dx.ssa.SCCP.simulateStmt(Lcom/android/dx/ssa/SsaInsn;)V @ 435
Event: 31.606 Thread 0x000000000300e000 Uncommon trap: reason=null_check action=make_not_entrant pc=0x0000000003a503c0 method=com.android.dx.cf.code.ConcreteMethod.<init>(Lcom/android/dx/cf/iface/Method;ILcom/android/dx/rop/cst/CstString;ZZ)V @ 82
Event: 35.256 Thread 0x0000000017ca9800 Uncommon trap: reason=class_check action=maybe_recompile pc=0x0000000003aaab94 method=com.android.dx.ssa.SCCP.replaceConstants()V @ 182
Event: 35.292 Thread 0x000000000300e000 Uncommon trap: reason=unstable_if action=reinterpret pc=0x00000000036f3634 method=java.util.HashMap$TreeNode.find(ILjava/lang/Object;Ljava/lang/Class;)Ljava/util/HashMap$TreeNode; @ 58
Event: 35.464 Thread 0x0000000017405000 Uncommon trap: reason=class_check action=maybe_recompile pc=0x0000000003ab3d60 method=com.android.dx.ssa.DeadCodeRemover.pruneDeadInstructions()V @ 198
Event: 35.509 Thread 0x0000000017404000 Uncommon trap: reason=unstable_if action=reinterpret pc=0x00000000033f1400 method=com.android.dx.ssa.LiteralOpUpgrader$1.visitNonMoveInsn(Lcom/android/dx/ssa/NormalSsaInsn;)V @ 24

Internal exceptions (10 events):
Event: 0.054 Thread 0x000000000300e000 Exception <a 'java/lang/NoSuchMethodError': Method sun.misc.Unsafe.defineClass(Ljava/lang/String;[BII)Ljava/lang/Class; name or signature does not match> (0x00000000eab07cc0) thrown at [C:\re\workspace\8-2-build-windows-amd64-cygwin\jdk8u101\7261\hotspot\sû©Îç´?
Event: 0.054 Thread 0x000000000300e000 Exception <a 'java/lang/NoSuchMethodError': Method sun.misc.Unsafe.prefetchRead(Ljava/lang/Object;J)V name or signature does not match> (0x00000000eab07fa8) thrown at [C:\re\workspace\8-2-build-windows-amd64-cygwin\jdk8u101\7261\hotspot\src\share\vm\prims\^ÇíÙ2U˘?
Event: 1.583 Thread 0x0000000017404000 Implicit null exception at 0x00000000033fd622 to 0x00000000033fd721
Event: 1.830 Thread 0x0000000017405000 Implicit null exception at 0x0000000003449b82 to 0x000000000344bbe1
Event: 2.957 Thread 0x0000000017403800 Implicit null exception at 0x000000000364c198 to 0x000000000364c305
Event: 2.958 Thread 0x0000000017403800 Implicit null exception at 0x00000000037b7ac6 to 0x00000000037b8a91
Event: 4.734 Thread 0x0000000017ca9800 Exception <a 'java/lang/ArrayIndexOutOfBoundsException': 18> (0x00000000edd07608) thrown at [C:\re\workspace\8-2-build-windows-amd64-cygwin\jdk8u101\7261\hotspot\src\share\vm\interpreter\interpreterRuntime.cpp, line 366]
Event: 4.735 Thread 0x0000000017ca9800 Exception <a 'java/lang/ArrayIndexOutOfBoundsException'> (0x00000000edd09188) thrown at [C:\re\workspace\8-2-build-windows-amd64-cygwin\jdk8u101\7261\hotspot\src\share\vm\runtime\sharedRuntime.cpp, line 605]
Event: 4.737 Thread 0x0000000017ca9800 Exception <a 'java/lang/ArrayIndexOutOfBoundsException'> (0x00000000edd0a470) thrown at [C:\re\workspace\8-2-build-windows-amd64-cygwin\jdk8u101\7261\hotspot\src\share\vm\runtime\sharedRuntime.cpp, line 605]
Event: 20.248 Thread 0x0000000017403800 Implicit null exception at 0x0000000003b6d8d8 to 0x0000000003b74dbd

Events (10 events):
Event: 35.294 Thread 0x00000000157ea800 flushing nmethod 0x0000000003b15d10
Event: 35.294 Thread 0x00000000157ea800 flushing nmethod 0x0000000003b6aad0
Event: 35.406 loading class com/android/dx/ssa/Dominators$1
Event: 35.406 loading class com/android/dx/ssa/Dominators$1 done
Event: 35.464 Thread 0x0000000017405000 Uncommon trap: trap_request=0xffffffde fr.pc=0x0000000003ab3d60
Event: 35.464 Thread 0x0000000017405000 DEOPT PACKING pc=0x0000000003ab3d60 sp=0x00000000193debc0
Event: 35.464 Thread 0x0000000017405000 DEOPT UNPACKING pc=0x000000000315582a sp=0x00000000193deb78 mode 2
Event: 35.509 Thread 0x0000000017404000 Uncommon trap: trap_request=0xffffff65 fr.pc=0x00000000033f1400
Event: 35.509 Thread 0x0000000017404000 DEOPT PACKING pc=0x00000000033f1400 sp=0x00000000192ded80
Event: 35.509 Thread 0x0000000017404000 DEOPT UNPACKING pc=0x000000000315582a sp=0x00000000192ded30 mode 2


Dynamic libraries:
0x00007ff791a50000 - 0x00007ff791a87000 	C:\Program Files\Java\jdk1.8.0_101\bin\java.exe
0x00007ffb17650000 - 0x00007ffb17812000 	C:\Windows\SYSTEM32\ntdll.dll
0x00007ffb175a0000 - 0x00007ffb1764d000 	C:\Windows\system32\KERNEL32.DLL
0x00007ffb14b30000 - 0x00007ffb14d0d000 	C:\Windows\system32\KERNELBASE.dll
0x00007ffb158f0000 - 0x00007ffb15996000 	C:\Windows\system32\ADVAPI32.dll
0x00007ffb15850000 - 0x00007ffb158ed000 	C:\Windows\system32\msvcrt.dll
0x00007ffb17280000 - 0x00007ffb172db000 	C:\Windows\system32\sechost.dll
0x00007ffb151e0000 - 0x00007ffb15306000 	C:\Windows\system32\RPCRT4.dll
0x00007ffb17440000 - 0x00007ffb1758e000 	C:\Windows\system32\USER32.dll
0x00007ffb15370000 - 0x00007ffb154f5000 	C:\Windows\system32\GDI32.dll
0x00007ffb0d8a0000 - 0x00007ffb0db14000 	C:\Windows\WinSxS\amd64_microsoft.windows.common-controls_6595b64144ccf1df_6.0.10240.17184_none_f41d7a705752bce6\COMCTL32.dll
0x00007ffb151a0000 - 0x00007ffb151d6000 	C:\Windows\system32\IMM32.DLL
0x00007ffb172e0000 - 0x00007ffb1743c000 	C:\Windows\system32\MSCTF.dll
0x000000005a9d0000 - 0x000000005aaa2000 	C:\Program Files\Java\jdk1.8.0_101\jre\bin\msvcr100.dll
0x000000005a130000 - 0x000000005a9ca000 	C:\Program Files\Java\jdk1.8.0_101\jre\bin\server\jvm.dll
0x00007ffb15080000 - 0x00007ffb15088000 	C:\Windows\system32\PSAPI.DLL
0x00007ffb11f70000 - 0x00007ffb11f93000 	C:\Windows\SYSTEM32\WINMM.dll
0x00007ffb067f0000 - 0x00007ffb067f9000 	C:\Windows\SYSTEM32\WSOCK32.dll
0x00007ffb10670000 - 0x00007ffb1067a000 	C:\Windows\SYSTEM32\VERSION.dll
0x00000000016b0000 - 0x00000000016dc000 	C:\Windows\SYSTEM32\WINMMBASE.dll
0x00007ffb143f0000 - 0x00007ffb14434000 	C:\Windows\system32\cfgmgr32.dll
0x00007ffb157e0000 - 0x00007ffb15849000 	C:\Windows\system32\WS2_32.dll
0x00007ffb15090000 - 0x00007ffb15098000 	C:\Windows\system32\NSI.dll
0x00007ffb12950000 - 0x00007ffb12977000 	C:\Windows\SYSTEM32\DEVOBJ.dll
0x000000005a120000 - 0x000000005a12f000 	C:\Program Files\Java\jdk1.8.0_101\jre\bin\verify.dll
0x000000005a0f0000 - 0x000000005a119000 	C:\Program Files\Java\jdk1.8.0_101\jre\bin\java.dll
0x000000005a0d0000 - 0x000000005a0e6000 	C:\Program Files\Java\jdk1.8.0_101\jre\bin\zip.dll
0x00007ffb15b80000 - 0x00007ffb170a3000 	C:\Windows\system32\SHELL32.dll
0x00007ffb14440000 - 0x00007ffb14a69000 	C:\Windows\system32\windows.storage.dll
0x00007ffb15560000 - 0x00007ffb157dc000 	C:\Windows\system32\combase.dll
0x00007ffb15b20000 - 0x00007ffb15b71000 	C:\Windows\system32\shlwapi.dll
0x00007ffb14070000 - 0x00007ffb1407f000 	C:\Windows\system32\kernel.appcore.dll
0x00007ffb14a70000 - 0x00007ffb14b23000 	C:\Windows\system32\shcore.dll
0x00007ffb14080000 - 0x00007ffb140ca000 	C:\Windows\system32\powrprof.dll
0x00007ffb140f0000 - 0x00007ffb14103000 	C:\Windows\system32\profapi.dll

VM Arguments:
jvm_args: -Djava.awt.headless=true -Xmx1024M -Dfile.encoding=windows-1252 -Duser.country=US -Duser.language=en -Duser.variant 
java_command: com.android.dx.command.Main --dex --num-threads=4 --multi-dex --main-dex-list E:\desktop\AndoidStudio\Negosio\app\build\intermediates\multi-dex\debug\maindexlist.txt --output E:\desktop\AndoidStudio\Negosio\app\build\intermediates\transforms\dex\debug\folders\1000\1f\main E:\desktop\AndoidStudio\Negosio\app\build\intermediates\transforms\jarMerging\debug\jars\1\1f\combined.jar
java_class_path (initial): E:\MasterApp\Android\sdk\build-tools\24.0.3\lib\dx.jar
Launcher Type: SUN_STANDARD

Environment Variables:
JAVA_HOME=C:\Program Files\Java\jdk1.8.0_101
PATH=D:\app\widdyjp\product\12.1.0\dbhome_1\bin;C:\Program Files (x86)\Common Files\Intel\Shared Files\cpp\bin\Intel64;C:\Windows\system32;C:\Windows;C:\Windows\System32\Wbem;C:\Windows\System32\WindowsPowerShell\v1.0\;C:\Program Files\Java\jdk1.8.0_101\bin;C:\Program Files\Git\cmd;C:\Program Files (x86)\NVIDIA Corporation\PhysX\Common;C:\Windows\system32\config\systemprofile\.dnx\bin;C:\Program Files\Microsoft DNX\Dnvm\;C:\Program Files (x86)\Windows Kits\8.1\Windows Performance Toolkit\;C:\Program Files\Microsoft SQL Server\120\Tools\Binn\;C:\Program Files\Microsoft SQL Server\130\Tools\Binn\;E:\MasterApp\Android\sdk\platform-tools\
USERNAME=LittleFireflies
OS=Windows_NT
PROCESSOR_IDENTIFIER=Intel64 Family 6 Model 58 Stepping 9, GenuineIntel



---------------  S Y S T E M  ---------------

OS: Windows 10.0 , 64 bit Build 10240 (10.0.10240.17113)

CPU:total 4 (2 cores per cpu, 2 threads per core) family 6 model 58 stepping 9, cmov, cx8, fxsr, mmx, sse, sse2, sse3, ssse3, sse4.1, sse4.2, popcnt, avx, clmul, erms, ht, tsc, tscinvbit, tscinv

Memory: 4k page, physical 8271628k(893464k free), swap 12808380k(5176k free)

vm_info: Java HotSpot(TM) 64-Bit Server VM (25.101-b13) for windows-amd64 JRE (1.8.0_101-b13), built on Jun 22 2016 01:21:29 by "java_re" with MS VC++ 10.0 (VS2010)

time: Wed Jan 25 21:59:30 2017
elapsed time: 35 seconds (0d 0h 0m 35s)

